2023-09-20 22:46:25: INFO: Info
2023-09-20 22:46:25: INFO: <class 'pandas.core.frame.DataFrame'>
RangeIndex: 5960 entries, 0 to 5959
Data columns (total 14 columns):
 #   Column           Non-Null Count  Dtype  
---  ------           --------------  -----  
 0   TARGET_BAD_FLAG  5960 non-null   int64  
 1   TARGET_LOSS_AMT  1189 non-null   float64
 2   LOAN             5960 non-null   int64  
 3   MORTDUE          5442 non-null   float64
 4   VALUE            5848 non-null   float64
 5   REASON           5708 non-null   object 
 6   JOB              5681 non-null   object 
 7   YOJ              5445 non-null   float64
 8   DEROG            5252 non-null   float64
 9   DELINQ           5380 non-null   float64
 10  CLAGE            5652 non-null   float64
 11  NINQ             5450 non-null   float64
 12  CLNO             5738 non-null   float64
 13  DEBTINC          4693 non-null   float64
dtypes: float64(10), int64(2), object(2)
memory usage: 652.0+ KB

2023-09-20 22:46:25: INFO: Describe
2023-09-20 22:46:25: INFO: 
                  count           mean           std          min           25%           50%            75%            max
TARGET_BAD_FLAG  5960.0       0.199497      0.399656     0.000000      0.000000      0.000000       0.000000       1.000000
TARGET_LOSS_AMT  1189.0   13414.576955  10839.455965   224.000000   5639.000000  11003.000000   17634.000000   78987.000000
LOAN             5960.0   18607.969799  11207.480417  1100.000000  11100.000000  16300.000000   23300.000000   89900.000000
MORTDUE          5442.0   73760.817200  44457.609458  2063.000000  46276.000000  65019.000000   91488.000000  399550.000000
VALUE            5848.0  101776.048741  57385.775334  8000.000000  66075.500000  89235.500000  119824.250000  855909.000000
YOJ              5445.0       8.922268      7.573982     0.000000      3.000000      7.000000      13.000000      41.000000
DEROG            5252.0       0.254570      0.846047     0.000000      0.000000      0.000000       0.000000      10.000000
DELINQ           5380.0       0.449442      1.127266     0.000000      0.000000      0.000000       0.000000      15.000000
CLAGE            5652.0     179.766275     85.810092     0.000000    115.116702    173.466667     231.562278    1168.233561
NINQ             5450.0       1.186055      1.728675     0.000000      0.000000      1.000000       2.000000      17.000000
CLNO             5738.0      21.296096     10.138933     0.000000     15.000000     20.000000      26.000000      71.000000
DEBTINC          4693.0      33.779915      8.601746     0.524499     29.140031     34.818262      39.003141     203.312149
2023-09-20 22:46:25: INFO: Value Counts
2023-09-20 22:46:25: INFO: 
REASON
DebtCon    3928
HomeImp    1780
NaN         252
2023-09-20 22:46:25: INFO: 
JOB
Other      2388
ProfExe    1276
Office      948
Mgr         767
NaN         279
Self        193
Sales       109
2023-09-20 22:46:25: INFO: Kurtosis
2023-09-20 22:46:25: INFO: 
TARGET_BAD_FLAG     0.263057
TARGET_LOSS_AMT     4.819839
LOAN                6.932590
MORTDUE             6.481866
VALUE              24.362805
YOJ                 0.372072
DEROG              36.872763
DELINQ             23.565449
CLAGE               7.599549
NINQ                9.786507
CLNO                1.157673
DEBTINC            50.504042
dtype: float64
2023-09-20 22:46:25: INFO: Skewness
2023-09-20 22:46:25: INFO: 
TARGET_BAD_FLAG    1.504317
TARGET_LOSS_AMT    1.813166
LOAN               2.023781
MORTDUE            1.814481
VALUE              3.053344
YOJ                0.988460
DEROG              5.320870
DELINQ             4.023150
CLAGE              1.343412
NINQ               2.621984
CLNO               0.775052
DEBTINC            2.852353
dtype: float64
2023-09-20 22:46:25: INFO: Describe grouped by each category
2023-09-20 22:46:25: INFO: REASON: TARGET_BAD_FLAG
2023-09-20 22:46:25: INFO: 
REASON      DebtCon      HomeImp         NaN
count   3928.000000  1780.000000  252.000000
mean       0.189664     0.222472    0.190476
std        0.392085     0.416023    0.393458
min        0.000000     0.000000    0.000000
25%        0.000000     0.000000    0.000000
50%        0.000000     0.000000    0.000000
75%        0.000000     0.000000    0.000000
max        1.000000     1.000000    1.000000
2023-09-20 22:46:25: INFO: REASON: TARGET_LOSS_AMT
2023-09-20 22:46:25: INFO: 
REASON       DebtCon       HomeImp           NaN
count     745.000000    396.000000     48.000000
mean    16005.163758   8388.090909  14675.020833
std     10871.771282   8966.975722  10109.408848
min       921.000000    320.000000    224.000000
25%      8427.000000   3076.500000   7330.750000
50%     13630.000000   5784.500000  13500.000000
75%     20640.000000  10377.250000  19248.750000
max     73946.000000  78987.000000  52567.000000
2023-09-20 22:46:25: INFO: REASON: LOAN
2023-09-20 22:46:25: INFO: 
REASON       DebtCon       HomeImp           NaN
count    3928.000000   1780.000000    252.000000
mean    19952.953157  16006.629213  16017.857143
std     10492.829299  12563.571048   7598.083645
min      2900.000000   1100.000000   1500.000000
25%     12900.000000   8300.000000  11100.000000
50%     18000.000000  12600.000000  15300.000000
75%     25000.000000  19500.000000  20525.000000
max     89900.000000  82200.000000  61400.000000
2023-09-20 22:46:25: INFO: REASON: MORTDUE
2023-09-20 22:46:25: INFO: 
REASON        DebtCon        HomeImp            NaN
count     3741.000000    1532.000000     169.000000
mean     74736.549693   72029.326495   67858.027278
std      42420.556793   49307.641322   41375.310193
min       2619.000000    2063.000000    5768.000000
25%      47485.000000   42132.500000   34655.000000
50%      66400.000000   63134.500000   63150.000000
75%      93413.000000   87984.250000   87917.000000
max     399412.000000  399550.000000  256431.000000
2023-09-20 22:46:25: INFO: REASON: VALUE
2023-09-20 22:46:25: INFO: 
REASON        DebtCon        HomeImp            NaN
count     3868.000000    1748.000000     232.000000
mean    102172.956197  101675.094662   95919.280172
std      51691.668573   69442.601785   46013.395106
min       8000.000000    8800.000000   25850.000000
25%      67966.250000   63607.750000   62805.000000
50%      90467.500000   87178.000000   79722.000000
75%     121818.500000  115191.000000  122306.500000
max     512650.000000  855909.000000  215000.000000
2023-09-20 22:46:25: INFO: REASON: YOJ
2023-09-20 22:46:25: INFO: 
REASON      DebtCon      HomeImp         NaN
count   3662.000000  1635.000000  148.000000
mean       8.632223     9.475321    9.989189
std        7.437036     7.664882    9.343506
min        0.000000     0.000000    0.000000
25%        3.000000     4.000000    2.000000
50%        7.000000     8.000000    9.000000
75%       13.000000    13.000000   14.000000
max       41.000000    31.000000   33.000000
2023-09-20 22:46:25: INFO: REASON: DEROG
2023-09-20 22:46:25: INFO: 
REASON      DebtCon      HomeImp         NaN
count   3481.000000  1613.000000  158.000000
mean       0.255674     0.236206    0.417722
std        0.828454     0.833914    1.247751
min        0.000000     0.000000    0.000000
25%        0.000000     0.000000    0.000000
50%        0.000000     0.000000    0.000000
75%        0.000000     0.000000    0.000000
max       10.000000    10.000000    9.000000
2023-09-20 22:46:25: INFO: REASON: DELINQ
2023-09-20 22:46:25: INFO: 
REASON      DebtCon      HomeImp         NaN
count   3594.000000  1630.000000  156.000000
mean       0.435448     0.450307    0.762821
std        1.116823     1.105118    1.498869
min        0.000000     0.000000    0.000000
25%        0.000000     0.000000    0.000000
50%        0.000000     0.000000    0.000000
75%        0.000000     0.000000    1.000000
max       13.000000    15.000000    6.000000
2023-09-20 22:46:25: INFO: REASON: CLAGE
2023-09-20 22:46:25: INFO: 
REASON      DebtCon      HomeImp         NaN
count   3805.000000  1701.000000  146.000000
mean     175.618944   186.414088  210.400973
std       78.903439    98.880496   84.221081
min        0.000000     0.000000   34.666667
25%      113.228403   118.179939  134.004931
50%      172.500000   171.953411  212.196307
75%      225.565700   242.389016  258.886199
max     1168.233561   649.747104  379.349955
2023-09-20 22:46:25: INFO: REASON: NINQ
2023-09-20 22:46:25: INFO: 
REASON      DebtCon      HomeImp         NaN
count   3673.000000  1623.000000  154.000000
mean       1.340321     0.863832    0.902597
std        1.813214     1.468726    1.702630
min        0.000000     0.000000    0.000000
25%        0.000000     0.000000    0.000000
50%        1.000000     0.000000    0.000000
75%        2.000000     1.000000    1.000000
max       17.000000    14.000000   10.000000
2023-09-20 22:46:25: INFO: REASON: CLNO
2023-09-20 22:46:25: INFO: 
REASON      DebtCon      HomeImp         NaN
count   3854.000000  1717.000000  167.000000
mean      22.147898    19.601631   19.059880
std        9.775626    10.640160   10.617501
min        0.000000     0.000000    0.000000
25%       16.000000    12.000000   15.000000
50%       21.000000    18.000000   17.000000
75%       27.000000    24.000000   25.000000
max       71.000000    57.000000   65.000000
2023-09-20 22:46:25: INFO: REASON: DEBTINC
2023-09-20 22:46:25: INFO: 
REASON      DebtCon      HomeImp         NaN
count   3128.000000  1369.000000  196.000000
mean      34.308796    33.280063   28.830722
std        8.134581     8.464162   13.628600
min        0.838118     0.524499    0.720295
25%       29.778658    28.285532   23.318025
50%       35.327374    34.234790   30.911291
75%       39.301259    38.680520   36.078295
max      203.312149   143.949605  133.528270
2023-09-20 22:46:25: INFO: JOB: TARGET_BAD_FLAG
2023-09-20 22:46:25: INFO: 
JOB           Mgr      Office        Other      ProfExe       Sales        Self         NaN
count  767.000000  948.000000  2388.000000  1276.000000  109.000000  193.000000  279.000000
mean     0.233377    0.131857     0.231993     0.166144    0.348624    0.300518    0.082437
std      0.423256    0.338513     0.422193     0.372356    0.478736    0.459676    0.275524
min      0.000000    0.000000     0.000000     0.000000    0.000000    0.000000    0.000000
25%      0.000000    0.000000     0.000000     0.000000    0.000000    0.000000    0.000000
50%      0.000000    0.000000     0.000000     0.000000    0.000000    0.000000    0.000000
75%      0.000000    0.000000     0.000000     0.000000    1.000000    1.000000    0.000000
max      1.000000    1.000000     1.000000     1.000000    1.000000    1.000000    1.000000
2023-09-20 22:46:25: INFO: JOB: TARGET_LOSS_AMT
2023-09-20 22:46:25: INFO: 
JOB             Mgr        Office         Other       ProfExe         Sales          Self           NaN
count    179.000000    125.000000    554.000000    212.000000     38.000000     58.000000     23.000000
mean   14141.536313  13475.304000  11570.102888  14660.966981  16421.447368  22232.362069  13162.173913
std     9702.408536  10108.274245  10042.630909  11551.636092   9347.515686  15633.516361   9293.061833
min      320.000000    714.000000    320.000000    589.000000   1523.000000   2736.000000    224.000000
25%     6836.500000   5957.000000   4572.500000   6905.250000   7563.750000   9350.750000   5312.000000
50%    12779.000000  10208.000000   9332.000000  12438.500000  15614.000000  18484.500000  14160.000000
75%    18381.500000  17562.000000  14746.500000  18935.500000  24420.250000  28856.250000  15872.500000
max    50909.000000  51196.000000  73946.000000  63512.000000  35718.000000  78987.000000  33085.000000
2023-09-20 22:46:25: INFO: JOB: LOAN
2023-09-20 22:46:25: INFO: 
JOB             Mgr        Office         Other       ProfExe         Sales          Self           NaN
count    767.000000    948.000000   2388.000000   1276.000000    109.000000    193.000000    279.000000
mean   19155.280313  18142.616034  18061.683417  18983.463950  14913.761468  28314.507772  16371.684588
std     9385.692414  10868.209179  11090.785512   9559.918824   8152.475969  18069.478090  15496.544789
min     2000.000000   1700.000000   1100.000000   2400.000000   2000.000000   2500.000000   1500.000000
25%    11800.000000  11000.000000  10600.000000  12500.000000   7700.000000  15000.000000   8000.000000
50%    18100.000000  16200.000000  15650.000000  17300.000000  14300.000000  24000.000000  13400.000000
75%    24900.000000  21500.000000  23300.000000  23300.000000  21000.000000  43200.000000  18500.000000
max    53600.000000  67400.000000  89900.000000  65500.000000  40000.000000  77400.000000  82200.000000
2023-09-20 22:46:25: INFO: JOB: MORTDUE
2023-09-20 22:46:25: INFO: 
JOB              Mgr         Office          Other        ProfExe          Sales           Self            NaN
count     739.000000     884.000000    2101.000000    1258.000000      99.000000     180.000000     181.000000
mean    82295.007659   66757.144265   59337.147858   94959.637806   82266.181818   99776.188889   62687.309392
std     44594.553315   31190.729815   32839.496589   54980.242003   42415.646111   65647.207495   30223.870192
min      4742.000000    5118.000000    2063.000000    3372.000000    2619.000000    6000.000000    5768.000000
25%     52637.500000   48002.250000   37726.000000   59834.750000   63994.000000   43335.500000   44573.000000
50%     76600.000000   62970.500000   54834.000000   82802.500000   71800.000000   88465.000000   58936.000000
75%    103000.000000   84523.750000   74187.000000  122546.750000  106391.500000  147830.250000   83004.000000
max    399550.000000  173975.000000  256431.000000  399412.000000  179725.000000  242111.000000  170636.000000
2023-09-20 22:46:25: INFO: JOB: VALUE
2023-09-20 22:46:25: INFO: 
JOB              Mgr         Office          Other        ProfExe          Sales           Self            NaN
count     749.000000     934.000000    2348.000000    1259.000000     108.000000     188.000000     262.000000
mean   108628.262697   94081.816756   84787.503377  131118.204130  108449.592593  149734.106383   83701.917939
std     48579.202335   37337.913005   51860.199756   68213.729069   56816.257705   74211.770123   32340.930352
min     13770.000000   21500.000000    8000.000000   12500.000000   34000.000000   25010.000000   20200.000000
25%     72370.000000   67449.000000   57442.000000   87991.000000   73468.500000   97485.500000   60936.000000
50%    101258.000000   89094.500000   76599.500000  110007.000000   84473.500000  130631.000000   78227.000000
75%    137426.000000  114513.500000   98900.000000  163132.500000  126000.000000  201070.250000  104302.750000
max    299772.000000  244322.000000  855909.000000  512650.000000  251962.000000  305514.000000  188899.000000
2023-09-20 22:46:25: INFO: JOB: YOJ
2023-09-20 22:46:25: INFO: 
JOB           Mgr      Office        Other      ProfExe      Sales        Self         NaN
count  733.000000  913.000000  2080.000000  1258.000000  99.000000  183.000000  179.000000
mean     9.319372    8.350438     9.459062     8.752345   6.802020    7.069399    8.236313
std      7.307376    8.051832     8.206739     6.373270   6.979503    4.828321    8.134651
min      0.000000    0.000000     0.000000     0.000000   0.000000    0.000000    0.000000
25%      3.900000    2.000000     3.000000     4.000000   2.000000    3.000000    3.000000
50%      8.000000    6.000000     8.000000     8.000000   4.000000    6.000000    5.000000
75%     13.000000   12.000000    15.000000    13.000000  10.000000   10.000000   10.000000
max     41.000000   41.000000    36.000000    31.000000  30.000000   26.000000   28.000000
2023-09-20 22:46:25: INFO: JOB: DEROG
2023-09-20 22:46:25: INFO: 
JOB           Mgr      Office        Other      ProfExe      Sales        Self         NaN
count  658.000000  839.000000  2142.000000  1192.000000  99.000000  187.000000  135.000000
mean     0.337386    0.151371     0.296919     0.184564   0.444444    0.235294    0.325926
std      1.024138    0.552469     0.936359     0.711779   0.971242    0.594089    1.049731
min      0.000000    0.000000     0.000000     0.000000   0.000000    0.000000    0.000000
25%      0.000000    0.000000     0.000000     0.000000   0.000000    0.000000    0.000000
50%      0.000000    0.000000     0.000000     0.000000   0.000000    0.000000    0.000000
75%      0.000000    0.000000     0.000000     0.000000   0.000000    0.000000    0.000000
max      9.000000    5.000000    10.000000     7.000000   4.000000    4.000000    7.000000
2023-09-20 22:46:25: INFO: JOB: DELINQ
2023-09-20 22:46:25: INFO: 
JOB           Mgr      Office        Other      ProfExe       Sales        Self         NaN
count  696.000000  876.000000  2154.000000  1224.000000  105.000000  178.000000  147.000000
mean     0.630747    0.453196     0.420613     0.416667    0.285714    0.578652    0.224490
std      1.307478    1.143969     1.050717     1.087918    0.873920    1.669600    0.670268
min      0.000000    0.000000     0.000000     0.000000    0.000000    0.000000    0.000000
25%      0.000000    0.000000     0.000000     0.000000    0.000000    0.000000    0.000000
50%      0.000000    0.000000     0.000000     0.000000    0.000000    0.000000    0.000000
75%      1.000000    0.000000     0.000000     0.000000    0.000000    0.000000    0.000000
max     11.000000   13.000000    11.000000     8.000000    7.000000   15.000000    5.000000
2023-09-20 22:46:25: INFO: JOB: CLAGE
2023-09-20 22:46:25: INFO: 
JOB           Mgr      Office        Other      ProfExe       Sales        Self         NaN
count  747.000000  938.000000  2301.000000  1243.000000  109.000000  189.000000  125.000000
mean   174.483868  179.489207   173.520162   197.914313  195.304893  174.536225  142.285581
std     77.363498   75.058355    88.803901    91.863935  101.072558   77.116226   49.096677
min      2.033333   20.233333     0.000000     9.100000    9.048515    0.000000   54.136477
25%    114.115911  120.421847   102.620836   134.123239  126.400984  138.011008  107.533333
50%    171.214416  171.135632   159.801493   185.170637  147.355313  179.896560  138.000000
75%    231.360225  219.330001   235.352057   239.445225  298.333333  218.100000  179.566667
max    355.806031  405.430429  1168.233561   649.747104  412.020547  354.239763  320.633333
2023-09-20 22:46:25: INFO: JOB: NINQ
2023-09-20 22:46:25: INFO: 
JOB           Mgr      Office        Other      ProfExe       Sales        Self         NaN
count  713.000000  901.000000  2204.000000  1224.000000  108.000000  165.000000  135.000000
mean     1.509116    0.931188     1.323049     0.982843    0.750000    1.357576    0.925926
std      2.148357    1.309679     1.903957     1.343845    1.479612    1.460669    1.760383
min      0.000000    0.000000     0.000000     0.000000    0.000000    0.000000    0.000000
25%      0.000000    0.000000     0.000000     0.000000    0.000000    0.000000    0.000000
50%      1.000000    1.000000     1.000000     1.000000    0.000000    1.000000    0.000000
75%      2.000000    1.000000     2.000000     1.000000    1.000000    2.000000    1.000000
max     11.000000   13.000000    17.000000     9.000000    7.000000    8.000000   10.000000
2023-09-20 22:46:25: INFO: JOB: CLNO
2023-09-20 22:46:25: INFO: 
JOB           Mgr      Office        Other      ProfExe       Sales        Self         NaN
count  752.000000  941.000000  2347.000000  1252.000000  109.000000  190.000000  147.000000
mean    22.885638   21.191286    19.256072    24.503195   24.880734   23.026316   14.197279
std      9.359812    9.892592     9.988593     9.304211   10.132205   13.373524    8.594072
min      0.000000    0.000000     0.000000     0.000000    5.000000    2.000000    0.000000
25%     17.000000   15.000000    13.000000    18.000000   20.000000   12.000000   10.000000
50%     23.000000   20.000000    18.000000    24.000000   23.000000   22.000000   15.000000
75%     27.000000   25.000000    24.000000    31.000000   31.000000   27.000000   17.000000
max     65.000000   56.000000    65.000000    71.000000   55.000000   64.000000   34.000000
2023-09-20 22:46:25: INFO: JOB: DEBTINC
2023-09-20 22:46:25: INFO: 
JOB           Mgr      Office        Other      ProfExe       Sales        Self         NaN
count  586.000000  789.000000  1839.000000  1024.000000   79.000000  142.000000  234.000000
mean    35.277869   34.330619    34.241852    32.540668   37.534481   35.568006   27.611806
std      6.622675    7.340354     7.547649     8.445066   20.143720   15.375748    9.806384
min      0.524499   12.153521     1.028931     5.762995   21.945849    3.016141    0.720295
25%     30.963902   30.999236    29.742754    27.107976   31.865983   26.889053   23.544869
50%     35.661118   36.158718    35.247328    33.378041   35.764058   34.830194   30.311902
75%     39.654203   39.389909    39.366478    37.995630   40.311828   40.140774   34.411741
max     72.264093   67.324904   133.528270   144.189001  203.312149  143.949605   44.751572
2023-09-20 22:46:25: INFO: Describe grouped by both categories
2023-09-20 22:46:25: INFO: ['REASON', 'JOB']: TARGET_BAD_FLAG
2023-09-20 22:46:25: INFO: 
REASON     DebtCon                                                                            HomeImp                                                                              NaN                                              
JOB            Mgr      Office        Other     ProfExe      Sales       Self         NaN         Mgr      Office       Other     ProfExe      Sales        Self        NaN        Mgr Office      Other    ProfExe Self         NaN
count   572.000000  620.000000  1604.000000  847.000000  97.000000  73.000000  115.000000  174.000000  301.000000  716.000000  405.000000  12.000000  115.000000  57.000000  21.000000   27.0  68.000000  24.000000  5.0  107.000000
mean      0.202797    0.148387     0.207606    0.152302   0.350515   0.438356    0.078261    0.321839    0.109635    0.286313    0.180247   0.333333    0.182609   0.070175   0.333333    0.0   0.235294   0.416667  1.0    0.093458
std       0.402435    0.355770     0.405720    0.359526   0.479610   0.499619    0.269757    0.468530    0.312954    0.452353    0.384868   0.492366    0.388036   0.257713   0.483046    0.0   0.427336   0.503610  0.0    0.292443
min       0.000000    0.000000     0.000000    0.000000   0.000000   0.000000    0.000000    0.000000    0.000000    0.000000    0.000000   0.000000    0.000000   0.000000   0.000000    0.0   0.000000   0.000000  1.0    0.000000
25%       0.000000    0.000000     0.000000    0.000000   0.000000   0.000000    0.000000    0.000000    0.000000    0.000000    0.000000   0.000000    0.000000   0.000000   0.000000    0.0   0.000000   0.000000  1.0    0.000000
50%       0.000000    0.000000     0.000000    0.000000   0.000000   0.000000    0.000000    0.000000    0.000000    0.000000    0.000000   0.000000    0.000000   0.000000   0.000000    0.0   0.000000   0.000000  1.0    0.000000
75%       0.000000    0.000000     0.000000    0.000000   1.000000   1.000000    0.000000    1.000000    0.000000    1.000000    0.000000   1.000000    0.000000   0.000000   1.000000    0.0   0.000000   1.000000  1.0    0.000000
max       1.000000    1.000000     1.000000    1.000000   1.000000   1.000000    1.000000    1.000000    1.000000    1.000000    1.000000   1.000000    1.000000   1.000000   1.000000    0.0   1.000000   1.000000  1.0    1.000000
2023-09-20 22:46:25: INFO: ['REASON', 'JOB']: TARGET_LOSS_AMT
2023-09-20 22:46:25: INFO: 
REASON       DebtCon                                                                                           HomeImp                                                                                              NaN                                                              
JOB              Mgr        Office         Other       ProfExe         Sales          Self           NaN           Mgr        Office         Other       ProfExe        Sales          Self           NaN           Mgr Office        Other       ProfExe          Self           NaN
count     116.000000     92.000000    333.000000    129.000000     34.000000     32.000000      9.000000     56.000000     33.000000    205.000000     73.000000     4.000000     21.000000      4.000000      7.000000    0.0     16.00000     10.000000      5.000000     10.000000
mean    16366.310345  15810.641304  14492.177177  18116.387597  17861.470588  20467.875000  16178.333333   9480.178571   6964.666667   6431.575610   9011.287671  4181.250000  24257.523810  14632.500000  14564.714286    NaN  16591.81250  11328.700000  25019.400000   9859.500000
std      9713.716844  10402.679977  10741.142709  12277.466509   8781.517309  12243.442697   6506.019597   8486.161465   5367.068932   5733.935167   7899.061165  2471.362967  20865.755406  12785.906577   5039.031247    NaN  11838.11123   6564.633984   9381.390371   9839.142174
min      1575.000000   2096.000000    921.000000   1390.000000   4659.000000   5407.000000  11134.000000    320.000000    714.000000    320.000000    589.000000  1523.000000   2736.000000   1916.000000   6028.000000    NaN   6491.00000   2251.000000  13937.000000    224.000000
25%      9028.750000   8869.250000   7448.000000  10978.000000  10947.500000   9954.250000  13772.000000   3959.250000   5003.000000   2398.000000   3942.000000  2993.000000   7178.000000   7838.750000  12390.500000    NaN   9519.75000   5973.250000  16342.000000   2189.000000
50%     14360.000000  13453.000000  12124.000000  15237.000000  16656.000000  19324.000000  14756.000000   6533.500000   5817.000000   4572.000000   6934.000000  3870.000000  17239.000000  12251.500000  14283.000000    NaN  11471.00000  10107.500000  28095.000000   5312.000000
75%     23047.750000  19710.000000  18511.000000  21815.000000  25400.250000  24757.750000  15439.000000  12815.750000   7796.000000   8836.000000  11418.000000  5058.250000  36119.000000  19045.250000  17846.500000    NaN  21964.75000  17784.250000  31736.000000  16336.250000
max     50909.000000  51196.000000  73946.000000  63512.000000  35718.000000  47382.000000  33085.000000  47425.000000  24454.000000  41254.000000  37760.000000  7462.000000  78987.000000  32111.000000  21168.000000    NaN  52567.00000  20441.000000  34987.000000  29559.000000
2023-09-20 22:46:25: INFO: ['REASON', 'JOB']: LOAN
2023-09-20 22:46:25: INFO: 
REASON       DebtCon                                                                                           HomeImp                                                                                              NaN                                                                      
JOB              Mgr        Office         Other       ProfExe         Sales          Self           NaN           Mgr        Office         Other       ProfExe        Sales          Self           NaN           Mgr        Office         Other       ProfExe          Self           NaN
count     572.000000    620.000000   1604.000000    847.000000     97.000000     73.000000    115.000000    174.000000    301.000000    716.000000    405.000000    12.000000    115.000000     57.000000     21.000000     27.000000     68.000000     24.000000      5.000000    107.000000
mean    20799.300699  19056.290323  20266.084788  20151.829988  16102.061856  29389.041096  12003.478261  14194.827586  16313.953488  13175.418994  16594.074074  5308.333333  27649.565217  30066.666667  15476.190476  17548.148148  17513.235294  18070.833333  27920.000000  13771.028037
std      9298.467919   8603.561410  11182.166953   9818.075352   7844.384661  20467.993725   4961.287510   7895.548371  14570.195766   9357.467186   8779.705697  1553.563840  16847.923366  28500.534665   7784.208679   5608.055358   9188.651411   3872.812613   2759.891302   6769.423617
min      2900.000000   3600.000000   3000.000000   2900.000000   4200.000000   5900.000000   4200.000000   2200.000000   1700.000000   1100.000000   2400.000000  2000.000000   2500.000000   2500.000000   2000.000000  10000.000000   6000.000000  10000.000000  25000.000000   1500.000000
25%     13300.000000  13175.000000  12900.000000  13600.000000   9100.000000  11800.000000   7750.000000   8325.000000   7500.000000   7800.000000  11000.000000  4825.000000  15400.000000   7400.000000   6000.000000  14500.000000  12000.000000  15225.000000  25900.000000   8550.000000
50%     19450.000000  17900.000000  18000.000000  18500.000000  15200.000000  23400.000000  11100.000000  13250.000000  12000.000000  10800.000000  14900.000000  5500.000000  24000.000000  21900.000000  20000.000000  15500.000000  16100.000000  18500.000000  27700.000000  13300.000000
75%     26875.000000  22300.000000  25000.000000  24650.000000  22300.000000  42900.000000  15300.000000  20000.000000  17300.000000  15325.000000  20300.000000  6225.000000  47050.000000  25700.000000  21700.000000  18550.000000  20125.000000  20925.000000  29000.000000  18300.000000
max     50200.000000  53700.000000  89900.000000  65500.000000  40000.000000  71200.000000  31500.000000  53600.000000  67400.000000  53900.000000  43200.000000  7500.000000  77400.000000  82200.000000  23100.000000  28600.000000  61400.000000  24200.000000  32000.000000  32900.000000
2023-09-20 22:46:25: INFO: ['REASON', 'JOB']: MORTDUE
2023-09-20 22:46:25: INFO: 
REASON        DebtCon                                                                                                  HomeImp                                                                                                      NaN                                                                          
JOB               Mgr         Office          Other        ProfExe          Sales           Self            NaN            Mgr         Office          Other        ProfExe          Sales           Self            NaN            Mgr         Office          Other        ProfExe           Self           NaN
count      561.000000     598.000000    1479.000000     832.000000      88.000000      71.000000     112.000000     157.000000     259.000000     564.000000     402.000000      11.000000     104.000000      35.000000      21.000000      27.000000      58.000000      24.000000       5.000000     34.000000
mean     83382.593583   69131.861204   61011.657904   94710.537692   82902.602273  107740.605634   66879.669643   76280.380000   63644.349537   53505.989362   96508.136816   77174.818182   95082.634615   62224.457143   98207.428571   44021.333333   73340.131207   77657.750000   84307.400000  49353.647059
std      43685.088220   28429.325566   33668.277040   52951.782289   44034.784281   47862.673231   27357.191101   48192.079913   35515.881535   28248.653211   59452.600798   27002.465002   76124.410830   38080.318062   35339.812584   34669.567586   42991.946757   43778.358713   39317.603002  26983.806987
min       4742.000000    7051.000000    4447.000000    6793.000000    2619.000000   21400.000000   16800.000000    5816.000000    5118.000000    2063.000000    3372.000000   37055.000000    6000.000000   13900.000000   16878.000000   15832.000000   11300.000000   21000.000000   58000.000000   5768.000000
25%      53596.000000   51574.750000   39062.000000   57969.000000   63191.000000   84530.500000   46823.250000   44553.000000   43416.500000   34975.000000   62541.000000   67865.000000   34804.500000   21367.500000   67913.000000   22837.500000   52587.500000   53798.500000   59841.000000  25522.500000
50%      76600.000000   63744.000000   54653.000000   83149.500000   74392.500000  101250.000000   59701.500000   74013.000000   62200.000000   53812.500000   82889.500000   70793.000000   78943.500000   85337.000000  111000.000000   25751.000000   67371.305000   62772.000000   61396.000000  47811.000000
75%     106000.000000   83618.750000   77281.500000  125187.500000  109222.000000  120581.500000   73292.250000   96170.000000   85108.500000   67079.500000  116859.750000   72122.000000  150695.500000   93638.000000  131098.000000   64824.500000   92983.250000   90890.500000   92400.000000  78186.250000
max     241931.000000  173975.000000  197852.000000  399412.000000  179725.000000  198702.000000  170636.000000  399550.000000  155478.000000  207687.000000  371003.000000  129319.000000  242111.000000  106308.000000  136086.000000  105293.000000  256431.000000  152994.000000  149900.000000  86623.000000
2023-09-20 22:46:25: INFO: ['REASON', 'JOB']: VALUE
2023-09-20 22:46:25: INFO: 
REASON        DebtCon                                                                                                  HomeImp                                                                                                      NaN                                                                           
JOB               Mgr         Office          Other        ProfExe          Sales           Self            NaN            Mgr         Office          Other        ProfExe          Sales           Self            NaN            Mgr         Office          Other        ProfExe           Self            NaN
count      560.000000     610.000000    1585.000000     836.000000      96.000000      68.000000     113.000000     168.000000     297.000000     702.000000     400.000000      12.000000     115.000000      54.000000      21.000000      27.000000      61.000000      23.000000       5.000000      95.000000
mean    108051.946429   97246.773787   86257.765022  129219.251196  111866.479167  150931.764706   85194.504425  106595.391429   90218.955690   78921.063205  137302.550000   81114.500000  149177.434783   84678.231481  140259.666667   65068.703704  114096.950820   92587.173913  146249.400000   81371.568421
std      44696.556576   35663.080615   42999.501261   64766.803277   58681.635806   72618.997619   26587.927060   58851.184316   39617.208206   66925.442149   75727.178405   27273.462588   76284.108184   40669.902707   49083.702835   32994.957387   52231.143601   21785.745890   56932.979298   33474.529685
min      33938.000000   29375.000000    8000.000000   12500.000000   34000.000000   28000.000000   50900.000000   13770.000000   21500.000000    8800.000000   35000.000000   62250.000000   25010.000000   20200.000000   25850.000000   35300.000000   39000.000000   45000.000000   95000.000000   26600.000000
25%      73468.500000   71619.750000   58756.000000   83000.000000   77652.500000  116875.500000   66319.000000   64816.000000   64890.000000   53368.500000   94784.250000   65268.500000   82343.500000   46594.500000   97191.000000   39922.000000   72101.000000   85836.500000  108620.000000   61890.500000
50%      99025.500000   90810.500000   77519.000000  113083.500000   87446.500000  125252.000000   80037.000000  102377.500000   80147.000000   73319.000000  107442.500000   70735.000000  167020.000000  100147.000000  168708.000000   44461.000000   95085.000000   90031.000000  111627.000000   72583.000000
75%     138145.250000  116171.250000  102438.000000  167241.750000  129735.000000  175153.500000   88242.000000  125342.500000  114245.000000   88753.250000  160371.000000   76044.500000  202574.000000  109309.250000  174787.000000   88678.500000  165302.000000  107219.000000  201000.000000   86193.500000
max     271676.000000  244322.000000  301984.000000  512650.000000  251962.000000  295551.000000  188899.000000  299772.000000  201245.000000  855909.000000  471827.000000  141875.000000  305514.000000  147991.000000  201500.000000  122169.000000  190000.000000  126763.000000  215000.000000  151738.000000
2023-09-20 22:46:25: INFO: ['REASON', 'JOB']: YOJ
2023-09-20 22:46:25: INFO: 
REASON     DebtCon                                                                            HomeImp                                                                              NaN                                                       
JOB            Mgr      Office        Other     ProfExe      Sales       Self         NaN         Mgr      Office       Other     ProfExe      Sales        Self        NaN        Mgr     Office      Other    ProfExe       Self        NaN
count   538.000000  611.000000  1415.000000  830.000000  87.000000  69.000000  112.000000  174.000000  275.000000  618.000000  404.000000  12.000000  109.000000  43.000000  21.000000  27.000000  47.000000  24.000000   5.000000  24.000000
mean      9.272491    7.217103     9.285053    8.689398   7.016092   6.582609    7.123214    8.923563   11.173818    9.383657    8.965223   5.250000    7.238532  13.804651  13.800000   5.240741  15.689362   7.345833  10.100000   3.454167
std       7.294090    7.326680     8.146617    6.495932   7.288712   4.906507    5.469028    6.687575    8.988255    8.056356    6.194237   3.957157    4.523906  11.661209  10.792358   6.225522   9.624837   4.865583   9.085703   5.620071
min       0.000000    0.000000     0.000000    0.000000   0.000000   1.000000    0.000000    0.000000    0.000000    0.000000    0.000000   1.000000    0.000000   0.000000   1.000000   0.000000   0.000000   0.900000   2.500000   0.000000
25%       4.000000    2.000000     2.000000    4.000000   1.500000   3.000000    3.375000    3.000000    2.550000    3.000000    5.000000   3.000000    4.000000   1.800000   3.000000   1.000000  10.500000   4.000000   3.000000   0.000000
50%       8.000000    5.000000     8.000000    8.000000   4.000000   5.000000    5.000000    8.000000   10.000000    7.000000    7.000000   4.000000    7.000000   8.000000  13.000000   2.000000  12.000000   6.500000   5.000000   0.950000
75%      14.000000   10.000000    15.000000   13.000000  11.000000  10.000000    8.625000   12.000000   20.000000   15.000000   12.000000   5.500000    9.000000  26.500000  25.000000   9.500000  24.500000   9.250000  20.000000   7.250000
max      41.000000   41.000000    36.000000   31.000000  30.000000  22.000000   19.000000   25.000000   31.000000   31.000000   29.900000  16.000000   26.000000  28.000000  26.000000  17.000000  33.000000  20.000000  20.000000  19.000000
2023-09-20 22:46:25: INFO: ['REASON', 'JOB']: DEROG
2023-09-20 22:46:25: INFO: 
REASON     DebtCon                                                                           HomeImp                                                                              NaN                                                      
JOB            Mgr      Office        Other     ProfExe      Sales       Self        NaN         Mgr      Office       Other     ProfExe      Sales        Self        NaN        Mgr     Office      Other    ProfExe      Self        NaN
count   496.000000  545.000000  1425.000000  776.000000  87.000000  70.000000  82.000000  150.000000  267.000000  649.000000  392.000000  12.000000  112.000000  31.000000  12.000000  27.000000  68.000000  24.000000  5.000000  22.000000
mean      0.336694    0.122936     0.300351    0.199742   0.333333   0.257143   0.317073    0.246667    0.213483    0.294299    0.135204   1.250000    0.187500   0.225806   1.500000   0.111111   0.250000   0.500000  1.000000   0.500000
std       1.001788    0.443008     0.935208    0.670137   0.948275   0.674284   0.887194    0.818713    0.737888    0.959672    0.714902   0.753778    0.414408   1.086575   2.611165   0.320256   0.720178   1.503619  1.732051   1.503963
min       0.000000    0.000000     0.000000    0.000000   0.000000   0.000000   0.000000    0.000000    0.000000    0.000000    0.000000   0.000000    0.000000   0.000000   0.000000   0.000000   0.000000   0.000000  0.000000   0.000000
25%       0.000000    0.000000     0.000000    0.000000   0.000000   0.000000   0.000000    0.000000    0.000000    0.000000    0.000000   1.000000    0.000000   0.000000   0.000000   0.000000   0.000000   0.000000  0.000000   0.000000
50%       0.000000    0.000000     0.000000    0.000000   0.000000   0.000000   0.000000    0.000000    0.000000    0.000000    0.000000   1.000000    0.000000   0.000000   0.000000   0.000000   0.000000   0.000000  0.000000   0.000000
75%       0.000000    0.000000     0.000000    0.000000   0.000000   0.000000   0.000000    0.000000    0.000000    0.000000    0.000000   2.000000    0.000000   0.000000   2.000000   0.000000   0.000000   0.000000  1.000000   0.000000
max       8.000000    3.000000    10.000000    7.000000   4.000000   3.000000   5.000000    5.000000    5.000000   10.000000    7.000000   2.000000    2.000000   6.000000   9.000000   1.000000   5.000000   7.000000  4.000000   7.000000
2023-09-20 22:46:25: INFO: ['REASON', 'JOB']: DELINQ
2023-09-20 22:46:25: INFO: 
REASON     DebtCon                                                                           HomeImp                                                                         NaN                                                 
JOB            Mgr      Office        Other     ProfExe      Sales       Self        NaN         Mgr      Office       Other     ProfExe Sales        Self        NaN        Mgr Office      Other    ProfExe     Self        NaN
count   515.000000  571.000000  1448.000000  801.000000  93.000000  72.000000  94.000000  160.000000  278.000000  649.000000  399.000000  12.0  101.000000  31.000000  21.000000   27.0  57.000000  24.000000  5.00000  22.000000
mean      0.464078    0.528897     0.406768    0.429463   0.322581   0.708333   0.106383    0.875000    0.341727    0.434515    0.411028   0.0    0.435644   0.290323   2.857143    0.0   0.614035   0.083333  1.60000   0.636364
std       1.177022    1.251156     1.093871    1.072535   0.922677   1.260868   0.342919    1.277527    0.931859    0.934149    1.145881   0.0    1.894285   0.461414   2.104417    0.0   1.176472   0.282330  1.81659   1.432462
min       0.000000    0.000000     0.000000    0.000000   0.000000   0.000000   0.000000    0.000000    0.000000    0.000000    0.000000   0.0    0.000000   0.000000   0.000000    0.0   0.000000   0.000000  0.00000   0.000000
25%       0.000000    0.000000     0.000000    0.000000   0.000000   0.000000   0.000000    0.000000    0.000000    0.000000    0.000000   0.0    0.000000   0.000000   1.000000    0.0   0.000000   0.000000  0.00000   0.000000
50%       0.000000    0.000000     0.000000    0.000000   0.000000   0.000000   0.000000    0.000000    0.000000    0.000000    0.000000   0.0    0.000000   0.000000   4.000000    0.0   0.000000   0.000000  1.00000   0.000000
75%       0.000000    1.000000     0.000000    0.000000   0.000000   1.000000   0.000000    1.000000    0.000000    1.000000    0.000000   0.0    0.000000   1.000000   5.000000    0.0   1.000000   0.000000  3.00000   0.000000
max      11.000000   13.000000    11.000000    7.000000   7.000000   5.000000   2.000000    6.000000    6.000000    8.000000    8.000000   0.0   15.000000   1.000000   6.000000    0.0   4.000000   1.000000  4.00000   5.000000
2023-09-20 22:46:25: INFO: ['REASON', 'JOB']: CLAGE
2023-09-20 22:46:25: INFO: 
REASON     DebtCon                                                                              HomeImp                                                                                 NaN                                                            
JOB            Mgr      Office        Other     ProfExe       Sales        Self         NaN         Mgr      Office       Other     ProfExe       Sales        Self         NaN         Mgr      Office       Other     ProfExe        Self         NaN
count   556.000000  613.000000  1544.000000  828.000000   97.000000   73.000000   94.000000  170.000000  298.000000  689.000000  399.000000   12.000000  111.000000   22.000000   21.000000   27.000000   68.000000   16.000000    5.000000    9.000000
mean    172.732371  173.844473   166.754638  196.358451  200.758660  176.130387  140.842069  171.767755  189.004531  182.355899  203.584469  151.220279  176.661493  148.591312  242.844426  202.624597  237.610541  137.030714  104.080500  141.948255
std      75.898436   71.562034    84.648395   70.649626  105.760022   50.360838   52.064226   77.159482   82.309405   95.146856  124.991525   17.339981   90.466504   37.153636   89.588696   52.480662   81.933642   63.929859   49.103107   45.752722
min       5.243341   20.233333     0.000000    9.100000    9.048515   21.266667   54.136477    2.033333   40.182135    8.055265   19.333333  115.800000    0.000000   57.833333  123.893420  113.036737   67.038032   86.233333   34.666667   94.690685
25%     110.385435  116.328658   101.770104  143.671457  125.833333  154.200000  103.671914  121.167802  123.775000  104.200000  123.680561  147.899384  133.723777  136.409998  142.824391  197.927858  182.272123   96.932188   87.002500  107.533333
50%     175.570979  167.657981   152.202235  190.800000  141.268671  178.951539  129.896035  162.637297  175.082704  168.666667  177.854846  156.625882  192.226177  142.147140  249.242763  211.033333  246.918710  108.136393  101.466667  118.976063
75%     231.323179  214.484493   221.129507  245.726794  303.282055  212.239725  179.458502  224.192178  248.551966  255.527460  229.947336  160.961289  240.325174  147.744456  329.647795  234.664123  261.587939  136.458333  131.933333  187.722184
max     355.806031  405.430429  1168.233561  407.261167  412.020547  301.300000  320.633333  328.398493  356.313486  423.209624  649.747104  175.328704  354.239763  210.996975  339.677018  270.265165  379.349955  268.833333  165.333333  210.012265
2023-09-20 22:46:25: INFO: ['REASON', 'JOB']: NINQ
2023-09-20 22:46:25: INFO: 
REASON     DebtCon                                                                           HomeImp                                                                           NaN                                                     
JOB            Mgr      Office        Other     ProfExe      Sales       Self        NaN         Mgr      Office       Other     ProfExe    Sales       Self        NaN        Mgr     Office      Other    ProfExe     Self        NaN
count   534.000000  593.000000  1483.000000  812.000000  96.000000  73.000000  82.000000  160.000000  281.000000  664.000000  388.000000  12.0000  87.000000  31.000000  19.000000  27.000000  57.000000  24.000000  5.00000  22.000000
mean      1.737828    1.185497     1.463924    1.065271   0.781250   1.219178   1.121951    0.800000    0.451957    1.061747    0.788660   0.5000   1.459770   0.096774   1.052632   0.333333   0.701754   1.333333  1.60000   1.363636
std       2.323425    1.477074     1.953719    1.376902   1.550573   1.386909   1.241169    1.272842    0.675070    1.816826    1.252048   0.6742   1.461161   0.300537   1.470967   0.679366   0.885698   1.340560  2.50998   3.512501
min       0.000000    0.000000     0.000000    0.000000   0.000000   0.000000   0.000000    0.000000    0.000000    0.000000    0.000000   0.0000   0.000000   0.000000   0.000000   0.000000   0.000000   0.000000  0.00000   0.000000
25%       0.000000    0.000000     0.000000    0.000000   0.000000   0.000000   0.000000    0.000000    0.000000    0.000000    0.000000   0.0000   0.000000   0.000000   0.000000   0.000000   0.000000   0.000000  0.00000   0.000000
50%       1.000000    1.000000     1.000000    1.000000   0.000000   1.000000   1.000000    0.000000    0.000000    0.000000    0.000000   0.0000   1.000000   0.000000   1.000000   0.000000   0.000000   1.000000  1.00000   0.000000
75%       2.000000    2.000000     2.000000    2.000000   1.000000   2.000000   2.000000    1.000000    1.000000    1.000000    1.000000   1.0000   3.000000   0.000000   1.000000   0.000000   1.000000   3.000000  1.00000   0.000000
max      11.000000   13.000000    17.000000    9.000000   7.000000   6.000000   4.000000    8.000000    4.000000   14.000000    7.000000   2.0000   8.000000   1.000000   5.000000   2.000000   3.000000   4.000000  6.00000  10.000000
2023-09-20 22:46:25: INFO: ['REASON', 'JOB']: CLNO
2023-09-20 22:46:25: INFO: 
REASON     DebtCon                                                                           HomeImp                                                                              NaN                                                       
JOB            Mgr      Office        Other     ProfExe      Sales       Self        NaN         Mgr      Office       Other     ProfExe      Sales        Self        NaN        Mgr     Office      Other    ProfExe       Self        NaN
count   561.000000  616.000000  1585.000000  828.000000  97.000000  73.000000  94.000000  170.000000  298.000000  694.000000  400.000000  12.000000  112.000000  31.000000  21.000000  27.000000  68.000000  24.000000   5.000000  22.000000
mean     23.443850   22.652597    19.728707   25.641304  24.783505  22.849315  17.861702   20.158824   18.852349   18.011527   22.327500  25.666667   23.232143   8.709677  30.047619  13.666667  20.941176  21.500000  21.000000   6.272727
std       9.624047    9.427141     9.542943    9.215705  10.369453  11.494771   6.908933    7.123057   10.451347   10.998748    9.148743   8.293846   14.460248   7.114275  11.901581   4.019185   8.064816   8.027128  16.217275   7.710116
min       0.000000    0.000000     0.000000    2.000000   5.000000   3.000000   9.000000    4.000000    3.000000    0.000000    0.000000  13.000000    2.000000   0.000000  23.000000   6.000000   9.000000  14.000000   4.000000   0.000000
25%      17.000000   16.000000    13.000000   19.000000  19.000000  18.000000  11.250000   16.250000   13.000000   11.000000   15.000000  22.000000   11.000000   0.000000  24.000000  15.000000  16.000000  15.000000   4.000000   0.000000
50%      23.000000   22.000000    19.000000   25.000000  23.000000  24.000000  16.000000   21.000000   17.500000   15.000000   22.000000  23.000000   21.000000  13.000000  27.000000  16.000000  19.000000  17.500000  28.000000   0.000000
75%      27.000000   26.000000    25.000000   32.000000  31.000000  26.000000  25.000000   24.000000   22.000000   23.000000   27.000000  26.250000   35.000000  14.000000  28.000000  16.000000  26.000000  27.750000  29.000000  14.750000
max      50.000000   52.000000    65.000000   71.000000  55.000000  64.000000  34.000000   57.000000   56.000000   50.000000   56.000000  43.000000   51.000000  22.000000  65.000000  16.000000  58.000000  34.000000  40.000000  20.000000
2023-09-20 22:46:25: INFO: ['REASON', 'JOB']: DEBTINC
2023-09-20 22:46:25: INFO: 
REASON     DebtCon                                                                            HomeImp                                                                              NaN                                                        
JOB            Mgr      Office        Other     ProfExe       Sales       Self        NaN         Mgr      Office       Other     ProfExe      Sales        Self        NaN        Mgr     Office       Other    ProfExe       Self        NaN
count   455.000000  510.000000  1259.000000  688.000000   71.000000  48.000000  97.000000  117.000000  255.000000  528.000000  320.000000   8.000000   93.000000  48.000000  14.000000  24.000000   52.000000  16.000000   1.000000  89.000000
mean     35.456680   34.564832    34.499444   32.941020   37.335338  36.567791  31.471925   34.593798   33.538140   33.805313   31.845986  39.301879   34.524613  29.074611  35.183368  37.773674   32.437701  29.219206  84.613889  22.615782
std       6.136853    6.921907     7.094554    9.189954   21.179419  11.153562   5.777637    8.102558    8.302736    7.318997    6.639767   5.637464   16.462310   8.155964   8.203790   1.958595   15.844361   5.378453        NaN  11.825410
min       0.838118   12.153521     1.028931   14.072354   21.945849   3.016141  18.927212    0.524499   12.846006   13.347213    5.762995  25.650741   17.825631  11.652739  29.369026  33.658292    3.342570  23.345623  84.613889   0.720295
25%      32.086978   31.178950    30.358016   27.165007   31.444036  31.856200  27.575810   29.804601   29.395511   29.152954   27.160946  40.274179   25.513966  27.398089  31.993428  36.864770   27.784676  25.074353  84.613889  14.800087
50%      36.290354   36.099281    35.730559   33.591086   35.033102  34.554127  31.626822   33.200548   35.949877   34.485533   32.870335  40.442569   35.871959  31.203189  32.698229  37.816428   31.183363  27.740432  84.613889  23.988913
75%      39.510333   39.135253    39.539123   38.964246   40.024008  38.363957  34.953279   41.441052   39.489343   38.873985   36.470812  41.802691   40.302868  34.222939  34.989071  39.045814   34.438503  32.071030  84.613889  33.850461
max      72.264093   67.324904    71.512111  144.189001  203.312149  84.379034  44.751572   62.246451   58.295990   72.670433   61.890635  43.404430  143.949605  39.983096  62.559308  40.660186  133.528270  41.966249  84.613889  40.023968
2023-09-20 22:46:25: INFO: Save distribution figure of numerical variables.
2023-09-20 22:46:27: INFO: Distribution figure save location: /Users/takeshisugiyama/Desktop/Home_Loan/img/1-eda/distribution_num_variables.png
2023-09-20 22:46:27: INFO: Save barchart of the average default rate and loss amount by job and reason of loan.
2023-09-20 22:46:27: INFO: Saved figure to /Users/takeshisugiyama/Desktop/Home_Loan/img/1-eda/barchart_TARGET_BAD_FLAG.png
2023-09-20 22:46:27: INFO: Saved figure to /Users/takeshisugiyama/Desktop/Home_Loan/img/1-eda/barchart_TARGET_LOSS_AMT.png
2023-09-20 22:46:27: INFO: 
2023-09-20 22:46:27: INFO: Expected value for default considering default rate and loss amount
2023-09-20 22:46:27: INFO: Saved figure to /Users/takeshisugiyama/Desktop/Home_Loan/img/1-eda/barchart_expected_loss_amount.png
2023-09-20 22:46:27: INFO: Counts of the observation for each job and loan type.
2023-09-20 22:46:27: INFO: Saved figure to /Users/takeshisugiyama/Desktop/Home_Loan/img/1-eda/barchart_Observations.png
2023-09-20 22:46:27: INFO: Correlation for bad flag.
2023-09-20 22:46:27: INFO: 
      index  TARGET_BAD_FLAG
7    DELINQ         0.354107
6     DEROG         0.276081
11  DEBTINC         0.199835
9      NINQ         0.174980
10     CLNO        -0.004157
4     VALUE        -0.029954
3   MORTDUE        -0.048219
5       YOJ        -0.060238
2      LOAN        -0.075099
8     CLAGE        -0.170499
2023-09-20 22:46:27: INFO: Correlation for bad flag grouped by job and reason for loan.
2023-09-20 22:46:27: INFO: 
      REASON      JOB  level_2  TARGET_BAD_FLAG
124  HomeImp    Sales    VALUE     6.579888e-01
130  HomeImp    Sales     CLNO     5.639696e-01
125  HomeImp    Sales      YOJ     5.599088e-01
57   DebtCon    Sales     NINQ     5.434140e-01
67   DebtCon     Self   DELINQ     5.385911e-01
91   HomeImp   Office   DELINQ     5.327994e-01
90   HomeImp   Office    DEROG     5.035170e-01
139  HomeImp     Self   DELINQ     4.963058e-01
123  HomeImp    Sales  MORTDUE     4.867308e-01
143  HomeImp     Self  DEBTINC     4.678848e-01
71   DebtCon     Self  DEBTINC     4.526137e-01
54   DebtCon    Sales    DEROG     4.382299e-01
66   DebtCon     Self    DEROG     4.133989e-01
141  HomeImp     Self     NINQ     4.047884e-01
43   DebtCon  ProfExe   DELINQ     3.931252e-01
114  HomeImp  ProfExe    DEROG     3.850406e-01
81   HomeImp      Mgr     NINQ     3.722861e-01
7    DebtCon      Mgr   DELINQ     3.663108e-01
31   DebtCon    Other   DELINQ     3.584993e-01
59   DebtCon    Sales  DEBTINC     3.559143e-01
79   HomeImp      Mgr   DELINQ     3.510125e-01
19   DebtCon   Office   DELINQ     3.467092e-01
6    DebtCon      Mgr    DEROG     3.381325e-01
18   DebtCon   Office    DEROG     3.322495e-01
47   DebtCon  ProfExe  DEBTINC     3.288935e-01
42   DebtCon  ProfExe    DEROG     3.268099e-01
70   DebtCon     Self     CLNO     3.115428e-01
78   HomeImp      Mgr    DEROG     3.061896e-01
115  HomeImp  ProfExe   DELINQ     3.014938e-01
45   DebtCon  ProfExe     NINQ     2.515719e-01
103  HomeImp    Other   DELINQ     2.482903e-01
117  HomeImp  ProfExe     NINQ     2.472797e-01
102  HomeImp    Other    DEROG     2.418329e-01
58   DebtCon    Sales     CLNO     2.332476e-01
21   DebtCon   Office     NINQ     2.175270e-01
50   DebtCon    Sales     LOAN     1.963862e-01
23   DebtCon   Office  DEBTINC     1.960453e-01
83   HomeImp      Mgr  DEBTINC     1.926922e-01
55   DebtCon    Sales   DELINQ     1.835402e-01
69   DebtCon     Self     NINQ     1.801198e-01
107  HomeImp    Other  DEBTINC     1.676469e-01
11   DebtCon      Mgr  DEBTINC     1.651871e-01
138  HomeImp     Self    DEROG     1.546850e-01
30   DebtCon    Other    DEROG     1.478918e-01
93   HomeImp   Office     NINQ     1.397213e-01
33   DebtCon    Other     NINQ     1.383566e-01
35   DebtCon    Other  DEBTINC     1.381737e-01
105  HomeImp    Other     NINQ     1.038355e-01
17   DebtCon   Office      YOJ     1.005689e-01
46   DebtCon  ProfExe     CLNO     8.075262e-02
4    DebtCon      Mgr    VALUE     7.861837e-02
9    DebtCon      Mgr     NINQ     7.629074e-02
39   DebtCon  ProfExe  MORTDUE     7.328789e-02
82   HomeImp      Mgr     CLNO     6.963777e-02
34   DebtCon    Other     CLNO     6.909440e-02
95   HomeImp   Office  DEBTINC     6.421631e-02
135  HomeImp     Self  MORTDUE     5.885937e-02
40   DebtCon  ProfExe    VALUE     4.563874e-02
38   DebtCon  ProfExe     LOAN     4.049015e-02
134  HomeImp     Self     LOAN     3.389182e-02
16   DebtCon   Office    VALUE     3.321720e-02
41   DebtCon  ProfExe      YOJ     2.498037e-02
15   DebtCon   Office  MORTDUE     2.140378e-02
113  HomeImp  ProfExe      YOJ     1.897957e-02
14   DebtCon   Office     LOAN     1.716442e-02
100  HomeImp    Other    VALUE     1.006856e-02
92   HomeImp   Office    CLAGE     6.571241e-03
137  HomeImp     Self      YOJ     5.118398e-03
53   DebtCon    Sales      YOJ     5.047988e-03
10   DebtCon      Mgr     CLNO     4.812409e-03
119  HomeImp  ProfExe  DEBTINC     4.134529e-03
129  HomeImp    Sales     NINQ     4.560706e-17
136  HomeImp     Self    VALUE    -7.997044e-03
94   HomeImp   Office     CLNO    -1.771187e-02
140  HomeImp     Self    CLAGE    -2.185845e-02
28   DebtCon    Other    VALUE    -2.453386e-02
5    DebtCon      Mgr      YOJ    -2.912587e-02
3    DebtCon      Mgr  MORTDUE    -3.675378e-02
27   DebtCon    Other  MORTDUE    -4.525740e-02
2    DebtCon      Mgr     LOAN    -4.755887e-02
75   HomeImp      Mgr  MORTDUE    -6.336586e-02
77   HomeImp      Mgr      YOJ    -6.626415e-02
118  HomeImp  ProfExe     CLNO    -6.647934e-02
112  HomeImp  ProfExe    VALUE    -8.877765e-02
22   DebtCon   Office     CLNO    -9.378786e-02
29   DebtCon    Other      YOJ    -9.852514e-02
32   DebtCon    Other    CLAGE    -9.949855e-02
111  HomeImp  ProfExe  MORTDUE    -1.004554e-01
110  HomeImp  ProfExe     LOAN    -1.063397e-01
116  HomeImp  ProfExe    CLAGE    -1.075106e-01
26   DebtCon    Other     LOAN    -1.148027e-01
86   HomeImp   Office     LOAN    -1.188359e-01
142  HomeImp     Self     CLNO    -1.218933e-01
51   DebtCon    Sales  MORTDUE    -1.258603e-01
44   DebtCon  ProfExe    CLAGE    -1.291014e-01
98   HomeImp    Other     LOAN    -1.515478e-01
65   DebtCon     Self      YOJ    -1.582283e-01
88   HomeImp   Office    VALUE    -1.589708e-01
89   HomeImp   Office      YOJ    -1.695452e-01
8    DebtCon      Mgr    CLAGE    -1.708539e-01
87   HomeImp   Office  MORTDUE    -1.723950e-01
99   HomeImp    Other  MORTDUE    -1.823935e-01
101  HomeImp    Other      YOJ    -1.957104e-01
20   DebtCon   Office    CLAGE    -2.001713e-01
74   HomeImp      Mgr     LOAN    -2.047104e-01
106  HomeImp    Other     CLNO    -2.139554e-01
76   HomeImp      Mgr    VALUE    -2.202694e-01
52   DebtCon    Sales    VALUE    -2.348735e-01
80   HomeImp      Mgr    CLAGE    -3.241265e-01
56   DebtCon    Sales    CLAGE    -3.404406e-01
104  HomeImp    Other    CLAGE    -3.405578e-01
62   DebtCon     Self     LOAN    -3.914905e-01
122  HomeImp    Sales     LOAN    -4.674670e-01
64   DebtCon     Self    VALUE    -4.811439e-01
68   DebtCon     Self    CLAGE    -5.000403e-01
63   DebtCon     Self  MORTDUE    -5.610575e-01
126  HomeImp    Sales    DEROG    -7.348469e-01
128  HomeImp    Sales    CLAGE    -7.448816e-01
131  HomeImp    Sales  DEBTINC    -9.784351e-01
2023-09-20 22:46:27: INFO: Completed
2023-09-20 22:46:27: INFO: Execution time: 0:00:02.629522
