2023-09-21 00:33:25: INFO: Total NaN values in each row.
2023-09-21 00:33:25: INFO: NOTE: I am not imputing TARGET_LOSS_AMT because this is only NaN when the person did not default.
2023-09-21 00:33:25: INFO: 
TARGET_BAD_FLAG       0
TARGET_LOSS_AMT    4771
LOAN                  0
MORTDUE             518
VALUE               112
REASON              252
JOB                 279
YOJ                 515
DEROG               708
DELINQ              580
CLAGE               308
NINQ                510
CLNO                222
DEBTINC            1267
2023-09-21 00:33:25: INFO: Median of each numerical column grouped by job and reason of loan. I will impute NaNs with these values.
2023-09-21 00:33:25: INFO: 
                 TARGET_BAD_FLAG  TARGET_LOSS_AMT     LOAN     MORTDUE     VALUE    YOJ  DEROG  DELINQ       CLAGE  NINQ  CLNO    DEBTINC
REASON  JOB                                                                                                                              
DebtCon Mgr                  0.0          14360.0  19450.0   76600.000   99025.5   8.00    0.0     0.0  175.570979   1.0  23.0  36.290354
        Office               0.0          13453.0  17900.0   63744.000   90810.5   5.00    0.0     0.0  167.657981   1.0  22.0  36.099281
        Other                0.0          12124.0  18000.0   54653.000   77519.0   8.00    0.0     0.0  152.202235   1.0  19.0  35.730559
        ProfExe              0.0          15237.0  18500.0   83149.500  113083.5   8.00    0.0     0.0  190.800000   1.0  25.0  33.591086
        Sales                0.0          16656.0  15200.0   74392.500   87446.5   4.00    0.0     0.0  141.268671   0.0  23.0  35.033102
        Self                 0.0          19324.0  23400.0  101250.000  125252.0   5.00    0.0     0.0  178.951539   1.0  24.0  34.554127
        NaN                  0.0          14756.0  11100.0   59701.500   80037.0   5.00    0.0     0.0  129.896035   1.0  16.0  31.626822
HomeImp Mgr                  0.0           6533.5  13250.0   74013.000  102377.5   8.00    0.0     0.0  162.637297   0.0  21.0  33.200548
        Office               0.0           5817.0  12000.0   62200.000   80147.0  10.00    0.0     0.0  175.082704   0.0  17.5  35.949877
        Other                0.0           4572.0  10800.0   53812.500   73319.0   7.00    0.0     0.0  168.666667   0.0  15.0  34.485533
        ProfExe              0.0           6934.0  14900.0   82889.500  107442.5   7.00    0.0     0.0  177.854846   0.0  22.0  32.870335
        Sales                0.0           3870.0   5500.0   70793.000   70735.0   4.00    1.0     0.0  156.625882   0.0  23.0  40.442569
        Self                 0.0          17239.0  24000.0   78943.500  167020.0   7.00    0.0     0.0  192.226177   1.0  21.0  35.871959
        NaN                  0.0          12251.5  21900.0   85337.000  100147.0   8.00    0.0     0.0  142.147140   0.0  13.0  31.203189
NaN     Mgr                  0.0          14283.0  20000.0  111000.000  168708.0  13.00    0.0     4.0  249.242763   1.0  27.0  32.698229
        Office               0.0              NaN  15500.0   25751.000   44461.0   2.00    0.0     0.0  211.033333   0.0  16.0  37.816428
        Other                0.0          11471.0  16100.0   67371.305   95085.0  12.00    0.0     0.0  246.918710   0.0  19.0  31.183363
        ProfExe              0.0          10107.5  18500.0   62772.000   90031.0   6.50    0.0     0.0  108.136393   1.0  17.5  27.740432
        Self                 1.0          28095.0  27700.0   61396.000  111627.0   5.00    0.0     1.0  101.466667   1.0  28.0  84.613889
        NaN                  0.0           5312.0  13300.0   47811.000   72583.0   0.95    0.0     0.0  118.976063   0.0   0.0  23.988913
2023-09-21 00:33:25: INFO: Impute missing values START.
2023-09-21 00:33:25: INFO: Impute missing categorical values to 'Unknwon'.
2023-09-21 00:33:25: INFO: Add new column for flag and imputed numbers.
2023-09-21 00:33:25: INFO: The NaNs will be imputed by the median of per Job and Reason.
2023-09-21 00:33:25: INFO: The original imputed columns will be deleted.
2023-09-21 00:33:25: INFO: Impute missing values END.
2023-09-21 00:33:25: INFO: First 5 observations of the imputed data
2023-09-21 00:33:25: INFO: 
                         0           1           2       3          4
TARGET_BAD_FLAG          1           1           1       1          0
TARGET_LOSS_AMT      641.0      1109.0       767.0  1425.0        NaN
LOAN                  1100        1300        1500    1500       1700
MORTDUE            25860.0     70053.0     13500.0     NaN    97800.0
VALUE              39025.0     68400.0     16700.0     NaN   112000.0
REASON             HomeImp     HomeImp     HomeImp     NaN    HomeImp
JOB                  Other       Other       Other     NaN     Office
YOJ                   10.5         7.0         4.0     NaN        3.0
DEROG                  0.0         0.0         0.0     NaN        0.0
DELINQ                 0.0         2.0         0.0     NaN        0.0
CLAGE            94.366667  121.833333  149.466667     NaN  93.333333
NINQ                   1.0         0.0         1.0     NaN        0.0
CLNO                   9.0        14.0        10.0     NaN       14.0
DEBTINC                NaN         NaN         NaN     NaN        NaN
2023-09-21 00:33:25: INFO: Confirming there are no NaNs (except the intentionally left TARGET_LOSS_AMT.)
2023-09-21 00:33:25: INFO: 
TARGET_BAD_FLAG       0
TARGET_LOSS_AMT    4771
LOAN                  0
REASON                0
JOB                   0
M_MORTDUE             0
IMP_MORTDUE           0
M_VALUE               0
IMP_VALUE             0
M_YOJ                 0
IMP_YOJ               0
M_DEROG               0
IMP_DEROG             0
M_DELINQ              0
IMP_DELINQ            0
M_CLAGE               0
IMP_CLAGE             0
M_NINQ                0
IMP_NINQ              0
M_CLNO                0
IMP_CLNO              0
M_DEBTINC             0
IMP_DEBTINC           0
2023-09-21 00:33:25: INFO: Creating dummy variables for categorical columns
2023-09-21 00:33:25: INFO: Completed creating dummy variables
2023-09-21 00:33:25: INFO: First 5 observations of the data with dummy variables
2023-09-21 00:33:25: INFO: 
   TARGET_BAD_FLAG  TARGET_LOSS_AMT  LOAN  M_MORTDUE  IMP_MORTDUE  M_VALUE  IMP_VALUE  M_YOJ  IMP_YOJ  M_DEROG  IMP_DEROG  M_DELINQ  IMP_DELINQ  M_CLAGE   IMP_CLAGE  M_NINQ  IMP_NINQ  M_CLNO  IMP_CLNO  M_DEBTINC  IMP_DEBTINC  z_REASON_DebtCon  z_REASON_HomeImp  z_JOB_Mgr  z_JOB_Office  z_JOB_Other  z_JOB_ProfExe  z_JOB_Sales  z_JOB_Self
0                1            641.0  1100          0      25860.0        0    39025.0      0    10.50        0        0.0         0         0.0        0   94.366667       0       1.0       0       9.0          1    34.485533                 0                 1          0             0            1              0            0           0
1                1           1109.0  1300          0      70053.0        0    68400.0      0     7.00        0        0.0         0         2.0        0  121.833333       0       0.0       0      14.0          1    34.485533                 0                 1          0             0            1              0            0           0
2                1            767.0  1500          0      13500.0        0    16700.0      0     4.00        0        0.0         0         0.0        0  149.466667       0       1.0       0      10.0          1    34.485533                 0                 1          0             0            1              0            0           0
3                1           1425.0  1500          1      47811.0        1    72583.0      1     0.95        1        0.0         1         0.0        1  118.976063       1       0.0       1       0.0          1    23.988913                 0                 0          0             0            0              0            0           0
4                0              NaN  1700          0      97800.0        0   112000.0      0     3.00        0        0.0         0         0.0        0   93.333333       0       0.0       0      14.0          1    35.949877                 0                 1          0             1            0              0            0           0
2023-09-21 00:33:25: INFO: LOSS AMOUNT statistics BEFORE capping
2023-09-21 00:33:25: INFO: 
count     1189.000000
mean     13414.576955
std      10839.455965
min        224.000000
25%       5639.000000
50%      11003.000000
75%      17634.000000
max      78987.000000
2023-09-21 00:33:25: INFO: LOSS AMOUNT statistics AFTER capping
2023-09-21 00:33:25: INFO: 
count     1189.000000
mean     12118.188394
std       7574.544843
min        224.000000
25%       5639.000000
50%      11003.000000
75%      17634.000000
max      25000.000000
2023-09-21 00:33:25: INFO: Data Split
2023-09-21 00:33:25: INFO: FLAG DATA
2023-09-21 00:33:25: INFO: TRAINING = (4768, 27)
2023-09-21 00:33:25: INFO: TEST = (1192, 27)
2023-09-21 00:33:25: INFO: LOSS AMOUNT DATA
2023-09-21 00:33:25: INFO: TRAINING = (951,)
2023-09-21 00:33:25: INFO: TEST = (238,)
2023-09-21 00:33:25: INFO: 
count      951.000000
mean     12254.549947
std       7625.029926
min        224.000000
25%       5781.000000
50%      11122.000000
75%      18082.000000
max      25000.000000
2023-09-21 00:33:25: INFO: 
count      238.000000
mean     11573.315126
std       7359.835410
min        320.000000
25%       5025.500000
50%      10390.000000
75%      16489.500000
max      25000.000000
2023-09-21 00:33:25: INFO: Decision Tree Categorical
2023-09-21 00:33:25: INFO: Using Default Parameters for Decision Tree.
2023-09-21 00:33:25: INFO: Decision Tree Accuracy Train: 0.8867
2023-09-21 00:33:25: INFO: Decision Tree Accuracy Test:: 0.8817
2023-09-21 00:33:25: INFO: Decision Tree AUC Train: 0.85
2023-09-21 00:33:25: INFO: Decision Tree AUC Test: 0.82
2023-09-21 00:33:25: INFO: Decision Tree AUC Train Cross Validation Average: 0.84
2023-09-21 00:33:25: INFO: Important Variables
        Feature  Importance
17    M_DEBTINC    0.677253
18  IMP_DEBTINC    0.167731
10   IMP_DELINQ    0.102754
12    IMP_CLAGE    0.042587
7       M_DEROG    0.009675
2023-09-21 00:33:26: INFO: Saved viz file to: /Users/takeshisugiyama/Desktop/Home_Loan/img/2-tree-models/Default-Params//viz/Default-Params//Decition_Tree_Categorical_Default-Params_viz-1
2023-09-21 00:33:26: INFO: Decision Tree Regression
2023-09-21 00:33:26: INFO: Using Default Parameters for Decision Tree.
2023-09-21 00:33:26: INFO: Decision Tree MEAN Train: 12254.549947423764
2023-09-21 00:33:26: INFO: Decision Tree MEAN Test: 11573.31512605042
2023-09-21 00:33:26: INFO: Decision Tree RMSE Train: 3769.5466630483907
2023-09-21 00:33:26: INFO: Decision Tree RMSE Test: 4545.020719655776
2023-09-21 00:33:26: INFO: Decision Tree RMSE Train Cross Validation Average: 4012.28
2023-09-21 00:33:26: INFO: Important Variables
        Feature  Importance
0          LOAN    0.889160
18  IMP_DEBTINC    0.056861
16     IMP_CLNO    0.053979
2023-09-21 00:33:26: INFO: Saved viz file to: /Users/takeshisugiyama/Desktop/Home_Loan/img/2-tree-models/Default-Params//viz/Default-Params//Decition_Tree_Regression_Default-Params_viz-1
2023-09-21 00:33:26: INFO: Random Forest Categorical
2023-09-21 00:33:26: INFO: Using Default Parameters for Random Forest.
2023-09-21 00:33:27: INFO: Random Forest Accuracy Train: 0.8544
2023-09-21 00:33:27: INFO: Random Forest Accuracy Test:: 0.8322
2023-09-21 00:33:27: INFO: Random Forest AUC Train: 0.92
2023-09-21 00:33:27: INFO: Random Forest AUC Test: 0.89
2023-09-21 00:33:28: INFO: Random Forest AUC Train Cross Validation Average: 0.91
2023-09-21 00:33:36: INFO: Important Variables
             Feature  Importance
17         M_DEBTINC    0.407399
18       IMP_DEBTINC    0.142394
10        IMP_DELINQ    0.127986
3            M_VALUE    0.090718
8          IMP_DEROG    0.077212
0               LOAN    0.044813
14          IMP_NINQ    0.030084
12         IMP_CLAGE    0.023829
2        IMP_MORTDUE    0.013978
4          IMP_VALUE    0.013540
16          IMP_CLNO    0.009451
6            IMP_YOJ    0.004127
7            M_DEROG    0.002068
23       z_JOB_Other    0.001987
19  z_REASON_DebtCon    0.001942
5              M_YOJ    0.001681
24     z_JOB_ProfExe    0.001235
15            M_CLNO    0.001233
25       z_JOB_Sales    0.000909
9           M_DELINQ    0.000693
11           M_CLAGE    0.000671
20  z_REASON_HomeImp    0.000562
1          M_MORTDUE    0.000484
13            M_NINQ    0.000451
21         z_JOB_Mgr    0.000279
26        z_JOB_Self    0.000139
22      z_JOB_Office    0.000133
2023-09-21 00:33:36: INFO: Random Forest Regression
2023-09-21 00:33:36: INFO: Using Default Parameters for Random Forest.
2023-09-21 00:33:36: INFO: Random Forest MEAN Train: 12254.549947423764
2023-09-21 00:33:36: INFO: Random Forest MEAN Test: 11573.31512605042
2023-09-21 00:33:37: INFO: Random Forest RMSE Train: 3358.1374952716073
2023-09-21 00:33:37: INFO: Random Forest RMSE Test: 3865.875496133552
2023-09-21 00:33:37: INFO: Random Forest RMSE Train Cross Validation Average: 3582.49
2023-09-21 00:33:37: INFO: Important Variables
             Feature  Importance
0               LOAN    0.873613
16          IMP_CLNO    0.056637
18       IMP_DEBTINC    0.045989
17         M_DEBTINC    0.020560
10        IMP_DELINQ    0.002464
12         IMP_CLAGE    0.000251
8          IMP_DEROG    0.000244
6            IMP_YOJ    0.000194
19  z_REASON_DebtCon    0.000047
2023-09-21 00:33:37: INFO: Gradient Boosting Categorical
2023-09-21 00:33:37: INFO: Using Default Parameters for Gradient Boosting.
2023-09-21 00:33:38: INFO: Gradient Boosting Accuracy Train: 0.9241
2023-09-21 00:33:38: INFO: Gradient Boosting Accuracy Test:: 0.9086
2023-09-21 00:33:38: INFO: Gradient Boosting AUC Train: 0.96
2023-09-21 00:33:38: INFO: Gradient Boosting AUC Test: 0.94
2023-09-21 00:33:42: INFO: Gradient Boosting AUC Train Cross Validation Average: 0.94
2023-09-21 00:33:47: INFO: Important Variables
             Feature  Importance
17         M_DEBTINC    0.471960
18       IMP_DEBTINC    0.144333
10        IMP_DELINQ    0.092112
12         IMP_CLAGE    0.063557
8          IMP_DEROG    0.037911
3            M_VALUE    0.034082
4          IMP_VALUE    0.025096
0               LOAN    0.023936
16          IMP_CLNO    0.021069
6            IMP_YOJ    0.017678
14          IMP_NINQ    0.014754
7            M_DEROG    0.012094
2        IMP_MORTDUE    0.011383
11           M_CLAGE    0.008638
23       z_JOB_Other    0.004663
25       z_JOB_Sales    0.004480
5              M_YOJ    0.004065
1          M_MORTDUE    0.002703
22      z_JOB_Office    0.002267
13            M_NINQ    0.001604
15            M_CLNO    0.001412
26        z_JOB_Self    0.000189
19  z_REASON_DebtCon    0.000015
2023-09-21 00:33:48: INFO: Gradient Boosting Regression
2023-09-21 00:33:48: INFO: Using Default Parameters for Gradient Boosting.
2023-09-21 00:33:48: INFO: Gradient Boosting MEAN Train: 12254.549947423764
2023-09-21 00:33:48: INFO: Gradient Boosting MEAN Test: 11573.31512605042
2023-09-21 00:33:49: INFO: Gradient Boosting RMSE Train: 1124.6376049451671
2023-09-21 00:33:49: INFO: Gradient Boosting RMSE Test: 1930.8450604278448
2023-09-21 00:33:49: INFO: Gradient Boosting RMSE Train Cross Validation Average: 2027.75
2023-09-21 00:33:49: INFO: Important Variables
             Feature  Importance
0               LOAN    0.709668
16          IMP_CLNO    0.099836
17         M_DEBTINC    0.058351
18       IMP_DEBTINC    0.045675
12         IMP_CLAGE    0.033331
10        IMP_DELINQ    0.024423
20  z_REASON_HomeImp    0.010847
6            IMP_YOJ    0.006120
8          IMP_DEROG    0.003589
2        IMP_MORTDUE    0.002777
4          IMP_VALUE    0.002428
25       z_JOB_Sales    0.000753
9           M_DELINQ    0.000669
14          IMP_NINQ    0.000536
26        z_JOB_Self    0.000338
19  z_REASON_DebtCon    0.000123
22      z_JOB_Office    0.000110
7            M_DEROG    0.000097
5              M_YOJ    0.000096
3            M_VALUE    0.000081
23       z_JOB_Other    0.000080
1          M_MORTDUE    0.000071
2023-09-21 00:33:52: INFO: Execution time: 0:00:27.275299
