2023-11-26 23:01:26: INFO: Total NaN values in each row.
2023-11-26 23:01:26: INFO: NOTE: I am not imputing TARGET_LOSS_AMT because this is only NaN when the person did not default.
2023-11-26 23:01:26: INFO: 
TARGET_BAD_FLAG       0
TARGET_LOSS_AMT    4771
LOAN                  0
MORTDUE             518
VALUE               112
REASON              252
JOB                 279
YOJ                 515
DEROG               708
DELINQ              580
CLAGE               308
NINQ                510
CLNO                222
DEBTINC            1267
2023-11-26 23:01:26: INFO: Median of each numerical column grouped by job and reason of loan. I will impute NaNs with these values.
2023-11-26 23:01:26: INFO: 
                 TARGET_BAD_FLAG  TARGET_LOSS_AMT     LOAN     MORTDUE     VALUE    YOJ  DEROG  DELINQ       CLAGE  NINQ  CLNO    DEBTINC
REASON  JOB                                                                                                                              
DebtCon Mgr                  0.0          14360.0  19450.0   76600.000   99025.5   8.00    0.0     0.0  175.570979   1.0  23.0  36.290354
        Office               0.0          13453.0  17900.0   63744.000   90810.5   5.00    0.0     0.0  167.657981   1.0  22.0  36.099281
        Other                0.0          12124.0  18000.0   54653.000   77519.0   8.00    0.0     0.0  152.202235   1.0  19.0  35.730559
        ProfExe              0.0          15237.0  18500.0   83149.500  113083.5   8.00    0.0     0.0  190.800000   1.0  25.0  33.591086
        Sales                0.0          16656.0  15200.0   74392.500   87446.5   4.00    0.0     0.0  141.268671   0.0  23.0  35.033102
        Self                 0.0          19324.0  23400.0  101250.000  125252.0   5.00    0.0     0.0  178.951539   1.0  24.0  34.554127
        NaN                  0.0          14756.0  11100.0   59701.500   80037.0   5.00    0.0     0.0  129.896035   1.0  16.0  31.626822
HomeImp Mgr                  0.0           6533.5  13250.0   74013.000  102377.5   8.00    0.0     0.0  162.637297   0.0  21.0  33.200548
        Office               0.0           5817.0  12000.0   62200.000   80147.0  10.00    0.0     0.0  175.082704   0.0  17.5  35.949877
        Other                0.0           4572.0  10800.0   53812.500   73319.0   7.00    0.0     0.0  168.666667   0.0  15.0  34.485533
        ProfExe              0.0           6934.0  14900.0   82889.500  107442.5   7.00    0.0     0.0  177.854846   0.0  22.0  32.870335
        Sales                0.0           3870.0   5500.0   70793.000   70735.0   4.00    1.0     0.0  156.625882   0.0  23.0  40.442569
        Self                 0.0          17239.0  24000.0   78943.500  167020.0   7.00    0.0     0.0  192.226177   1.0  21.0  35.871959
        NaN                  0.0          12251.5  21900.0   85337.000  100147.0   8.00    0.0     0.0  142.147140   0.0  13.0  31.203189
NaN     Mgr                  0.0          14283.0  20000.0  111000.000  168708.0  13.00    0.0     4.0  249.242763   1.0  27.0  32.698229
        Office               0.0              NaN  15500.0   25751.000   44461.0   2.00    0.0     0.0  211.033333   0.0  16.0  37.816428
        Other                0.0          11471.0  16100.0   67371.305   95085.0  12.00    0.0     0.0  246.918710   0.0  19.0  31.183363
        ProfExe              0.0          10107.5  18500.0   62772.000   90031.0   6.50    0.0     0.0  108.136393   1.0  17.5  27.740432
        Self                 1.0          28095.0  27700.0   61396.000  111627.0   5.00    0.0     1.0  101.466667   1.0  28.0  84.613889
        NaN                  0.0           5312.0  13300.0   47811.000   72583.0   0.95    0.0     0.0  118.976063   0.0   0.0  23.988913
2023-11-26 23:01:26: INFO: Impute missing values START.
2023-11-26 23:01:26: INFO: Impute missing categorical values to 'Unknwon'.
2023-11-26 23:01:26: INFO: Add new column for flag and imputed numbers.
2023-11-26 23:01:26: INFO: The NaNs will be imputed by the median of per Job and Reason.
2023-11-26 23:01:26: INFO: The original imputed columns will be deleted.
2023-11-26 23:01:26: INFO: Impute missing values END.
2023-11-26 23:01:26: INFO: First 5 observations of the imputed data
2023-11-26 23:01:26: INFO: 
                         0           1           2       3          4
TARGET_BAD_FLAG          1           1           1       1          0
TARGET_LOSS_AMT      641.0      1109.0       767.0  1425.0        NaN
LOAN                  1100        1300        1500    1500       1700
MORTDUE            25860.0     70053.0     13500.0     NaN    97800.0
VALUE              39025.0     68400.0     16700.0     NaN   112000.0
REASON             HomeImp     HomeImp     HomeImp     NaN    HomeImp
JOB                  Other       Other       Other     NaN     Office
YOJ                   10.5         7.0         4.0     NaN        3.0
DEROG                  0.0         0.0         0.0     NaN        0.0
DELINQ                 0.0         2.0         0.0     NaN        0.0
CLAGE            94.366667  121.833333  149.466667     NaN  93.333333
NINQ                   1.0         0.0         1.0     NaN        0.0
CLNO                   9.0        14.0        10.0     NaN       14.0
DEBTINC                NaN         NaN         NaN     NaN        NaN
2023-11-26 23:01:26: INFO: Confirming there are no NaNs (except the intentionally left TARGET_LOSS_AMT.)
2023-11-26 23:01:26: INFO: 
TARGET_BAD_FLAG       0
TARGET_LOSS_AMT    4771
LOAN                  0
REASON                0
JOB                   0
M_MORTDUE             0
IMP_MORTDUE           0
M_VALUE               0
IMP_VALUE             0
M_YOJ                 0
IMP_YOJ               0
M_DEROG               0
IMP_DEROG             0
M_DELINQ              0
IMP_DELINQ            0
M_CLAGE               0
IMP_CLAGE             0
M_NINQ                0
IMP_NINQ              0
M_CLNO                0
IMP_CLNO              0
M_DEBTINC             0
IMP_DEBTINC           0
2023-11-26 23:01:26: INFO: Creating dummy variables for categorical columns
2023-11-26 23:01:26: INFO: Completed creating dummy variables
2023-11-26 23:01:26: INFO: First 5 observations of the data with dummy variables
2023-11-26 23:01:26: INFO: 
   TARGET_BAD_FLAG  TARGET_LOSS_AMT  LOAN  M_MORTDUE  IMP_MORTDUE  M_VALUE  IMP_VALUE  M_YOJ  IMP_YOJ  M_DEROG  IMP_DEROG  M_DELINQ  IMP_DELINQ  M_CLAGE   IMP_CLAGE  M_NINQ  IMP_NINQ  M_CLNO  IMP_CLNO  M_DEBTINC  IMP_DEBTINC  z_REASON_DebtCon  z_REASON_HomeImp  z_JOB_Mgr  z_JOB_Office  z_JOB_Other  z_JOB_ProfExe  z_JOB_Sales  z_JOB_Self
0                1            641.0  1100          0      25860.0        0    39025.0      0    10.50        0        0.0         0         0.0        0   94.366667       0       1.0       0       9.0          1    34.485533                 0                 1          0             0            1              0            0           0
1                1           1109.0  1300          0      70053.0        0    68400.0      0     7.00        0        0.0         0         2.0        0  121.833333       0       0.0       0      14.0          1    34.485533                 0                 1          0             0            1              0            0           0
2                1            767.0  1500          0      13500.0        0    16700.0      0     4.00        0        0.0         0         0.0        0  149.466667       0       1.0       0      10.0          1    34.485533                 0                 1          0             0            1              0            0           0
3                1           1425.0  1500          1      47811.0        1    72583.0      1     0.95        1        0.0         1         0.0        1  118.976063       1       0.0       1       0.0          1    23.988913                 0                 0          0             0            0              0            0           0
4                0              NaN  1700          0      97800.0        0   112000.0      0     3.00        0        0.0         0         0.0        0   93.333333       0       0.0       0      14.0          1    35.949877                 0                 1          0             1            0              0            0           0
2023-11-26 23:01:26: INFO: LOSS AMOUNT statistics BEFORE capping
2023-11-26 23:01:26: INFO: 
count     1189.000000
mean     13414.576955
std      10839.455965
min        224.000000
25%       5639.000000
50%      11003.000000
75%      17634.000000
max      78987.000000
2023-11-26 23:01:26: INFO: LOSS AMOUNT statistics AFTER capping
2023-11-26 23:01:26: INFO: 
count     1189.000000
mean     12118.188394
std       7574.544843
min        224.000000
25%       5639.000000
50%      11003.000000
75%      17634.000000
max      25000.000000
2023-11-26 23:01:26: INFO: Data Split
2023-11-26 23:01:26: INFO: FLAG DATA
2023-11-26 23:01:26: INFO: TRAINING = (4768, 27)
2023-11-26 23:01:26: INFO: TEST = (1192, 27)
2023-11-26 23:01:26: INFO: LOSS AMOUNT DATA
2023-11-26 23:01:26: INFO: TRAINING = (951,)
2023-11-26 23:01:26: INFO: TEST = (238,)
2023-11-26 23:01:26: INFO: 
count      951.000000
mean     12254.549947
std       7625.029926
min        224.000000
25%       5781.000000
50%      11122.000000
75%      18082.000000
max      25000.000000
2023-11-26 23:01:26: INFO: 
count      238.000000
mean     11573.315126
std       7359.835410
min        320.000000
25%       5025.500000
50%      10390.000000
75%      16489.500000
max      25000.000000
2023-11-26 23:01:26: INFO: Variables Selection enabled for RF
2023-11-26 23:01:26: INFO: Important Variables Count from RF Categorical: 12
2023-11-26 23:01:26: INFO: Important Variables from RF Categorical: Index(['LOAN', 'IMP_MORTDUE', 'M_VALUE', 'IMP_VALUE', 'IMP_YOJ', 'IMP_DEROG',
       'IMP_DELINQ', 'IMP_CLAGE', 'IMP_NINQ', 'IMP_CLNO', 'M_DEBTINC',
       'IMP_DEBTINC'],
      dtype='object')
2023-11-26 23:01:26: INFO: Important Variables from RF Regression: 4
2023-11-26 23:01:26: INFO: Important Variables from RF Regression: Index(['LOAN', 'IMP_CLNO', 'M_DEBTINC', 'IMP_DEBTINC'], dtype='object')
2023-11-26 23:01:26: INFO: LR Categorical
2023-11-26 23:01:26: INFO: Using Features from LR.
2023-11-26 23:01:26: INFO: LR variables Accuracy Train: 0.8146
2023-11-26 23:01:26: INFO: LR variables  Accuracy Test:: 0.8054
2023-11-26 23:01:26: INFO: LR variables AUC Train: 0.71
2023-11-26 23:01:26: INFO: LR variables AUC Test: 0.70
2023-11-26 23:01:26: INFO: LR AUC Train Cross Validation Average: 0.66
2023-11-26 23:01:40: INFO: ------------------------------------
2023-11-26 23:01:40: INFO: LR Regression
2023-11-26 23:01:40: INFO: Using Features from LR.
2023-11-26 23:01:40: INFO: LR MEAN Train: 12254.549947423764
2023-11-26 23:01:40: INFO: LR MEAN Test: 11573.31512605042
2023-11-26 23:01:40: INFO: LR RMSE Train: 3953.4178366198194 (Error Ratio: 0.32260816215865473)
2023-11-26 23:01:40: INFO: LR RMSE Test: 3948.0554767757103 (Error Ratio: 0.34113436243423606)
2023-11-26 23:01:40: INFO: LR RMSE Train Cross Validation Average: 3977.16 (Error Ratio: 0.324545210110739)
2023-11-26 23:01:40: INFO: ------------------------------------
2023-11-26 23:01:40: INFO: DT Categorical
2023-11-26 23:01:40: INFO: Using Default Parameters for DT.
2023-11-26 23:01:40: INFO: DT Accuracy Train: 0.8878
2023-11-26 23:01:40: INFO: DT Accuracy Test:: 0.8817
2023-11-26 23:01:40: INFO: DT AUC Train: 0.85
2023-11-26 23:01:40: INFO: DT AUC Test: 0.82
2023-11-26 23:01:40: INFO: DT AUC Train Cross Validation Average: 0.84
2023-11-26 23:01:40: INFO: ------------------------------------
2023-11-26 23:01:40: INFO: DT Regression
2023-11-26 23:01:40: INFO: Using Default Parameters for DT.
2023-11-26 23:01:40: INFO: DT MEAN Train: 12254.549947423764
2023-11-26 23:01:40: INFO: DT MEAN Test: 11573.31512605042
2023-11-26 23:01:40: INFO: DT RMSE Train: 3769.5466630483907
2023-11-26 23:01:40: INFO: DT RMSE Test: 4545.020719655776
2023-11-26 23:01:40: INFO: DT RMSE Train Cross Validation Average: 4012.28
2023-11-26 23:01:40: INFO: ------------------------------------
2023-11-26 23:01:40: INFO: RF Categorical
2023-11-26 23:01:40: INFO: Using Default Parameters for RF.
2023-11-26 23:01:41: INFO: RF Accuracy Train: 0.8677
2023-11-26 23:01:41: INFO: RF Accuracy Test:: 0.8440
2023-11-26 23:01:41: INFO: RF AUC Train: 0.91
2023-11-26 23:01:41: INFO: RF AUC Test: 0.89
2023-11-26 23:01:42: INFO: RF AUC Train Cross Validation Average: 0.91
2023-11-26 23:01:47: INFO: ------------------------------------
2023-11-26 23:01:47: INFO: RF Regression
2023-11-26 23:01:47: INFO: Using Default Parameters for RF.
2023-11-26 23:01:47: INFO: RF MEAN Train: 12254.549947423764
2023-11-26 23:01:47: INFO: RF MEAN Test: 11573.31512605042
2023-11-26 23:01:47: INFO: RF RMSE Train: 3392.3865699146813
2023-11-26 23:01:47: INFO: RF RMSE Test: 3918.142618027322
2023-11-26 23:01:47: INFO: RF RMSE Train Cross Validation Average: 3547.33
2023-11-26 23:01:47: INFO: ------------------------------------
2023-11-26 23:01:47: INFO: GB Categorical
2023-11-26 23:01:47: INFO: Using Default Parameters for GB.
2023-11-26 23:01:48: INFO: GB Accuracy Train: 0.9211
2023-11-26 23:01:48: INFO: GB Accuracy Test:: 0.9044
2023-11-26 23:01:48: INFO: GB AUC Train: 0.95
2023-11-26 23:01:48: INFO: GB AUC Test: 0.92
2023-11-26 23:01:51: INFO: GB AUC Train Cross Validation Average: 0.93
2023-11-26 23:01:56: INFO: ------------------------------------
2023-11-26 23:01:56: INFO: GB Regression
2023-11-26 23:01:56: INFO: Using Default Parameters for GB.
2023-11-26 23:01:56: INFO: GB MEAN Train: 12254.549947423764
2023-11-26 23:01:56: INFO: GB MEAN Test: 11573.31512605042
2023-11-26 23:01:56: INFO: GB RMSE Train: 2004.8796522427847
2023-11-26 23:01:56: INFO: GB RMSE Test: 2420.9767153237617
2023-11-26 23:01:56: INFO: GB RMSE Train Cross Validation Average: 2707.31
2023-11-26 23:01:56: INFO: ------------------------------------
2023-11-26 23:02:07: INFO: TF-Relu-hl-1-do-True-ep-100 Accuracy Train: 0.9270
2023-11-26 23:02:07: INFO: TF-Relu-hl-1-do-True-ep-100 Accuracy Test: 0.9102
2023-11-26 23:02:07: INFO: TF-Relu-hl-1-do-True-ep-100 AUC Train: 0.959
2023-11-26 23:02:07: INFO: TF-Relu-hl-1-do-True-ep-100 AUC Test: 0.934
2023-11-26 23:02:12: INFO: ------------------------------------
2023-11-26 23:02:30: INFO: TF-Relu-hl-1-do-True-ep-800 MEAN Train: 12254.549947423764
2023-11-26 23:02:30: INFO: TF-Relu-hl-1-do-True-ep-800 MEAN Test: 11573.31512605042
2023-11-26 23:02:30: INFO: TF-Relu-hl-1-do-True-ep-800 RMSE Train: 5246.201173291892 (Error Ratio: 0.4281023126756919)
2023-11-26 23:02:30: INFO: TF-Relu-hl-1-do-True-ep-800 RMSE Test: 4665.453810386643 (Error Ratio: 0.4031216431569512)
2023-11-26 23:02:30: INFO: ------------------------------------
2023-11-26 23:02:40: INFO: TF-Relu-hl-1-do-False-ep-100 Accuracy Train: 0.9283
2023-11-26 23:02:40: INFO: TF-Relu-hl-1-do-False-ep-100 Accuracy Test: 0.9111
2023-11-26 23:02:40: INFO: TF-Relu-hl-1-do-False-ep-100 AUC Train: 0.962
2023-11-26 23:02:40: INFO: TF-Relu-hl-1-do-False-ep-100 AUC Test: 0.933
2023-11-26 23:02:45: INFO: ------------------------------------
2023-11-26 23:03:02: INFO: TF-Relu-hl-1-do-False-ep-800 MEAN Train: 12254.549947423764
2023-11-26 23:03:02: INFO: TF-Relu-hl-1-do-False-ep-800 MEAN Test: 11573.31512605042
2023-11-26 23:03:02: INFO: TF-Relu-hl-1-do-False-ep-800 RMSE Train: 5031.901696273777 (Error Ratio: 0.4106149730395948)
2023-11-26 23:03:02: INFO: TF-Relu-hl-1-do-False-ep-800 RMSE Test: 4476.82880093603 (Error Ratio: 0.3868233736122089)
2023-11-26 23:03:02: INFO: ------------------------------------
2023-11-26 23:03:13: INFO: TF-Relu-hl-2-do-True-ep-100 Accuracy Train: 0.9507
2023-11-26 23:03:13: INFO: TF-Relu-hl-2-do-True-ep-100 Accuracy Test: 0.9161
2023-11-26 23:03:13: INFO: TF-Relu-hl-2-do-True-ep-100 AUC Train: 0.982
2023-11-26 23:03:13: INFO: TF-Relu-hl-2-do-True-ep-100 AUC Test: 0.940
2023-11-26 23:03:17: INFO: ------------------------------------
2023-11-26 23:03:36: INFO: TF-Relu-hl-2-do-True-ep-800 MEAN Train: 12254.549947423764
2023-11-26 23:03:36: INFO: TF-Relu-hl-2-do-True-ep-800 MEAN Test: 11573.31512605042
2023-11-26 23:03:36: INFO: TF-Relu-hl-2-do-True-ep-800 RMSE Train: 3179.191640434559 (Error Ratio: 0.2594294897874165)
2023-11-26 23:03:36: INFO: TF-Relu-hl-2-do-True-ep-800 RMSE Test: 3268.652736149531 (Error Ratio: 0.28243011622418435)
2023-11-26 23:03:36: INFO: ------------------------------------
2023-11-26 23:03:47: INFO: TF-Relu-hl-2-do-False-ep-100 Accuracy Train: 0.9650
2023-11-26 23:03:47: INFO: TF-Relu-hl-2-do-False-ep-100 Accuracy Test: 0.9262
2023-11-26 23:03:47: INFO: TF-Relu-hl-2-do-False-ep-100 AUC Train: 0.989
2023-11-26 23:03:47: INFO: TF-Relu-hl-2-do-False-ep-100 AUC Test: 0.940
2023-11-26 23:03:50: INFO: ------------------------------------
2023-11-26 23:04:08: INFO: TF-Relu-hl-2-do-False-ep-800 MEAN Train: 12254.549947423764
2023-11-26 23:04:08: INFO: TF-Relu-hl-2-do-False-ep-800 MEAN Test: 11573.31512605042
2023-11-26 23:04:08: INFO: TF-Relu-hl-2-do-False-ep-800 RMSE Train: 2289.9517509356056 (Error Ratio: 0.186865430453202)
2023-11-26 23:04:08: INFO: TF-Relu-hl-2-do-False-ep-800 RMSE Test: 2295.608823152877 (Error Ratio: 0.1983536089832793)
2023-11-26 23:04:08: INFO: ------------------------------------
2023-11-26 23:04:18: INFO: TF-Sigmoid-hl-1-do-True-ep-100 Accuracy Train: 0.8872
2023-11-26 23:04:18: INFO: TF-Sigmoid-hl-1-do-True-ep-100 Accuracy Test: 0.8834
2023-11-26 23:04:18: INFO: TF-Sigmoid-hl-1-do-True-ep-100 AUC Train: 0.914
2023-11-26 23:04:18: INFO: TF-Sigmoid-hl-1-do-True-ep-100 AUC Test: 0.899
2023-11-26 23:04:25: INFO: ------------------------------------
2023-11-26 23:04:43: INFO: TF-Sigmoid-hl-1-do-True-ep-800 MEAN Train: 12254.549947423764
2023-11-26 23:04:43: INFO: TF-Sigmoid-hl-1-do-True-ep-800 MEAN Test: 11573.31512605042
2023-11-26 23:04:43: INFO: TF-Sigmoid-hl-1-do-True-ep-800 RMSE Train: 13333.800142309276 (Error Ratio: 1.0880693456321013)
2023-11-26 23:04:43: INFO: TF-Sigmoid-hl-1-do-True-ep-800 RMSE Test: 12617.720370392159 (Error Ratio: 1.0902425305944432)
2023-11-26 23:04:43: INFO: ------------------------------------
2023-11-26 23:04:53: INFO: TF-Sigmoid-hl-1-do-False-ep-100 Accuracy Train: 0.8935
2023-11-26 23:04:53: INFO: TF-Sigmoid-hl-1-do-False-ep-100 Accuracy Test: 0.8884
2023-11-26 23:04:53: INFO: TF-Sigmoid-hl-1-do-False-ep-100 AUC Train: 0.915
2023-11-26 23:04:53: INFO: TF-Sigmoid-hl-1-do-False-ep-100 AUC Test: 0.900
2023-11-26 23:05:00: INFO: ------------------------------------
2023-11-26 23:05:17: INFO: TF-Sigmoid-hl-1-do-False-ep-800 MEAN Train: 12254.549947423764
2023-11-26 23:05:17: INFO: TF-Sigmoid-hl-1-do-False-ep-800 MEAN Test: 11573.31512605042
2023-11-26 23:05:17: INFO: TF-Sigmoid-hl-1-do-False-ep-800 RMSE Train: 13327.97919179043 (Error Ratio: 1.0875943424256334)
2023-11-26 23:05:17: INFO: TF-Sigmoid-hl-1-do-False-ep-800 RMSE Test: 12611.952134096711 (Error Ratio: 1.0897441222963349)
2023-11-26 23:05:17: INFO: ------------------------------------
2023-11-26 23:05:29: INFO: TF-Sigmoid-hl-2-do-True-ep-100 Accuracy Train: 0.8922
2023-11-26 23:05:29: INFO: TF-Sigmoid-hl-2-do-True-ep-100 Accuracy Test: 0.8842
2023-11-26 23:05:29: INFO: TF-Sigmoid-hl-2-do-True-ep-100 AUC Train: 0.914
2023-11-26 23:05:29: INFO: TF-Sigmoid-hl-2-do-True-ep-100 AUC Test: 0.899
2023-11-26 23:05:36: INFO: ------------------------------------
2023-11-26 23:05:56: INFO: TF-Sigmoid-hl-2-do-True-ep-800 MEAN Train: 12254.549947423764
2023-11-26 23:05:56: INFO: TF-Sigmoid-hl-2-do-True-ep-800 MEAN Test: 11573.31512605042
2023-11-26 23:05:56: INFO: TF-Sigmoid-hl-2-do-True-ep-800 RMSE Train: 13428.252046897087 (Error Ratio: 1.0957768424388419)
2023-11-26 23:05:56: INFO: TF-Sigmoid-hl-2-do-True-ep-800 RMSE Test: 12711.334786168469 (Error Ratio: 1.0983313465263274)
2023-11-26 23:05:56: INFO: ------------------------------------
2023-11-26 23:06:06: INFO: TF-Sigmoid-hl-2-do-False-ep-100 Accuracy Train: 0.8945
2023-11-26 23:06:06: INFO: TF-Sigmoid-hl-2-do-False-ep-100 Accuracy Test: 0.8867
2023-11-26 23:06:07: INFO: TF-Sigmoid-hl-2-do-False-ep-100 AUC Train: 0.915
2023-11-26 23:06:07: INFO: TF-Sigmoid-hl-2-do-False-ep-100 AUC Test: 0.899
2023-11-26 23:06:14: INFO: ------------------------------------
2023-11-26 23:06:32: INFO: TF-Sigmoid-hl-2-do-False-ep-800 MEAN Train: 12254.549947423764
2023-11-26 23:06:32: INFO: TF-Sigmoid-hl-2-do-False-ep-800 MEAN Test: 11573.31512605042
2023-11-26 23:06:32: INFO: TF-Sigmoid-hl-2-do-False-ep-800 RMSE Train: 13487.721631846445 (Error Ratio: 1.1006296999655973)
2023-11-26 23:06:32: INFO: TF-Sigmoid-hl-2-do-False-ep-800 RMSE Test: 12770.293925919366 (Error Ratio: 1.103425750256697)
2023-11-26 23:06:32: INFO: ------------------------------------
2023-11-26 23:06:42: INFO: TF-Tanh-hl-1-do-True-ep-100 Accuracy Train: 0.8949
2023-11-26 23:06:42: INFO: TF-Tanh-hl-1-do-True-ep-100 Accuracy Test: 0.8826
2023-11-26 23:06:42: INFO: TF-Tanh-hl-1-do-True-ep-100 AUC Train: 0.916
2023-11-26 23:06:42: INFO: TF-Tanh-hl-1-do-True-ep-100 AUC Test: 0.899
2023-11-26 23:06:49: INFO: ------------------------------------
2023-11-26 23:07:07: INFO: TF-Tanh-hl-1-do-True-ep-800 MEAN Train: 12254.549947423764
2023-11-26 23:07:07: INFO: TF-Tanh-hl-1-do-True-ep-800 MEAN Test: 11573.31512605042
2023-11-26 23:07:07: INFO: TF-Tanh-hl-1-do-True-ep-800 RMSE Train: 13327.700185214066 (Error Ratio: 1.0875715748350192)
2023-11-26 23:07:07: INFO: TF-Tanh-hl-1-do-True-ep-800 RMSE Test: 12611.675660768597 (Error Ratio: 1.0897202334343188)
2023-11-26 23:07:07: INFO: ------------------------------------
2023-11-26 23:07:17: INFO: TF-Tanh-hl-1-do-False-ep-100 Accuracy Train: 0.9021
2023-11-26 23:07:17: INFO: TF-Tanh-hl-1-do-False-ep-100 Accuracy Test: 0.8943
2023-11-26 23:07:17: INFO: TF-Tanh-hl-1-do-False-ep-100 AUC Train: 0.927
2023-11-26 23:07:17: INFO: TF-Tanh-hl-1-do-False-ep-100 AUC Test: 0.911
2023-11-26 23:07:24: INFO: ------------------------------------
2023-11-26 23:07:41: INFO: TF-Tanh-hl-1-do-False-ep-800 MEAN Train: 12254.549947423764
2023-11-26 23:07:41: INFO: TF-Tanh-hl-1-do-False-ep-800 MEAN Test: 11573.31512605042
2023-11-26 23:07:41: INFO: TF-Tanh-hl-1-do-False-ep-800 RMSE Train: 13322.331485500226 (Error Ratio: 1.0871334763543021)
2023-11-26 23:07:41: INFO: TF-Tanh-hl-1-do-False-ep-800 RMSE Test: 12606.355701395962 (Error Ratio: 1.0892605588022284)
2023-11-26 23:07:41: INFO: ------------------------------------
2023-11-26 23:07:52: INFO: TF-Tanh-hl-2-do-True-ep-100 Accuracy Train: 0.8979
2023-11-26 23:07:52: INFO: TF-Tanh-hl-2-do-True-ep-100 Accuracy Test: 0.8943
2023-11-26 23:07:52: INFO: TF-Tanh-hl-2-do-True-ep-100 AUC Train: 0.923
2023-11-26 23:07:52: INFO: TF-Tanh-hl-2-do-True-ep-100 AUC Test: 0.906
2023-11-26 23:07:59: INFO: ------------------------------------
2023-11-26 23:08:18: INFO: TF-Tanh-hl-2-do-True-ep-800 MEAN Train: 12254.549947423764
2023-11-26 23:08:18: INFO: TF-Tanh-hl-2-do-True-ep-800 MEAN Test: 11573.31512605042
2023-11-26 23:08:18: INFO: TF-Tanh-hl-2-do-True-ep-800 RMSE Train: 13334.764256833356 (Error Ratio: 1.0881480196371212)
2023-11-26 23:08:18: INFO: TF-Tanh-hl-2-do-True-ep-800 RMSE Test: 12618.675765972643 (Error Ratio: 1.0903250821857617)
2023-11-26 23:08:18: INFO: ------------------------------------
2023-11-26 23:08:29: INFO: TF-Tanh-hl-2-do-False-ep-100 Accuracy Train: 0.9249
2023-11-26 23:08:29: INFO: TF-Tanh-hl-2-do-False-ep-100 Accuracy Test: 0.9052
2023-11-26 23:08:29: INFO: TF-Tanh-hl-2-do-False-ep-100 AUC Train: 0.952
2023-11-26 23:08:29: INFO: TF-Tanh-hl-2-do-False-ep-100 AUC Test: 0.916
2023-11-26 23:08:35: INFO: ------------------------------------
2023-11-26 23:08:53: INFO: TF-Tanh-hl-2-do-False-ep-800 MEAN Train: 12254.549947423764
2023-11-26 23:08:53: INFO: TF-Tanh-hl-2-do-False-ep-800 MEAN Test: 11573.31512605042
2023-11-26 23:08:53: INFO: TF-Tanh-hl-2-do-False-ep-800 RMSE Train: 13329.344500015972 (Error Ratio: 1.0877057547770783)
2023-11-26 23:08:53: INFO: TF-Tanh-hl-2-do-False-ep-800 RMSE Test: 12613.305066350862 (Error Ratio: 1.0898610233086563)
2023-11-26 23:08:53: INFO: ------------------------------------
2023-11-26 23:09:15: INFO: Execution time: 0:07:49.020058
