2023-11-28 22:08:03: INFO: Total NaN values in each row.
2023-11-28 22:08:03: INFO: NOTE: I am not imputing TARGET_LOSS_AMT because this is only NaN when the person did not default.
2023-11-28 22:08:03: INFO: 
TARGET_BAD_FLAG       0
TARGET_LOSS_AMT    4771
LOAN                  0
MORTDUE             518
VALUE               112
REASON              252
JOB                 279
YOJ                 515
DEROG               708
DELINQ              580
CLAGE               308
NINQ                510
CLNO                222
DEBTINC            1267
2023-11-28 22:08:03: INFO: Median of each numerical column grouped by job and reason of loan. I will impute NaNs with these values.
2023-11-28 22:08:03: INFO: 
                 TARGET_BAD_FLAG  TARGET_LOSS_AMT     LOAN     MORTDUE     VALUE    YOJ  DEROG  DELINQ       CLAGE  NINQ  CLNO    DEBTINC
REASON  JOB                                                                                                                              
DebtCon Mgr                  0.0          14360.0  19450.0   76600.000   99025.5   8.00    0.0     0.0  175.570979   1.0  23.0  36.290354
        Office               0.0          13453.0  17900.0   63744.000   90810.5   5.00    0.0     0.0  167.657981   1.0  22.0  36.099281
        Other                0.0          12124.0  18000.0   54653.000   77519.0   8.00    0.0     0.0  152.202235   1.0  19.0  35.730559
        ProfExe              0.0          15237.0  18500.0   83149.500  113083.5   8.00    0.0     0.0  190.800000   1.0  25.0  33.591086
        Sales                0.0          16656.0  15200.0   74392.500   87446.5   4.00    0.0     0.0  141.268671   0.0  23.0  35.033102
        Self                 0.0          19324.0  23400.0  101250.000  125252.0   5.00    0.0     0.0  178.951539   1.0  24.0  34.554127
        NaN                  0.0          14756.0  11100.0   59701.500   80037.0   5.00    0.0     0.0  129.896035   1.0  16.0  31.626822
HomeImp Mgr                  0.0           6533.5  13250.0   74013.000  102377.5   8.00    0.0     0.0  162.637297   0.0  21.0  33.200548
        Office               0.0           5817.0  12000.0   62200.000   80147.0  10.00    0.0     0.0  175.082704   0.0  17.5  35.949877
        Other                0.0           4572.0  10800.0   53812.500   73319.0   7.00    0.0     0.0  168.666667   0.0  15.0  34.485533
        ProfExe              0.0           6934.0  14900.0   82889.500  107442.5   7.00    0.0     0.0  177.854846   0.0  22.0  32.870335
        Sales                0.0           3870.0   5500.0   70793.000   70735.0   4.00    1.0     0.0  156.625882   0.0  23.0  40.442569
        Self                 0.0          17239.0  24000.0   78943.500  167020.0   7.00    0.0     0.0  192.226177   1.0  21.0  35.871959
        NaN                  0.0          12251.5  21900.0   85337.000  100147.0   8.00    0.0     0.0  142.147140   0.0  13.0  31.203189
NaN     Mgr                  0.0          14283.0  20000.0  111000.000  168708.0  13.00    0.0     4.0  249.242763   1.0  27.0  32.698229
        Office               0.0              NaN  15500.0   25751.000   44461.0   2.00    0.0     0.0  211.033333   0.0  16.0  37.816428
        Other                0.0          11471.0  16100.0   67371.305   95085.0  12.00    0.0     0.0  246.918710   0.0  19.0  31.183363
        ProfExe              0.0          10107.5  18500.0   62772.000   90031.0   6.50    0.0     0.0  108.136393   1.0  17.5  27.740432
        Self                 1.0          28095.0  27700.0   61396.000  111627.0   5.00    0.0     1.0  101.466667   1.0  28.0  84.613889
        NaN                  0.0           5312.0  13300.0   47811.000   72583.0   0.95    0.0     0.0  118.976063   0.0   0.0  23.988913
2023-11-28 22:08:03: INFO: Impute missing values START.
2023-11-28 22:08:03: INFO: Impute missing categorical values to 'Unknwon'.
2023-11-28 22:08:03: INFO: Add new column for flag and imputed numbers.
2023-11-28 22:08:03: INFO: The NaNs will be imputed by the median of per Job and Reason.
2023-11-28 22:08:03: INFO: The original imputed columns will be deleted.
2023-11-28 22:08:04: INFO: Impute missing values END.
2023-11-28 22:08:04: INFO: First 5 observations of the imputed data
2023-11-28 22:08:04: INFO: 
                         0           1           2       3          4
TARGET_BAD_FLAG          1           1           1       1          0
TARGET_LOSS_AMT      641.0      1109.0       767.0  1425.0        NaN
LOAN                  1100        1300        1500    1500       1700
MORTDUE            25860.0     70053.0     13500.0     NaN    97800.0
VALUE              39025.0     68400.0     16700.0     NaN   112000.0
REASON             HomeImp     HomeImp     HomeImp     NaN    HomeImp
JOB                  Other       Other       Other     NaN     Office
YOJ                   10.5         7.0         4.0     NaN        3.0
DEROG                  0.0         0.0         0.0     NaN        0.0
DELINQ                 0.0         2.0         0.0     NaN        0.0
CLAGE            94.366667  121.833333  149.466667     NaN  93.333333
NINQ                   1.0         0.0         1.0     NaN        0.0
CLNO                   9.0        14.0        10.0     NaN       14.0
DEBTINC                NaN         NaN         NaN     NaN        NaN
2023-11-28 22:08:04: INFO: Confirming there are no NaNs (except the intentionally left TARGET_LOSS_AMT.)
2023-11-28 22:08:04: INFO: 
TARGET_BAD_FLAG       0
TARGET_LOSS_AMT    4771
LOAN                  0
REASON                0
JOB                   0
M_MORTDUE             0
IMP_MORTDUE           0
M_VALUE               0
IMP_VALUE             0
M_YOJ                 0
IMP_YOJ               0
M_DEROG               0
IMP_DEROG             0
M_DELINQ              0
IMP_DELINQ            0
M_CLAGE               0
IMP_CLAGE             0
M_NINQ                0
IMP_NINQ              0
M_CLNO                0
IMP_CLNO              0
M_DEBTINC             0
IMP_DEBTINC           0
2023-11-28 22:08:04: INFO: Creating dummy variables for categorical columns
2023-11-28 22:08:04: INFO: Completed creating dummy variables
2023-11-28 22:08:04: INFO: First 5 observations of the data with dummy variables
2023-11-28 22:08:04: INFO: 
   TARGET_BAD_FLAG  TARGET_LOSS_AMT  LOAN  M_MORTDUE  IMP_MORTDUE  M_VALUE  IMP_VALUE  M_YOJ  IMP_YOJ  M_DEROG  IMP_DEROG  M_DELINQ  IMP_DELINQ  M_CLAGE   IMP_CLAGE  M_NINQ  IMP_NINQ  M_CLNO  IMP_CLNO  M_DEBTINC  IMP_DEBTINC  z_REASON_DebtCon  z_REASON_HomeImp  z_JOB_Mgr  z_JOB_Office  z_JOB_Other  z_JOB_ProfExe  z_JOB_Sales  z_JOB_Self
0                1            641.0  1100          0      25860.0        0    39025.0      0    10.50        0        0.0         0         0.0        0   94.366667       0       1.0       0       9.0          1    34.485533                 0                 1          0             0            1              0            0           0
1                1           1109.0  1300          0      70053.0        0    68400.0      0     7.00        0        0.0         0         2.0        0  121.833333       0       0.0       0      14.0          1    34.485533                 0                 1          0             0            1              0            0           0
2                1            767.0  1500          0      13500.0        0    16700.0      0     4.00        0        0.0         0         0.0        0  149.466667       0       1.0       0      10.0          1    34.485533                 0                 1          0             0            1              0            0           0
3                1           1425.0  1500          1      47811.0        1    72583.0      1     0.95        1        0.0         1         0.0        1  118.976063       1       0.0       1       0.0          1    23.988913                 0                 0          0             0            0              0            0           0
4                0              NaN  1700          0      97800.0        0   112000.0      0     3.00        0        0.0         0         0.0        0   93.333333       0       0.0       0      14.0          1    35.949877                 0                 1          0             1            0              0            0           0
2023-11-28 22:08:04: INFO: LOSS AMOUNT statistics BEFORE capping
2023-11-28 22:08:04: INFO: 
count     1189.000000
mean     13414.576955
std      10839.455965
min        224.000000
25%       5639.000000
50%      11003.000000
75%      17634.000000
max      78987.000000
2023-11-28 22:08:04: INFO: LOSS AMOUNT statistics AFTER capping
2023-11-28 22:08:04: INFO: 
count     1189.000000
mean     12118.188394
std       7574.544843
min        224.000000
25%       5639.000000
50%      11003.000000
75%      17634.000000
max      25000.000000
2023-11-28 22:08:04: INFO: Data Split
2023-11-28 22:08:04: INFO: FLAG DATA
2023-11-28 22:08:04: INFO: TRAINING = (4768, 27)
2023-11-28 22:08:04: INFO: TEST = (1192, 27)
2023-11-28 22:08:04: INFO: LOSS AMOUNT DATA
2023-11-28 22:08:04: INFO: TRAINING = (951,)
2023-11-28 22:08:04: INFO: TEST = (238,)
2023-11-28 22:08:04: INFO: 
count      951.000000
mean     12254.549947
std       7625.029926
min        224.000000
25%       5781.000000
50%      11122.000000
75%      18082.000000
max      25000.000000
2023-11-28 22:08:04: INFO: 
count      238.000000
mean     11573.315126
std       7359.835410
min        320.000000
25%       5025.500000
50%      10390.000000
75%      16489.500000
max      25000.000000
2023-11-28 22:08:04: INFO: Variables Selection enabled for RF
2023-11-28 22:08:04: INFO: Important Variables Count from RF Categorical: 13
2023-11-28 22:08:04: INFO: Important Variables from RF Categorical: Index(['LOAN', 'IMP_MORTDUE', 'M_VALUE', 'IMP_VALUE', 'IMP_YOJ', 'M_DEROG',
       'IMP_DEROG', 'IMP_DELINQ', 'IMP_CLAGE', 'IMP_NINQ', 'IMP_CLNO',
       'M_DEBTINC', 'IMP_DEBTINC'],
      dtype='object')
2023-11-28 22:08:04: INFO: Important Variables from RF Regression: 8
2023-11-28 22:08:04: INFO: Important Variables from RF Regression: Index(['LOAN', 'IMP_MORTDUE', 'IMP_YOJ', 'IMP_DELINQ', 'IMP_CLAGE', 'IMP_CLNO',
       'M_DEBTINC', 'IMP_DEBTINC'],
      dtype='object')
2023-11-28 22:08:04: INFO: LR Categorical
2023-11-28 22:08:04: INFO: Using Features from LR.
2023-11-28 22:08:04: INFO: LR variables Accuracy Train: 0.8129
2023-11-28 22:08:04: INFO: LR variables  Accuracy Test:: 0.8037
2023-11-28 22:08:04: INFO: LR variables AUC Train: 0.710
2023-11-28 22:08:04: INFO: LR variables AUC Test: 0.704
2023-11-28 22:08:05: INFO: LR AUC Train Cross Validation Average: 0.66
2023-11-28 22:08:21: INFO: ------------------------------------
2023-11-28 22:08:21: INFO: LR Regression
2023-11-28 22:08:21: INFO: Using Features from LR.
2023-11-28 22:08:21: INFO: LR MEAN Train: 12254.549947423764
2023-11-28 22:08:21: INFO: LR MEAN Test: 11573.31512605042
2023-11-28 22:08:21: INFO: LR RMSE Train: 3608.0274161939597 (Error Ratio: 0.2944234942673243)
2023-11-28 22:08:21: INFO: LR RMSE Test: 3600.097339958922 (Error Ratio: 0.311068807921375)
2023-11-28 22:08:21: INFO: LR RMSE Train Cross Validation Average: 3729.28 (Error Ratio: 0.3043181274969997)
2023-11-28 22:08:21: INFO: ------------------------------------
2023-11-28 22:08:21: INFO: DT Categorical
2023-11-28 22:08:21: INFO: Using Default Parameters for DT.
2023-11-28 22:08:21: INFO: DT Accuracy Train: 1.0000
2023-11-28 22:08:21: INFO: DT Accuracy Test:: 0.8658
2023-11-28 22:08:21: INFO: DT AUC Train: 1.000
2023-11-28 22:08:21: INFO: DT AUC Test: 0.777
2023-11-28 22:08:22: INFO: DT AUC Train Cross Validation Average: 0.783
2023-11-28 22:08:22: INFO: ------------------------------------
2023-11-28 22:08:22: INFO: DT Regression
2023-11-28 22:08:22: INFO: Using Default Parameters for DT.
2023-11-28 22:08:22: INFO: DT MEAN Train: 12254.549947423764
2023-11-28 22:08:22: INFO: DT MEAN Test: 11573.31512605042
2023-11-28 22:08:22: INFO: DT RMSE Train: 0.0 (Error Ratio: 0.0)
2023-11-28 22:08:22: INFO: DT RMSE Test: 2789.5754722046954 (Error Ratio: 0.24103512622114895)
2023-11-28 22:08:22: INFO: DT RMSE Train Cross Validation Average: 3363.372
2023-11-28 22:08:22: INFO: ------------------------------------
2023-11-28 22:08:22: INFO: RF Categorical
2023-11-28 22:08:22: INFO: Using Default Parameters for RF.
2023-11-28 22:08:22: INFO: RF Accuracy Train: 0.8972
2023-11-28 22:08:22: INFO: RF Accuracy Test:: 0.8842
2023-11-28 22:08:22: INFO: RF AUC Train: 0.931
2023-11-28 22:08:22: INFO: RF AUC Test: 0.908
2023-11-28 22:08:24: INFO: RF AUC Train Cross Validation Average: 0.915
2023-11-28 22:08:32: INFO: ------------------------------------
2023-11-28 22:08:32: INFO: RF Regression
2023-11-28 22:08:32: INFO: Using Default Parameters for RF.
2023-11-28 22:08:32: INFO: RF MEAN Train: 12254.549947423764
2023-11-28 22:08:32: INFO: RF MEAN Test: 11573.31512605042
2023-11-28 22:08:34: INFO: RF RMSE Train: 2280.5393627440317 (Error Ratio: 0.18609735751441955)
2023-11-28 22:08:34: INFO: RF RMSE Test: 2859.066596335793 (Error Ratio: 0.2470395530750138)
2023-11-28 22:08:34: INFO: RF RMSE Train Cross Validation Average: 2896.565
2023-11-28 22:08:34: INFO: ------------------------------------
2023-11-28 22:08:34: INFO: GB Categorical
2023-11-28 22:08:34: INFO: Using Default Parameters for GB.
2023-11-28 22:08:34: INFO: GB Accuracy Train: 0.9220
2023-11-28 22:08:34: INFO: GB Accuracy Test:: 0.9027
2023-11-28 22:08:34: INFO: GB AUC Train: 0.956
2023-11-28 22:08:34: INFO: GB AUC Test: 0.924
2023-11-28 22:08:38: INFO: GB AUC Train Cross Validation Average: 0.931
2023-11-28 22:08:44: INFO: ------------------------------------
2023-11-28 22:08:44: INFO: GB Regression
2023-11-28 22:08:44: INFO: Using Default Parameters for GB.
2023-11-28 22:08:44: INFO: GB MEAN Train: 12254.549947423764
2023-11-28 22:08:44: INFO: GB MEAN Test: 11573.31512605042
2023-11-28 22:08:45: INFO: GB RMSE Train: 1250.6937963258408 (Error Ratio: 0.10205954536818958)
2023-11-28 22:08:45: INFO: GB RMSE Test: 2043.1677758869284 (Error Ratio: 0.1765412721967584)
2023-11-28 22:08:45: INFO: GB RMSE Train Cross Validation Average: 2137.494
2023-11-28 22:08:45: INFO: ------------------------------------
2023-11-28 22:08:59: INFO: TF-Relu-hl-1-do-True-ep-100 Accuracy Train: 0.9027
2023-11-28 22:08:59: INFO: TF-Relu-hl-1-do-True-ep-100 Accuracy Test: 0.8968
2023-11-28 22:08:59: INFO: TF-Relu-hl-1-do-True-ep-100 AUC Train: 0.926
2023-11-28 22:08:59: INFO: TF-Relu-hl-1-do-True-ep-100 AUC Test: 0.900
2023-11-28 22:09:08: INFO: ------------------------------------
2023-11-28 22:09:31: INFO: TF-Relu-hl-1-do-True-ep-800 MEAN Train: 12254.549947423764
2023-11-28 22:09:31: INFO: TF-Relu-hl-1-do-True-ep-800 MEAN Test: 11573.31512605042
2023-11-28 22:09:31: INFO: TF-Relu-hl-1-do-True-ep-800 RMSE Train: 6439.471875827809 (Error Ratio: 0.5254759989926483)
2023-11-28 22:09:31: INFO: TF-Relu-hl-1-do-True-ep-800 RMSE Test: 5963.050029715886 (Error Ratio: 0.5152413085420644)
2023-11-28 22:09:31: INFO: ------------------------------------
2023-11-28 22:09:43: INFO: TF-Relu-hl-1-do-False-ep-100 Accuracy Train: 0.9008
2023-11-28 22:09:43: INFO: TF-Relu-hl-1-do-False-ep-100 Accuracy Test: 0.8951
2023-11-28 22:09:43: INFO: TF-Relu-hl-1-do-False-ep-100 AUC Train: 0.923
2023-11-28 22:09:43: INFO: TF-Relu-hl-1-do-False-ep-100 AUC Test: 0.895
2023-11-28 22:09:51: INFO: ------------------------------------
2023-11-28 22:10:10: INFO: TF-Relu-hl-1-do-False-ep-800 MEAN Train: 12254.549947423764
2023-11-28 22:10:10: INFO: TF-Relu-hl-1-do-False-ep-800 MEAN Test: 11573.31512605042
2023-11-28 22:10:10: INFO: TF-Relu-hl-1-do-False-ep-800 RMSE Train: 6577.777984228791 (Error Ratio: 0.536762101623456)
2023-11-28 22:10:10: INFO: TF-Relu-hl-1-do-False-ep-800 RMSE Test: 6072.01230548307 (Error Ratio: 0.5246562665364183)
2023-11-28 22:10:10: INFO: ------------------------------------
2023-11-28 22:10:23: INFO: TF-Relu-hl-2-do-True-ep-100 Accuracy Train: 0.9062
2023-11-28 22:10:23: INFO: TF-Relu-hl-2-do-True-ep-100 Accuracy Test: 0.8968
2023-11-28 22:10:24: INFO: TF-Relu-hl-2-do-True-ep-100 AUC Train: 0.936
2023-11-28 22:10:24: INFO: TF-Relu-hl-2-do-True-ep-100 AUC Test: 0.912
2023-11-28 22:10:32: INFO: ------------------------------------
2023-11-28 22:10:55: INFO: TF-Relu-hl-2-do-True-ep-800 MEAN Train: 12254.549947423764
2023-11-28 22:10:55: INFO: TF-Relu-hl-2-do-True-ep-800 MEAN Test: 11573.31512605042
2023-11-28 22:10:55: INFO: TF-Relu-hl-2-do-True-ep-800 RMSE Train: 3617.0776979747484 (Error Ratio: 0.2951620184742203)
2023-11-28 22:10:55: INFO: TF-Relu-hl-2-do-True-ep-800 RMSE Test: 3590.32113855417 (Error Ratio: 0.31022408872914053)
2023-11-28 22:10:55: INFO: ------------------------------------
2023-11-28 22:11:07: INFO: TF-Relu-hl-2-do-False-ep-100 Accuracy Train: 0.9161
2023-11-28 22:11:07: INFO: TF-Relu-hl-2-do-False-ep-100 Accuracy Test: 0.9052
2023-11-28 22:11:07: INFO: TF-Relu-hl-2-do-False-ep-100 AUC Train: 0.944
2023-11-28 22:11:07: INFO: TF-Relu-hl-2-do-False-ep-100 AUC Test: 0.912
2023-11-28 22:11:14: INFO: ------------------------------------
2023-11-28 22:11:35: INFO: TF-Relu-hl-2-do-False-ep-800 MEAN Train: 12254.549947423764
2023-11-28 22:11:35: INFO: TF-Relu-hl-2-do-False-ep-800 MEAN Test: 11573.31512605042
2023-11-28 22:11:35: INFO: TF-Relu-hl-2-do-False-ep-800 RMSE Train: 3586.9128452883183 (Error Ratio: 0.2927004957895156)
2023-11-28 22:11:35: INFO: TF-Relu-hl-2-do-False-ep-800 RMSE Test: 3580.9407055701226 (Error Ratio: 0.3094135661708346)
2023-11-28 22:11:35: INFO: ------------------------------------
2023-11-28 22:11:50: INFO: TF-Sigmoid-hl-1-do-True-ep-100 Accuracy Train: 0.8805
2023-11-28 22:11:50: INFO: TF-Sigmoid-hl-1-do-True-ep-100 Accuracy Test: 0.8817
2023-11-28 22:11:50: INFO: TF-Sigmoid-hl-1-do-True-ep-100 AUC Train: 0.899
2023-11-28 22:11:50: INFO: TF-Sigmoid-hl-1-do-True-ep-100 AUC Test: 0.883
2023-11-28 22:12:00: INFO: ------------------------------------
2023-11-28 22:12:24: INFO: TF-Sigmoid-hl-1-do-True-ep-800 MEAN Train: 12254.549947423764
2023-11-28 22:12:24: INFO: TF-Sigmoid-hl-1-do-True-ep-800 MEAN Test: 11573.31512605042
2023-11-28 22:12:24: INFO: TF-Sigmoid-hl-1-do-True-ep-800 RMSE Train: 14085.581903622808 (Error Ratio: 1.1494164995087377)
2023-11-28 22:12:24: INFO: TF-Sigmoid-hl-1-do-True-ep-800 RMSE Test: 13363.672963667566 (Error Ratio: 1.154697061137411)
2023-11-28 22:12:24: INFO: ------------------------------------
2023-11-28 22:12:38: INFO: TF-Sigmoid-hl-1-do-False-ep-100 Accuracy Train: 0.8867
2023-11-28 22:12:38: INFO: TF-Sigmoid-hl-1-do-False-ep-100 Accuracy Test: 0.8817
2023-11-28 22:12:38: INFO: TF-Sigmoid-hl-1-do-False-ep-100 AUC Train: 0.902
2023-11-28 22:12:38: INFO: TF-Sigmoid-hl-1-do-False-ep-100 AUC Test: 0.883
2023-11-28 22:12:48: INFO: ------------------------------------
2023-11-28 22:13:08: INFO: TF-Sigmoid-hl-1-do-False-ep-800 MEAN Train: 12254.549947423764
2023-11-28 22:13:08: INFO: TF-Sigmoid-hl-1-do-False-ep-800 MEAN Test: 11573.31512605042
2023-11-28 22:13:08: INFO: TF-Sigmoid-hl-1-do-False-ep-800 RMSE Train: 14083.566109331043 (Error Ratio: 1.1492520059695694)
2023-11-28 22:13:08: INFO: TF-Sigmoid-hl-1-do-False-ep-800 RMSE Test: 13361.670469662015 (Error Ratio: 1.1545240343094243)
2023-11-28 22:13:08: INFO: ------------------------------------
2023-11-28 22:13:22: INFO: TF-Sigmoid-hl-2-do-True-ep-100 Accuracy Train: 0.8840
2023-11-28 22:13:22: INFO: TF-Sigmoid-hl-2-do-True-ep-100 Accuracy Test: 0.8800
2023-11-28 22:13:22: INFO: TF-Sigmoid-hl-2-do-True-ep-100 AUC Train: 0.899
2023-11-28 22:13:22: INFO: TF-Sigmoid-hl-2-do-True-ep-100 AUC Test: 0.882
2023-11-28 22:13:31: INFO: ------------------------------------
2023-11-28 22:13:57: INFO: TF-Sigmoid-hl-2-do-True-ep-800 MEAN Train: 12254.549947423764
2023-11-28 22:13:57: INFO: TF-Sigmoid-hl-2-do-True-ep-800 MEAN Test: 11573.31512605042
2023-11-28 22:13:57: INFO: TF-Sigmoid-hl-2-do-True-ep-800 RMSE Train: 14104.983789595637 (Error Ratio: 1.1509997388815478)
2023-11-28 22:13:57: INFO: TF-Sigmoid-hl-2-do-True-ep-800 RMSE Test: 13382.947416448585 (Error Ratio: 1.1563624830645851)
2023-11-28 22:13:57: INFO: ------------------------------------
2023-11-28 22:14:09: INFO: TF-Sigmoid-hl-2-do-False-ep-100 Accuracy Train: 0.8846
2023-11-28 22:14:09: INFO: TF-Sigmoid-hl-2-do-False-ep-100 Accuracy Test: 0.8800
2023-11-28 22:14:09: INFO: TF-Sigmoid-hl-2-do-False-ep-100 AUC Train: 0.903
2023-11-28 22:14:09: INFO: TF-Sigmoid-hl-2-do-False-ep-100 AUC Test: 0.883
2023-11-28 22:14:19: INFO: ------------------------------------
2023-11-28 22:14:39: INFO: TF-Sigmoid-hl-2-do-False-ep-800 MEAN Train: 12254.549947423764
2023-11-28 22:14:39: INFO: TF-Sigmoid-hl-2-do-False-ep-800 MEAN Test: 11573.31512605042
2023-11-28 22:14:39: INFO: TF-Sigmoid-hl-2-do-False-ep-800 RMSE Train: 14087.069286826167 (Error Ratio: 1.1495378734645125)
2023-11-28 22:14:39: INFO: TF-Sigmoid-hl-2-do-False-ep-800 RMSE Test: 13365.150539942868 (Error Ratio: 1.154824732099379)
2023-11-28 22:14:39: INFO: ------------------------------------
2023-11-28 22:14:50: INFO: TF-Tanh-hl-1-do-True-ep-100 Accuracy Train: 0.8853
2023-11-28 22:14:50: INFO: TF-Tanh-hl-1-do-True-ep-100 Accuracy Test: 0.8867
2023-11-28 22:14:50: INFO: TF-Tanh-hl-1-do-True-ep-100 AUC Train: 0.903
2023-11-28 22:14:51: INFO: TF-Tanh-hl-1-do-True-ep-100 AUC Test: 0.880
2023-11-28 22:14:59: INFO: ------------------------------------
2023-11-28 22:15:19: INFO: TF-Tanh-hl-1-do-True-ep-800 MEAN Train: 12254.549947423764
2023-11-28 22:15:19: INFO: TF-Tanh-hl-1-do-True-ep-800 MEAN Test: 11573.31512605042
2023-11-28 22:15:19: INFO: TF-Tanh-hl-1-do-True-ep-800 RMSE Train: 14083.148069933324 (Error Ratio: 1.149217892974844)
2023-11-28 22:15:19: INFO: TF-Tanh-hl-1-do-True-ep-800 RMSE Test: 13361.255187841096 (Error Ratio: 1.1544881516071566)
2023-11-28 22:15:19: INFO: ------------------------------------
2023-11-28 22:15:31: INFO: TF-Tanh-hl-1-do-False-ep-100 Accuracy Train: 0.8893
2023-11-28 22:15:31: INFO: TF-Tanh-hl-1-do-False-ep-100 Accuracy Test: 0.8834
2023-11-28 22:15:31: INFO: TF-Tanh-hl-1-do-False-ep-100 AUC Train: 0.904
2023-11-28 22:15:32: INFO: TF-Tanh-hl-1-do-False-ep-100 AUC Test: 0.881
2023-11-28 22:15:40: INFO: ------------------------------------
2023-11-28 22:16:00: INFO: TF-Tanh-hl-1-do-False-ep-800 MEAN Train: 12254.549947423764
2023-11-28 22:16:00: INFO: TF-Tanh-hl-1-do-False-ep-800 MEAN Test: 11573.31512605042
2023-11-28 22:16:00: INFO: TF-Tanh-hl-1-do-False-ep-800 RMSE Train: 14080.461092213176 (Error Ratio: 1.1489986292946863)
2023-11-28 22:16:00: INFO: TF-Tanh-hl-1-do-False-ep-800 RMSE Test: 13358.585958252675 (Error Ratio: 1.1542575150471608)
2023-11-28 22:16:00: INFO: ------------------------------------
2023-11-28 22:16:12: INFO: TF-Tanh-hl-2-do-True-ep-100 Accuracy Train: 0.8895
2023-11-28 22:16:12: INFO: TF-Tanh-hl-2-do-True-ep-100 Accuracy Test: 0.8826
2023-11-28 22:16:12: INFO: TF-Tanh-hl-2-do-True-ep-100 AUC Train: 0.903
2023-11-28 22:16:12: INFO: TF-Tanh-hl-2-do-True-ep-100 AUC Test: 0.880
2023-11-28 22:16:22: INFO: ------------------------------------
2023-11-28 22:16:45: INFO: TF-Tanh-hl-2-do-True-ep-800 MEAN Train: 12254.549947423764
2023-11-28 22:16:45: INFO: TF-Tanh-hl-2-do-True-ep-800 MEAN Test: 11573.31512605042
2023-11-28 22:16:45: INFO: TF-Tanh-hl-2-do-True-ep-800 RMSE Train: 14084.9101440976 (Error Ratio: 1.1493616823568968)
2023-11-28 22:16:45: INFO: TF-Tanh-hl-2-do-True-ep-800 RMSE Test: 13363.005633867448 (Error Ratio: 1.1546394000616649)
2023-11-28 22:16:45: INFO: ------------------------------------
2023-11-28 22:16:57: INFO: TF-Tanh-hl-2-do-False-ep-100 Accuracy Train: 0.8926
2023-11-28 22:16:57: INFO: TF-Tanh-hl-2-do-False-ep-100 Accuracy Test: 0.8893
2023-11-28 22:16:57: INFO: TF-Tanh-hl-2-do-False-ep-100 AUC Train: 0.914
2023-11-28 22:16:57: INFO: TF-Tanh-hl-2-do-False-ep-100 AUC Test: 0.887
2023-11-28 22:17:06: INFO: ------------------------------------
2023-11-28 22:17:26: INFO: TF-Tanh-hl-2-do-False-ep-800 MEAN Train: 12254.549947423764
2023-11-28 22:17:26: INFO: TF-Tanh-hl-2-do-False-ep-800 MEAN Test: 11573.31512605042
2023-11-28 22:17:26: INFO: TF-Tanh-hl-2-do-False-ep-800 RMSE Train: 14081.854619125235 (Error Ratio: 1.149112344357095)
2023-11-28 22:17:26: INFO: TF-Tanh-hl-2-do-False-ep-800 RMSE Test: 13359.970278000354 (Error Ratio: 1.154377128116761)
2023-11-28 22:17:26: INFO: ------------------------------------
2023-11-28 22:17:57: INFO: Execution time: 0:09:53.986180
