2023-11-28 21:15:33: INFO: Total NaN values in each row.
2023-11-28 21:15:33: INFO: NOTE: I am not imputing TARGET_LOSS_AMT because this is only NaN when the person did not default.
2023-11-28 21:15:33: INFO: 
TARGET_BAD_FLAG       0
TARGET_LOSS_AMT    4771
LOAN                  0
MORTDUE             518
VALUE               112
REASON              252
JOB                 279
YOJ                 515
DEROG               708
DELINQ              580
CLAGE               308
NINQ                510
CLNO                222
DEBTINC            1267
2023-11-28 21:15:33: INFO: Median of each numerical column grouped by job and reason of loan. I will impute NaNs with these values.
2023-11-28 21:15:33: INFO: 
                 TARGET_BAD_FLAG  TARGET_LOSS_AMT     LOAN     MORTDUE     VALUE    YOJ  DEROG  DELINQ       CLAGE  NINQ  CLNO    DEBTINC
REASON  JOB                                                                                                                              
DebtCon Mgr                  0.0          14360.0  19450.0   76600.000   99025.5   8.00    0.0     0.0  175.570979   1.0  23.0  36.290354
        Office               0.0          13453.0  17900.0   63744.000   90810.5   5.00    0.0     0.0  167.657981   1.0  22.0  36.099281
        Other                0.0          12124.0  18000.0   54653.000   77519.0   8.00    0.0     0.0  152.202235   1.0  19.0  35.730559
        ProfExe              0.0          15237.0  18500.0   83149.500  113083.5   8.00    0.0     0.0  190.800000   1.0  25.0  33.591086
        Sales                0.0          16656.0  15200.0   74392.500   87446.5   4.00    0.0     0.0  141.268671   0.0  23.0  35.033102
        Self                 0.0          19324.0  23400.0  101250.000  125252.0   5.00    0.0     0.0  178.951539   1.0  24.0  34.554127
        NaN                  0.0          14756.0  11100.0   59701.500   80037.0   5.00    0.0     0.0  129.896035   1.0  16.0  31.626822
HomeImp Mgr                  0.0           6533.5  13250.0   74013.000  102377.5   8.00    0.0     0.0  162.637297   0.0  21.0  33.200548
        Office               0.0           5817.0  12000.0   62200.000   80147.0  10.00    0.0     0.0  175.082704   0.0  17.5  35.949877
        Other                0.0           4572.0  10800.0   53812.500   73319.0   7.00    0.0     0.0  168.666667   0.0  15.0  34.485533
        ProfExe              0.0           6934.0  14900.0   82889.500  107442.5   7.00    0.0     0.0  177.854846   0.0  22.0  32.870335
        Sales                0.0           3870.0   5500.0   70793.000   70735.0   4.00    1.0     0.0  156.625882   0.0  23.0  40.442569
        Self                 0.0          17239.0  24000.0   78943.500  167020.0   7.00    0.0     0.0  192.226177   1.0  21.0  35.871959
        NaN                  0.0          12251.5  21900.0   85337.000  100147.0   8.00    0.0     0.0  142.147140   0.0  13.0  31.203189
NaN     Mgr                  0.0          14283.0  20000.0  111000.000  168708.0  13.00    0.0     4.0  249.242763   1.0  27.0  32.698229
        Office               0.0              NaN  15500.0   25751.000   44461.0   2.00    0.0     0.0  211.033333   0.0  16.0  37.816428
        Other                0.0          11471.0  16100.0   67371.305   95085.0  12.00    0.0     0.0  246.918710   0.0  19.0  31.183363
        ProfExe              0.0          10107.5  18500.0   62772.000   90031.0   6.50    0.0     0.0  108.136393   1.0  17.5  27.740432
        Self                 1.0          28095.0  27700.0   61396.000  111627.0   5.00    0.0     1.0  101.466667   1.0  28.0  84.613889
        NaN                  0.0           5312.0  13300.0   47811.000   72583.0   0.95    0.0     0.0  118.976063   0.0   0.0  23.988913
2023-11-28 21:15:33: INFO: Impute missing values START.
2023-11-28 21:15:33: INFO: Impute missing categorical values to 'Unknwon'.
2023-11-28 21:15:33: INFO: Add new column for flag and imputed numbers.
2023-11-28 21:15:33: INFO: The NaNs will be imputed by the median of per Job and Reason.
2023-11-28 21:15:33: INFO: The original imputed columns will be deleted.
2023-11-28 21:15:33: INFO: Impute missing values END.
2023-11-28 21:15:33: INFO: First 5 observations of the imputed data
2023-11-28 21:15:33: INFO: 
                         0           1           2       3          4
TARGET_BAD_FLAG          1           1           1       1          0
TARGET_LOSS_AMT      641.0      1109.0       767.0  1425.0        NaN
LOAN                  1100        1300        1500    1500       1700
MORTDUE            25860.0     70053.0     13500.0     NaN    97800.0
VALUE              39025.0     68400.0     16700.0     NaN   112000.0
REASON             HomeImp     HomeImp     HomeImp     NaN    HomeImp
JOB                  Other       Other       Other     NaN     Office
YOJ                   10.5         7.0         4.0     NaN        3.0
DEROG                  0.0         0.0         0.0     NaN        0.0
DELINQ                 0.0         2.0         0.0     NaN        0.0
CLAGE            94.366667  121.833333  149.466667     NaN  93.333333
NINQ                   1.0         0.0         1.0     NaN        0.0
CLNO                   9.0        14.0        10.0     NaN       14.0
DEBTINC                NaN         NaN         NaN     NaN        NaN
2023-11-28 21:15:33: INFO: Confirming there are no NaNs (except the intentionally left TARGET_LOSS_AMT.)
2023-11-28 21:15:33: INFO: 
TARGET_BAD_FLAG       0
TARGET_LOSS_AMT    4771
LOAN                  0
REASON                0
JOB                   0
M_MORTDUE             0
IMP_MORTDUE           0
M_VALUE               0
IMP_VALUE             0
M_YOJ                 0
IMP_YOJ               0
M_DEROG               0
IMP_DEROG             0
M_DELINQ              0
IMP_DELINQ            0
M_CLAGE               0
IMP_CLAGE             0
M_NINQ                0
IMP_NINQ              0
M_CLNO                0
IMP_CLNO              0
M_DEBTINC             0
IMP_DEBTINC           0
2023-11-28 21:15:33: INFO: Creating dummy variables for categorical columns
2023-11-28 21:15:33: INFO: Completed creating dummy variables
2023-11-28 21:15:33: INFO: First 5 observations of the data with dummy variables
2023-11-28 21:15:33: INFO: 
   TARGET_BAD_FLAG  TARGET_LOSS_AMT  LOAN  M_MORTDUE  IMP_MORTDUE  M_VALUE  IMP_VALUE  M_YOJ  IMP_YOJ  M_DEROG  IMP_DEROG  M_DELINQ  IMP_DELINQ  M_CLAGE   IMP_CLAGE  M_NINQ  IMP_NINQ  M_CLNO  IMP_CLNO  M_DEBTINC  IMP_DEBTINC  z_REASON_DebtCon  z_REASON_HomeImp  z_JOB_Mgr  z_JOB_Office  z_JOB_Other  z_JOB_ProfExe  z_JOB_Sales  z_JOB_Self
0                1            641.0  1100          0      25860.0        0    39025.0      0    10.50        0        0.0         0         0.0        0   94.366667       0       1.0       0       9.0          1    34.485533                 0                 1          0             0            1              0            0           0
1                1           1109.0  1300          0      70053.0        0    68400.0      0     7.00        0        0.0         0         2.0        0  121.833333       0       0.0       0      14.0          1    34.485533                 0                 1          0             0            1              0            0           0
2                1            767.0  1500          0      13500.0        0    16700.0      0     4.00        0        0.0         0         0.0        0  149.466667       0       1.0       0      10.0          1    34.485533                 0                 1          0             0            1              0            0           0
3                1           1425.0  1500          1      47811.0        1    72583.0      1     0.95        1        0.0         1         0.0        1  118.976063       1       0.0       1       0.0          1    23.988913                 0                 0          0             0            0              0            0           0
4                0              NaN  1700          0      97800.0        0   112000.0      0     3.00        0        0.0         0         0.0        0   93.333333       0       0.0       0      14.0          1    35.949877                 0                 1          0             1            0              0            0           0
2023-11-28 21:15:33: INFO: LOSS AMOUNT statistics BEFORE capping
2023-11-28 21:15:33: INFO: 
count     1189.000000
mean     13414.576955
std      10839.455965
min        224.000000
25%       5639.000000
50%      11003.000000
75%      17634.000000
max      78987.000000
2023-11-28 21:15:33: INFO: LOSS AMOUNT statistics AFTER capping
2023-11-28 21:15:33: INFO: 
count     1189.000000
mean     12118.188394
std       7574.544843
min        224.000000
25%       5639.000000
50%      11003.000000
75%      17634.000000
max      25000.000000
2023-11-28 21:15:33: INFO: Data Split
2023-11-28 21:15:33: INFO: FLAG DATA
2023-11-28 21:15:33: INFO: TRAINING = (4768, 27)
2023-11-28 21:15:33: INFO: TEST = (1192, 27)
2023-11-28 21:15:33: INFO: LOSS AMOUNT DATA
2023-11-28 21:15:33: INFO: TRAINING = (951,)
2023-11-28 21:15:33: INFO: TEST = (238,)
2023-11-28 21:15:33: INFO: 
count      951.000000
mean     12254.549947
std       7625.029926
min        224.000000
25%       5781.000000
50%      11122.000000
75%      18082.000000
max      25000.000000
2023-11-28 21:15:33: INFO: 
count      238.000000
mean     11573.315126
std       7359.835410
min        320.000000
25%       5025.500000
50%      10390.000000
75%      16489.500000
max      25000.000000
2023-11-28 21:15:33: INFO: Using all variables
2023-11-28 21:15:33: INFO: All Variables Count: 27
2023-11-28 21:15:33: INFO: All Variables: ['LOAN', 'M_MORTDUE', 'IMP_MORTDUE', 'M_VALUE', 'IMP_VALUE', 'M_YOJ', 'IMP_YOJ', 'M_DEROG', 'IMP_DEROG', 'M_DELINQ', 'IMP_DELINQ', 'M_CLAGE', 'IMP_CLAGE', 'M_NINQ', 'IMP_NINQ', 'M_CLNO', 'IMP_CLNO', 'M_DEBTINC', 'IMP_DEBTINC', 'z_REASON_DebtCon', 'z_REASON_HomeImp', 'z_JOB_Mgr', 'z_JOB_Office', 'z_JOB_Other', 'z_JOB_ProfExe', 'z_JOB_Sales', 'z_JOB_Self']
2023-11-28 21:15:33: INFO: LR Categorical
2023-11-28 21:15:33: INFO: Using Features from LR.
2023-11-28 21:15:33: INFO: LR variables Accuracy Train: 0.8131
2023-11-28 21:15:33: INFO: LR variables  Accuracy Test:: 0.8054
2023-11-28 21:15:33: INFO: LR variables AUC Train: 0.709
2023-11-28 21:15:33: INFO: LR variables AUC Test: 0.702
2023-11-28 21:15:34: INFO: LR AUC Train Cross Validation Average: 0.67
2023-11-28 21:15:52: INFO: ------------------------------------
2023-11-28 21:15:52: INFO: LR Regression
2023-11-28 21:15:52: INFO: Using Features from LR.
2023-11-28 21:15:52: INFO: LR MEAN Train: 12254.549947423764
2023-11-28 21:15:52: INFO: LR MEAN Test: 11573.31512605042
2023-11-28 21:15:52: INFO: LR RMSE Train: 3226.3207938145374 (Error Ratio: 0.26327533917251666)
2023-11-28 21:15:52: INFO: LR RMSE Test: 3361.822490144411 (Error Ratio: 0.2904805108587488)
2023-11-28 21:15:52: INFO: LR RMSE Train Cross Validation Average: 3383.84 (Error Ratio: 0.2761291336213094)
2023-11-28 21:15:52: INFO: ------------------------------------
2023-11-28 21:15:52: INFO: DT Categorical
2023-11-28 21:15:52: INFO: Using Default Parameters for DT.
2023-11-28 21:15:52: INFO: DT Accuracy Train: 1.0000
2023-11-28 21:15:52: INFO: DT Accuracy Test:: 0.8767
2023-11-28 21:15:52: INFO: DT AUC Train: 1.000
2023-11-28 21:15:52: INFO: DT AUC Test: 0.793
2023-11-28 21:15:53: INFO: DT AUC Train Cross Validation Average: 0.798
2023-11-28 21:15:53: INFO: ------------------------------------
2023-11-28 21:15:53: INFO: DT Regression
2023-11-28 21:15:53: INFO: Using Default Parameters for DT.
2023-11-28 21:15:53: INFO: DT MEAN Train: 12254.549947423764
2023-11-28 21:15:53: INFO: DT MEAN Test: 11573.31512605042
2023-11-28 21:15:53: INFO: DT RMSE Train: 0.0 (Error Ratio: 0.0)
2023-11-28 21:15:53: INFO: DT RMSE Test: 3191.371870523143 (Error Ratio: 0.27575261156932224)
2023-11-28 21:15:53: INFO: DT RMSE Train Cross Validation Average: 3587.872
2023-11-28 21:15:53: INFO: ------------------------------------
2023-11-28 21:15:53: INFO: RF Categorical
2023-11-28 21:15:53: INFO: Using Default Parameters for RF.
2023-11-28 21:15:54: INFO: RF Accuracy Train: 1.0000
2023-11-28 21:15:54: INFO: RF Accuracy Test:: 0.9220
2023-11-28 21:15:54: INFO: RF AUC Train: 1.000
2023-11-28 21:15:54: INFO: RF AUC Test: 0.970
2023-11-28 21:15:58: INFO: RF AUC Train Cross Validation Average: 0.961
2023-11-28 21:15:58: INFO: ------------------------------------
2023-11-28 21:15:58: INFO: RF Regression
2023-11-28 21:15:58: INFO: Using Default Parameters for RF.
2023-11-28 21:15:59: INFO: RF MEAN Train: 12254.549947423764
2023-11-28 21:15:59: INFO: RF MEAN Test: 11573.31512605042
2023-11-28 21:16:01: INFO: RF RMSE Train: 874.3870999254182 (Error Ratio: 0.07135203689052962)
2023-11-28 21:16:01: INFO: RF RMSE Test: 2251.0061970050288 (Error Ratio: 0.19449968937061346)
2023-11-28 21:16:01: INFO: RF RMSE Train Cross Validation Average: 2409.119
2023-11-28 21:16:01: INFO: ------------------------------------
2023-11-28 21:16:01: INFO: GB Categorical
2023-11-28 21:16:01: INFO: Using Default Parameters for GB.
2023-11-28 21:16:02: INFO: GB Accuracy Train: 0.9241
2023-11-28 21:16:02: INFO: GB Accuracy Test:: 0.9086
2023-11-28 21:16:02: INFO: GB AUC Train: 0.961
2023-11-28 21:16:02: INFO: GB AUC Test: 0.935
2023-11-28 21:16:06: INFO: GB AUC Train Cross Validation Average: 0.936
2023-11-28 21:16:13: INFO: ------------------------------------
2023-11-28 21:16:13: INFO: GB Regression
2023-11-28 21:16:13: INFO: Using Default Parameters for GB.
2023-11-28 21:16:13: INFO: GB MEAN Train: 12254.549947423764
2023-11-28 21:16:13: INFO: GB MEAN Test: 11573.31512605042
2023-11-28 21:16:14: INFO: GB RMSE Train: 1124.6376049451671 (Error Ratio: 0.09177306467966996)
2023-11-28 21:16:14: INFO: GB RMSE Test: 1935.9998700775104 (Error Ratio: 0.1672813579334551)
2023-11-28 21:16:14: INFO: GB RMSE Train Cross Validation Average: 2028.954
2023-11-28 21:16:14: INFO: ------------------------------------
2023-11-28 21:16:30: INFO: TF-Relu-hl-1-do-True-ep-100 Accuracy Train: 0.9251
2023-11-28 21:16:30: INFO: TF-Relu-hl-1-do-True-ep-100 Accuracy Test: 0.9128
2023-11-28 21:16:31: INFO: TF-Relu-hl-1-do-True-ep-100 AUC Train: 0.957
2023-11-28 21:16:31: INFO: TF-Relu-hl-1-do-True-ep-100 AUC Test: 0.934
2023-11-28 21:16:38: INFO: ------------------------------------
2023-11-28 21:16:58: INFO: TF-Relu-hl-1-do-True-ep-800 MEAN Train: 12254.549947423764
2023-11-28 21:16:58: INFO: TF-Relu-hl-1-do-True-ep-800 MEAN Test: 11573.31512605042
2023-11-28 21:16:58: INFO: TF-Relu-hl-1-do-True-ep-800 RMSE Train: 5056.414465265946 (Error Ratio: 0.4126152724465365)
2023-11-28 21:16:58: INFO: TF-Relu-hl-1-do-True-ep-800 RMSE Test: 4501.050354551632 (Error Ratio: 0.38891625308121097)
2023-11-28 21:16:58: INFO: ------------------------------------
2023-11-28 21:17:08: INFO: TF-Relu-hl-1-do-False-ep-100 Accuracy Train: 0.9299
2023-11-28 21:17:08: INFO: TF-Relu-hl-1-do-False-ep-100 Accuracy Test: 0.9211
2023-11-28 21:17:08: INFO: TF-Relu-hl-1-do-False-ep-100 AUC Train: 0.962
2023-11-28 21:17:08: INFO: TF-Relu-hl-1-do-False-ep-100 AUC Test: 0.938
2023-11-28 21:17:14: INFO: ------------------------------------
2023-11-28 21:17:35: INFO: TF-Relu-hl-1-do-False-ep-800 MEAN Train: 12254.549947423764
2023-11-28 21:17:35: INFO: TF-Relu-hl-1-do-False-ep-800 MEAN Test: 11573.31512605042
2023-11-28 21:17:35: INFO: TF-Relu-hl-1-do-False-ep-800 RMSE Train: 5089.020184738212 (Error Ratio: 0.4152759755822825)
2023-11-28 21:17:35: INFO: TF-Relu-hl-1-do-False-ep-800 RMSE Test: 4528.646014911913 (Error Ratio: 0.3913006744902648)
2023-11-28 21:17:35: INFO: ------------------------------------
2023-11-28 21:17:48: INFO: TF-Relu-hl-2-do-True-ep-100 Accuracy Train: 0.9511
2023-11-28 21:17:48: INFO: TF-Relu-hl-2-do-True-ep-100 Accuracy Test: 0.9195
2023-11-28 21:17:48: INFO: TF-Relu-hl-2-do-True-ep-100 AUC Train: 0.982
2023-11-28 21:17:48: INFO: TF-Relu-hl-2-do-True-ep-100 AUC Test: 0.946
2023-11-28 21:17:52: INFO: ------------------------------------
2023-11-28 21:18:15: INFO: TF-Relu-hl-2-do-True-ep-800 MEAN Train: 12254.549947423764
2023-11-28 21:18:15: INFO: TF-Relu-hl-2-do-True-ep-800 MEAN Test: 11573.31512605042
2023-11-28 21:18:15: INFO: TF-Relu-hl-2-do-True-ep-800 RMSE Train: 3187.130434338415 (Error Ratio: 0.2600773139782612)
2023-11-28 21:18:15: INFO: TF-Relu-hl-2-do-True-ep-800 RMSE Test: 3267.206080487136 (Error Ratio: 0.28230511697836425)
2023-11-28 21:18:15: INFO: ------------------------------------
2023-11-28 21:18:27: INFO: TF-Relu-hl-2-do-False-ep-100 Accuracy Train: 0.9583
2023-11-28 21:18:27: INFO: TF-Relu-hl-2-do-False-ep-100 Accuracy Test: 0.9220
2023-11-28 21:18:28: INFO: TF-Relu-hl-2-do-False-ep-100 AUC Train: 0.986
2023-11-28 21:18:28: INFO: TF-Relu-hl-2-do-False-ep-100 AUC Test: 0.944
2023-11-28 21:18:32: INFO: ------------------------------------
2023-11-28 21:18:52: INFO: TF-Relu-hl-2-do-False-ep-800 MEAN Train: 12254.549947423764
2023-11-28 21:18:52: INFO: TF-Relu-hl-2-do-False-ep-800 MEAN Test: 11573.31512605042
2023-11-28 21:18:52: INFO: TF-Relu-hl-2-do-False-ep-800 RMSE Train: 2759.844059216896 (Error Ratio: 0.2252097442221523)
2023-11-28 21:18:52: INFO: TF-Relu-hl-2-do-False-ep-800 RMSE Test: 2811.01157939281 (Error Ratio: 0.24288732733678814)
2023-11-28 21:18:52: INFO: ------------------------------------
2023-11-28 21:19:04: INFO: TF-Sigmoid-hl-1-do-True-ep-100 Accuracy Train: 0.8911
2023-11-28 21:19:04: INFO: TF-Sigmoid-hl-1-do-True-ep-100 Accuracy Test: 0.8842
2023-11-28 21:19:05: INFO: TF-Sigmoid-hl-1-do-True-ep-100 AUC Train: 0.914
2023-11-28 21:19:05: INFO: TF-Sigmoid-hl-1-do-True-ep-100 AUC Test: 0.899
2023-11-28 21:19:13: INFO: ------------------------------------
2023-11-28 21:19:33: INFO: TF-Sigmoid-hl-1-do-True-ep-800 MEAN Train: 12254.549947423764
2023-11-28 21:19:33: INFO: TF-Sigmoid-hl-1-do-True-ep-800 MEAN Test: 11573.31512605042
2023-11-28 21:19:33: INFO: TF-Sigmoid-hl-1-do-True-ep-800 RMSE Train: 13333.247030116034 (Error Ratio: 1.0880242103806546)
2023-11-28 21:19:33: INFO: TF-Sigmoid-hl-1-do-True-ep-800 RMSE Test: 12617.1722614922 (Error Ratio: 1.090195170879963)
2023-11-28 21:19:33: INFO: ------------------------------------
2023-11-28 21:19:48: INFO: TF-Sigmoid-hl-1-do-False-ep-100 Accuracy Train: 0.8924
2023-11-28 21:19:48: INFO: TF-Sigmoid-hl-1-do-False-ep-100 Accuracy Test: 0.8851
2023-11-28 21:19:48: INFO: TF-Sigmoid-hl-1-do-False-ep-100 AUC Train: 0.915
2023-11-28 21:19:48: INFO: TF-Sigmoid-hl-1-do-False-ep-100 AUC Test: 0.899
2023-11-28 21:19:57: INFO: ------------------------------------
2023-11-28 21:20:20: INFO: TF-Sigmoid-hl-1-do-False-ep-800 MEAN Train: 12254.549947423764
2023-11-28 21:20:20: INFO: TF-Sigmoid-hl-1-do-False-ep-800 MEAN Test: 11573.31512605042
2023-11-28 21:20:20: INFO: TF-Sigmoid-hl-1-do-False-ep-800 RMSE Train: 13327.479371305873 (Error Ratio: 1.0875535559025298)
2023-11-28 21:20:20: INFO: TF-Sigmoid-hl-1-do-False-ep-800 RMSE Test: 12611.456846488116 (Error Ratio: 1.089701326640708)
2023-11-28 21:20:20: INFO: ------------------------------------
2023-11-28 21:20:35: INFO: TF-Sigmoid-hl-2-do-True-ep-100 Accuracy Train: 0.8922
2023-11-28 21:20:35: INFO: TF-Sigmoid-hl-2-do-True-ep-100 Accuracy Test: 0.8842
2023-11-28 21:20:35: INFO: TF-Sigmoid-hl-2-do-True-ep-100 AUC Train: 0.914
2023-11-28 21:20:35: INFO: TF-Sigmoid-hl-2-do-True-ep-100 AUC Test: 0.898
2023-11-28 21:20:45: INFO: ------------------------------------
2023-11-28 21:21:10: INFO: TF-Sigmoid-hl-2-do-True-ep-800 MEAN Train: 12254.549947423764
2023-11-28 21:21:10: INFO: TF-Sigmoid-hl-2-do-True-ep-800 MEAN Test: 11573.31512605042
2023-11-28 21:21:10: INFO: TF-Sigmoid-hl-2-do-True-ep-800 RMSE Train: 13494.336933242244 (Error Ratio: 1.1011695240655588)
2023-11-28 21:21:10: INFO: TF-Sigmoid-hl-2-do-True-ep-800 RMSE Test: 12776.85323265639 (Error Ratio: 1.1039925115230744)
2023-11-28 21:21:10: INFO: ------------------------------------
2023-11-28 21:21:23: INFO: TF-Sigmoid-hl-2-do-False-ep-100 Accuracy Train: 0.8928
2023-11-28 21:21:23: INFO: TF-Sigmoid-hl-2-do-False-ep-100 Accuracy Test: 0.8884
2023-11-28 21:21:23: INFO: TF-Sigmoid-hl-2-do-False-ep-100 AUC Train: 0.916
2023-11-28 21:21:23: INFO: TF-Sigmoid-hl-2-do-False-ep-100 AUC Test: 0.900
2023-11-28 21:21:32: INFO: ------------------------------------
2023-11-28 21:21:56: INFO: TF-Sigmoid-hl-2-do-False-ep-800 MEAN Train: 12254.549947423764
2023-11-28 21:21:56: INFO: TF-Sigmoid-hl-2-do-False-ep-800 MEAN Test: 11573.31512605042
2023-11-28 21:21:56: INFO: TF-Sigmoid-hl-2-do-False-ep-800 RMSE Train: 13389.501172670636 (Error Ratio: 1.0926146802710996)
2023-11-28 21:21:56: INFO: TF-Sigmoid-hl-2-do-False-ep-800 RMSE Test: 12672.923479319326 (Error Ratio: 1.0950123919803922)
2023-11-28 21:21:56: INFO: ------------------------------------
2023-11-28 21:22:09: INFO: TF-Tanh-hl-1-do-True-ep-100 Accuracy Train: 0.8918
2023-11-28 21:22:09: INFO: TF-Tanh-hl-1-do-True-ep-100 Accuracy Test: 0.8893
2023-11-28 21:22:09: INFO: TF-Tanh-hl-1-do-True-ep-100 AUC Train: 0.917
2023-11-28 21:22:10: INFO: TF-Tanh-hl-1-do-True-ep-100 AUC Test: 0.899
2023-11-28 21:22:18: INFO: ------------------------------------
2023-11-28 21:22:43: INFO: TF-Tanh-hl-1-do-True-ep-800 MEAN Train: 12254.549947423764
2023-11-28 21:22:43: INFO: TF-Tanh-hl-1-do-True-ep-800 MEAN Test: 11573.31512605042
2023-11-28 21:22:43: INFO: TF-Tanh-hl-1-do-True-ep-800 RMSE Train: 13328.588577730981 (Error Ratio: 1.0876440697467644)
2023-11-28 21:22:43: INFO: TF-Tanh-hl-1-do-True-ep-800 RMSE Test: 12612.555997261425 (Error Ratio: 1.0897962994951873)
2023-11-28 21:22:43: INFO: ------------------------------------
2023-11-28 21:22:54: INFO: TF-Tanh-hl-1-do-False-ep-100 Accuracy Train: 0.9037
2023-11-28 21:22:54: INFO: TF-Tanh-hl-1-do-False-ep-100 Accuracy Test: 0.8909
2023-11-28 21:22:54: INFO: TF-Tanh-hl-1-do-False-ep-100 AUC Train: 0.926
2023-11-28 21:22:54: INFO: TF-Tanh-hl-1-do-False-ep-100 AUC Test: 0.909
2023-11-28 21:23:03: INFO: ------------------------------------
2023-11-28 21:23:24: INFO: TF-Tanh-hl-1-do-False-ep-800 MEAN Train: 12254.549947423764
2023-11-28 21:23:24: INFO: TF-Tanh-hl-1-do-False-ep-800 MEAN Test: 11573.31512605042
2023-11-28 21:23:24: INFO: TF-Tanh-hl-1-do-False-ep-800 RMSE Train: 13320.676871721076 (Error Ratio: 1.0869984559915593)
2023-11-28 21:23:24: INFO: TF-Tanh-hl-1-do-False-ep-800 RMSE Test: 12604.717923262522 (Error Ratio: 1.0891190454920314)
2023-11-28 21:23:24: INFO: ------------------------------------
2023-11-28 21:23:39: INFO: TF-Tanh-hl-2-do-True-ep-100 Accuracy Train: 0.9006
2023-11-28 21:23:39: INFO: TF-Tanh-hl-2-do-True-ep-100 Accuracy Test: 0.8935
2023-11-28 21:23:39: INFO: TF-Tanh-hl-2-do-True-ep-100 AUC Train: 0.924
2023-11-28 21:23:40: INFO: TF-Tanh-hl-2-do-True-ep-100 AUC Test: 0.905
2023-11-28 21:23:48: INFO: ------------------------------------
2023-11-28 21:24:12: INFO: TF-Tanh-hl-2-do-True-ep-800 MEAN Train: 12254.549947423764
2023-11-28 21:24:12: INFO: TF-Tanh-hl-2-do-True-ep-800 MEAN Test: 11573.31512605042
2023-11-28 21:24:12: INFO: TF-Tanh-hl-2-do-True-ep-800 RMSE Train: 13334.53246452237 (Error Ratio: 1.0881291048412307)
2023-11-28 21:24:12: INFO: TF-Tanh-hl-2-do-True-ep-800 RMSE Test: 12618.446069649977 (Error Ratio: 1.0903052351220497)
2023-11-28 21:24:12: INFO: ------------------------------------
2023-11-28 21:24:25: INFO: TF-Tanh-hl-2-do-False-ep-100 Accuracy Train: 0.9237
2023-11-28 21:24:25: INFO: TF-Tanh-hl-2-do-False-ep-100 Accuracy Test: 0.9044
2023-11-28 21:24:25: INFO: TF-Tanh-hl-2-do-False-ep-100 AUC Train: 0.952
2023-11-28 21:24:26: INFO: TF-Tanh-hl-2-do-False-ep-100 AUC Test: 0.928
2023-11-28 21:24:32: INFO: ------------------------------------
2023-11-28 21:24:54: INFO: TF-Tanh-hl-2-do-False-ep-800 MEAN Train: 12254.549947423764
2023-11-28 21:24:54: INFO: TF-Tanh-hl-2-do-False-ep-800 MEAN Test: 11573.31512605042
2023-11-28 21:24:54: INFO: TF-Tanh-hl-2-do-False-ep-800 RMSE Train: 13327.779999533766 (Error Ratio: 1.0875780878705892)
2023-11-28 21:24:54: INFO: TF-Tanh-hl-2-do-False-ep-800 RMSE Test: 12611.75474857138 (Error Ratio: 1.089727067068582)
2023-11-28 21:24:54: INFO: ------------------------------------
2023-11-28 21:25:20: INFO: Execution time: 0:09:46.511966
