2023-11-28 22:20:19: INFO: Total NaN values in each row.
2023-11-28 22:20:19: INFO: NOTE: I am not imputing TARGET_LOSS_AMT because this is only NaN when the person did not default.
2023-11-28 22:20:19: INFO: 
TARGET_BAD_FLAG       0
TARGET_LOSS_AMT    4771
LOAN                  0
MORTDUE             518
VALUE               112
REASON              252
JOB                 279
YOJ                 515
DEROG               708
DELINQ              580
CLAGE               308
NINQ                510
CLNO                222
DEBTINC            1267
2023-11-28 22:20:19: INFO: Median of each numerical column grouped by job and reason of loan. I will impute NaNs with these values.
2023-11-28 22:20:19: INFO: 
                 TARGET_BAD_FLAG  TARGET_LOSS_AMT     LOAN     MORTDUE     VALUE    YOJ  DEROG  DELINQ       CLAGE  NINQ  CLNO    DEBTINC
REASON  JOB                                                                                                                              
DebtCon Mgr                  0.0          14360.0  19450.0   76600.000   99025.5   8.00    0.0     0.0  175.570979   1.0  23.0  36.290354
        Office               0.0          13453.0  17900.0   63744.000   90810.5   5.00    0.0     0.0  167.657981   1.0  22.0  36.099281
        Other                0.0          12124.0  18000.0   54653.000   77519.0   8.00    0.0     0.0  152.202235   1.0  19.0  35.730559
        ProfExe              0.0          15237.0  18500.0   83149.500  113083.5   8.00    0.0     0.0  190.800000   1.0  25.0  33.591086
        Sales                0.0          16656.0  15200.0   74392.500   87446.5   4.00    0.0     0.0  141.268671   0.0  23.0  35.033102
        Self                 0.0          19324.0  23400.0  101250.000  125252.0   5.00    0.0     0.0  178.951539   1.0  24.0  34.554127
        NaN                  0.0          14756.0  11100.0   59701.500   80037.0   5.00    0.0     0.0  129.896035   1.0  16.0  31.626822
HomeImp Mgr                  0.0           6533.5  13250.0   74013.000  102377.5   8.00    0.0     0.0  162.637297   0.0  21.0  33.200548
        Office               0.0           5817.0  12000.0   62200.000   80147.0  10.00    0.0     0.0  175.082704   0.0  17.5  35.949877
        Other                0.0           4572.0  10800.0   53812.500   73319.0   7.00    0.0     0.0  168.666667   0.0  15.0  34.485533
        ProfExe              0.0           6934.0  14900.0   82889.500  107442.5   7.00    0.0     0.0  177.854846   0.0  22.0  32.870335
        Sales                0.0           3870.0   5500.0   70793.000   70735.0   4.00    1.0     0.0  156.625882   0.0  23.0  40.442569
        Self                 0.0          17239.0  24000.0   78943.500  167020.0   7.00    0.0     0.0  192.226177   1.0  21.0  35.871959
        NaN                  0.0          12251.5  21900.0   85337.000  100147.0   8.00    0.0     0.0  142.147140   0.0  13.0  31.203189
NaN     Mgr                  0.0          14283.0  20000.0  111000.000  168708.0  13.00    0.0     4.0  249.242763   1.0  27.0  32.698229
        Office               0.0              NaN  15500.0   25751.000   44461.0   2.00    0.0     0.0  211.033333   0.0  16.0  37.816428
        Other                0.0          11471.0  16100.0   67371.305   95085.0  12.00    0.0     0.0  246.918710   0.0  19.0  31.183363
        ProfExe              0.0          10107.5  18500.0   62772.000   90031.0   6.50    0.0     0.0  108.136393   1.0  17.5  27.740432
        Self                 1.0          28095.0  27700.0   61396.000  111627.0   5.00    0.0     1.0  101.466667   1.0  28.0  84.613889
        NaN                  0.0           5312.0  13300.0   47811.000   72583.0   0.95    0.0     0.0  118.976063   0.0   0.0  23.988913
2023-11-28 22:20:19: INFO: Impute missing values START.
2023-11-28 22:20:19: INFO: Impute missing categorical values to 'Unknwon'.
2023-11-28 22:20:19: INFO: Add new column for flag and imputed numbers.
2023-11-28 22:20:19: INFO: The NaNs will be imputed by the median of per Job and Reason.
2023-11-28 22:20:19: INFO: The original imputed columns will be deleted.
2023-11-28 22:20:19: INFO: Impute missing values END.
2023-11-28 22:20:19: INFO: First 5 observations of the imputed data
2023-11-28 22:20:19: INFO: 
                         0           1           2       3          4
TARGET_BAD_FLAG          1           1           1       1          0
TARGET_LOSS_AMT      641.0      1109.0       767.0  1425.0        NaN
LOAN                  1100        1300        1500    1500       1700
MORTDUE            25860.0     70053.0     13500.0     NaN    97800.0
VALUE              39025.0     68400.0     16700.0     NaN   112000.0
REASON             HomeImp     HomeImp     HomeImp     NaN    HomeImp
JOB                  Other       Other       Other     NaN     Office
YOJ                   10.5         7.0         4.0     NaN        3.0
DEROG                  0.0         0.0         0.0     NaN        0.0
DELINQ                 0.0         2.0         0.0     NaN        0.0
CLAGE            94.366667  121.833333  149.466667     NaN  93.333333
NINQ                   1.0         0.0         1.0     NaN        0.0
CLNO                   9.0        14.0        10.0     NaN       14.0
DEBTINC                NaN         NaN         NaN     NaN        NaN
2023-11-28 22:20:19: INFO: Confirming there are no NaNs (except the intentionally left TARGET_LOSS_AMT.)
2023-11-28 22:20:19: INFO: 
TARGET_BAD_FLAG       0
TARGET_LOSS_AMT    4771
LOAN                  0
REASON                0
JOB                   0
M_MORTDUE             0
IMP_MORTDUE           0
M_VALUE               0
IMP_VALUE             0
M_YOJ                 0
IMP_YOJ               0
M_DEROG               0
IMP_DEROG             0
M_DELINQ              0
IMP_DELINQ            0
M_CLAGE               0
IMP_CLAGE             0
M_NINQ                0
IMP_NINQ              0
M_CLNO                0
IMP_CLNO              0
M_DEBTINC             0
IMP_DEBTINC           0
2023-11-28 22:20:19: INFO: Creating dummy variables for categorical columns
2023-11-28 22:20:19: INFO: Completed creating dummy variables
2023-11-28 22:20:19: INFO: First 5 observations of the data with dummy variables
2023-11-28 22:20:19: INFO: 
   TARGET_BAD_FLAG  TARGET_LOSS_AMT  LOAN  M_MORTDUE  IMP_MORTDUE  M_VALUE  IMP_VALUE  M_YOJ  IMP_YOJ  M_DEROG  IMP_DEROG  M_DELINQ  IMP_DELINQ  M_CLAGE   IMP_CLAGE  M_NINQ  IMP_NINQ  M_CLNO  IMP_CLNO  M_DEBTINC  IMP_DEBTINC  z_REASON_DebtCon  z_REASON_HomeImp  z_JOB_Mgr  z_JOB_Office  z_JOB_Other  z_JOB_ProfExe  z_JOB_Sales  z_JOB_Self
0                1            641.0  1100          0      25860.0        0    39025.0      0    10.50        0        0.0         0         0.0        0   94.366667       0       1.0       0       9.0          1    34.485533                 0                 1          0             0            1              0            0           0
1                1           1109.0  1300          0      70053.0        0    68400.0      0     7.00        0        0.0         0         2.0        0  121.833333       0       0.0       0      14.0          1    34.485533                 0                 1          0             0            1              0            0           0
2                1            767.0  1500          0      13500.0        0    16700.0      0     4.00        0        0.0         0         0.0        0  149.466667       0       1.0       0      10.0          1    34.485533                 0                 1          0             0            1              0            0           0
3                1           1425.0  1500          1      47811.0        1    72583.0      1     0.95        1        0.0         1         0.0        1  118.976063       1       0.0       1       0.0          1    23.988913                 0                 0          0             0            0              0            0           0
4                0              NaN  1700          0      97800.0        0   112000.0      0     3.00        0        0.0         0         0.0        0   93.333333       0       0.0       0      14.0          1    35.949877                 0                 1          0             1            0              0            0           0
2023-11-28 22:20:19: INFO: LOSS AMOUNT statistics BEFORE capping
2023-11-28 22:20:19: INFO: 
count     1189.000000
mean     13414.576955
std      10839.455965
min        224.000000
25%       5639.000000
50%      11003.000000
75%      17634.000000
max      78987.000000
2023-11-28 22:20:19: INFO: LOSS AMOUNT statistics AFTER capping
2023-11-28 22:20:19: INFO: 
count     1189.000000
mean     12118.188394
std       7574.544843
min        224.000000
25%       5639.000000
50%      11003.000000
75%      17634.000000
max      25000.000000
2023-11-28 22:20:19: INFO: Data Split
2023-11-28 22:20:19: INFO: FLAG DATA
2023-11-28 22:20:19: INFO: TRAINING = (4768, 27)
2023-11-28 22:20:19: INFO: TEST = (1192, 27)
2023-11-28 22:20:19: INFO: LOSS AMOUNT DATA
2023-11-28 22:20:19: INFO: TRAINING = (951,)
2023-11-28 22:20:19: INFO: TEST = (238,)
2023-11-28 22:20:19: INFO: 
count      951.000000
mean     12254.549947
std       7625.029926
min        224.000000
25%       5781.000000
50%      11122.000000
75%      18082.000000
max      25000.000000
2023-11-28 22:20:19: INFO: 
count      238.000000
mean     11573.315126
std       7359.835410
min        320.000000
25%       5025.500000
50%      10390.000000
75%      16489.500000
max      25000.000000
2023-11-28 22:20:19: INFO: Variables Selection enabled for GB
2023-11-28 22:20:20: INFO: Important Variables Count from GB Categorical: 17
2023-11-28 22:20:20: INFO: Important Variables from GB Categorical: Index(['LOAN', 'IMP_MORTDUE', 'M_VALUE', 'IMP_VALUE', 'M_YOJ', 'IMP_YOJ',
       'M_DEROG', 'IMP_DEROG', 'IMP_DELINQ', 'M_CLAGE', 'IMP_CLAGE',
       'IMP_NINQ', 'IMP_CLNO', 'M_DEBTINC', 'IMP_DEBTINC', 'z_JOB_Office',
       'z_JOB_Other'],
      dtype='object')
2023-11-28 22:20:21: INFO: Important Variables from GB Regression: 9
2023-11-28 22:20:21: INFO: Important Variables from GB Regression: Index(['LOAN', 'IMP_MORTDUE', 'IMP_YOJ', 'IMP_DELINQ', 'IMP_CLAGE', 'IMP_CLNO',
       'M_DEBTINC', 'IMP_DEBTINC', 'z_REASON_HomeImp'],
      dtype='object')
2023-11-28 22:20:21: INFO: LR Categorical
2023-11-28 22:20:21: INFO: Using Features from LR.
2023-11-28 22:20:21: INFO: LR variables Accuracy Train: 0.8423
2023-11-28 22:20:21: INFO: LR variables  Accuracy Test:: 0.8221
2023-11-28 22:20:21: INFO: LR variables AUC Train: 0.791
2023-11-28 22:20:21: INFO: LR variables AUC Test: 0.782
2023-11-28 22:20:21: INFO: LR AUC Train Cross Validation Average: 0.66
2023-11-28 22:20:35: INFO: ------------------------------------
2023-11-28 22:20:35: INFO: LR Regression
2023-11-28 22:20:35: INFO: Using Features from LR.
2023-11-28 22:20:35: INFO: LR MEAN Train: 12254.549947423764
2023-11-28 22:20:35: INFO: LR MEAN Test: 11573.31512605042
2023-11-28 22:20:35: INFO: LR RMSE Train: 3395.1860480558285 (Error Ratio: 0.27705513973359647)
2023-11-28 22:20:35: INFO: LR RMSE Test: 3407.703200073292 (Error Ratio: 0.29444486415157567)
2023-11-28 22:20:35: INFO: LR RMSE Train Cross Validation Average: 3502.86 (Error Ratio: 0.28584118496550115)
2023-11-28 22:20:35: INFO: ------------------------------------
2023-11-28 22:20:35: INFO: DT Categorical
2023-11-28 22:20:35: INFO: Using Default Parameters for DT.
2023-11-28 22:20:35: INFO: DT Accuracy Train: 1.0000
2023-11-28 22:20:35: INFO: DT Accuracy Test:: 0.8767
2023-11-28 22:20:35: INFO: DT AUC Train: 1.000
2023-11-28 22:20:35: INFO: DT AUC Test: 0.784
2023-11-28 22:20:35: INFO: DT AUC Train Cross Validation Average: 0.797
2023-11-28 22:20:35: INFO: ------------------------------------
2023-11-28 22:20:35: INFO: DT Regression
2023-11-28 22:20:35: INFO: Using Default Parameters for DT.
2023-11-28 22:20:35: INFO: DT MEAN Train: 12254.549947423764
2023-11-28 22:20:35: INFO: DT MEAN Test: 11573.31512605042
2023-11-28 22:20:36: INFO: DT RMSE Train: 0.0 (Error Ratio: 0.0)
2023-11-28 22:20:36: INFO: DT RMSE Test: 2763.190195158822 (Error Ratio: 0.23875528878835645)
2023-11-28 22:20:36: INFO: DT RMSE Train Cross Validation Average: 3415.783
2023-11-28 22:20:36: INFO: ------------------------------------
2023-11-28 22:20:36: INFO: RF Categorical
2023-11-28 22:20:36: INFO: Using Default Parameters for RF.
2023-11-28 22:20:36: INFO: RF Accuracy Train: 1.0000
2023-11-28 22:20:36: INFO: RF Accuracy Test:: 0.9111
2023-11-28 22:20:36: INFO: RF AUC Train: 1.000
2023-11-28 22:20:36: INFO: RF AUC Test: 0.957
2023-11-28 22:20:40: INFO: RF AUC Train Cross Validation Average: 0.955
2023-11-28 22:20:40: INFO: ------------------------------------
2023-11-28 22:20:40: INFO: RF Regression
2023-11-28 22:20:40: INFO: Using Default Parameters for RF.
2023-11-28 22:20:41: INFO: RF MEAN Train: 12254.549947423764
2023-11-28 22:20:41: INFO: RF MEAN Test: 11573.31512605042
2023-11-28 22:20:42: INFO: RF RMSE Train: 870.263273170506 (Error Ratio: 0.07101552296120502)
2023-11-28 22:20:42: INFO: RF RMSE Test: 2138.6283928647413 (Error Ratio: 0.1847896103728217)
2023-11-28 22:20:42: INFO: RF RMSE Train Cross Validation Average: 2369.555
2023-11-28 22:20:42: INFO: ------------------------------------
2023-11-28 22:20:42: INFO: GB Categorical
2023-11-28 22:20:42: INFO: Using Default Parameters for GB.
2023-11-28 22:20:43: INFO: GB Accuracy Train: 0.9618
2023-11-28 22:20:43: INFO: GB Accuracy Test:: 0.9102
2023-11-28 22:20:43: INFO: GB AUC Train: 0.990
2023-11-28 22:20:43: INFO: GB AUC Test: 0.943
2023-11-28 22:20:49: INFO: GB AUC Train Cross Validation Average: 0.947
2023-11-28 22:20:53: INFO: ------------------------------------
2023-11-28 22:20:53: INFO: GB Regression
2023-11-28 22:20:53: INFO: Using Default Parameters for GB.
2023-11-28 22:20:53: INFO: GB MEAN Train: 12254.549947423764
2023-11-28 22:20:53: INFO: GB MEAN Test: 11573.31512605042
2023-11-28 22:20:54: INFO: GB RMSE Train: 494.83957776335484 (Error Ratio: 0.040380069434323325)
2023-11-28 22:20:54: INFO: GB RMSE Test: 1653.6965125167928 (Error Ratio: 0.14288874834095555)
2023-11-28 22:20:54: INFO: GB RMSE Train Cross Validation Average: 2052.455
2023-11-28 22:20:54: INFO: ------------------------------------
2023-11-28 22:21:06: INFO: TF-Relu-hl-1-do-True-ep-100 Accuracy Train: 0.9060
2023-11-28 22:21:06: INFO: TF-Relu-hl-1-do-True-ep-100 Accuracy Test: 0.8993
2023-11-28 22:21:06: INFO: TF-Relu-hl-1-do-True-ep-100 AUC Train: 0.934
2023-11-28 22:21:06: INFO: TF-Relu-hl-1-do-True-ep-100 AUC Test: 0.911
2023-11-28 22:21:13: INFO: ------------------------------------
2023-11-28 22:21:33: INFO: TF-Relu-hl-1-do-True-ep-800 MEAN Train: 12254.549947423764
2023-11-28 22:21:33: INFO: TF-Relu-hl-1-do-True-ep-800 MEAN Test: 11573.31512605042
2023-11-28 22:21:33: INFO: TF-Relu-hl-1-do-True-ep-800 RMSE Train: 6544.188845399184 (Error Ratio: 0.5340211491630461)
2023-11-28 22:21:33: INFO: TF-Relu-hl-1-do-True-ep-800 RMSE Test: 6074.390665122926 (Error Ratio: 0.5248617702848216)
2023-11-28 22:21:33: INFO: ------------------------------------
2023-11-28 22:21:44: INFO: TF-Relu-hl-1-do-False-ep-100 Accuracy Train: 0.9071
2023-11-28 22:21:44: INFO: TF-Relu-hl-1-do-False-ep-100 Accuracy Test: 0.9002
2023-11-28 22:21:45: INFO: TF-Relu-hl-1-do-False-ep-100 AUC Train: 0.934
2023-11-28 22:21:45: INFO: TF-Relu-hl-1-do-False-ep-100 AUC Test: 0.916
2023-11-28 22:21:53: INFO: ------------------------------------
2023-11-28 22:22:12: INFO: TF-Relu-hl-1-do-False-ep-800 MEAN Train: 12254.549947423764
2023-11-28 22:22:12: INFO: TF-Relu-hl-1-do-False-ep-800 MEAN Test: 11573.31512605042
2023-11-28 22:22:12: INFO: TF-Relu-hl-1-do-False-ep-800 RMSE Train: 6212.652423968971 (Error Ratio: 0.5069670000631102)
2023-11-28 22:22:12: INFO: TF-Relu-hl-1-do-False-ep-800 RMSE Test: 5761.652935969841 (Error Ratio: 0.4978394585489955)
2023-11-28 22:22:12: INFO: ------------------------------------
2023-11-28 22:22:25: INFO: TF-Relu-hl-2-do-True-ep-100 Accuracy Train: 0.9199
2023-11-28 22:22:25: INFO: TF-Relu-hl-2-do-True-ep-100 Accuracy Test: 0.9010
2023-11-28 22:22:25: INFO: TF-Relu-hl-2-do-True-ep-100 AUC Train: 0.956
2023-11-28 22:22:25: INFO: TF-Relu-hl-2-do-True-ep-100 AUC Test: 0.923
2023-11-28 22:22:32: INFO: ------------------------------------
2023-11-28 22:22:53: INFO: TF-Relu-hl-2-do-True-ep-800 MEAN Train: 12254.549947423764
2023-11-28 22:22:53: INFO: TF-Relu-hl-2-do-True-ep-800 MEAN Test: 11573.31512605042
2023-11-28 22:22:53: INFO: TF-Relu-hl-2-do-True-ep-800 RMSE Train: 3409.682795234287 (Error Ratio: 0.27823810828329065)
2023-11-28 22:22:53: INFO: TF-Relu-hl-2-do-True-ep-800 RMSE Test: 3383.1634060293804 (Error Ratio: 0.292324486906453)
2023-11-28 22:22:53: INFO: ------------------------------------
2023-11-28 22:23:05: INFO: TF-Relu-hl-2-do-False-ep-100 Accuracy Train: 0.9339
2023-11-28 22:23:05: INFO: TF-Relu-hl-2-do-False-ep-100 Accuracy Test: 0.9111
2023-11-28 22:23:06: INFO: TF-Relu-hl-2-do-False-ep-100 AUC Train: 0.966
2023-11-28 22:23:06: INFO: TF-Relu-hl-2-do-False-ep-100 AUC Test: 0.932
2023-11-28 22:23:12: INFO: ------------------------------------
2023-11-28 22:23:32: INFO: TF-Relu-hl-2-do-False-ep-800 MEAN Train: 12254.549947423764
2023-11-28 22:23:32: INFO: TF-Relu-hl-2-do-False-ep-800 MEAN Test: 11573.31512605042
2023-11-28 22:23:32: INFO: TF-Relu-hl-2-do-False-ep-800 RMSE Train: 3360.257463045005 (Error Ratio: 0.27420488532517845)
2023-11-28 22:23:32: INFO: TF-Relu-hl-2-do-False-ep-800 RMSE Test: 3370.1362457457917 (Error Ratio: 0.29119886644751763)
2023-11-28 22:23:32: INFO: ------------------------------------
2023-11-28 22:23:44: INFO: TF-Sigmoid-hl-1-do-True-ep-100 Accuracy Train: 0.8851
2023-11-28 22:23:44: INFO: TF-Sigmoid-hl-1-do-True-ep-100 Accuracy Test: 0.8884
2023-11-28 22:23:44: INFO: TF-Sigmoid-hl-1-do-True-ep-100 AUC Train: 0.907
2023-11-28 22:23:44: INFO: TF-Sigmoid-hl-1-do-True-ep-100 AUC Test: 0.891
2023-11-28 22:23:53: INFO: ------------------------------------
2023-11-28 22:24:16: INFO: TF-Sigmoid-hl-1-do-True-ep-800 MEAN Train: 12254.549947423764
2023-11-28 22:24:16: INFO: TF-Sigmoid-hl-1-do-True-ep-800 MEAN Test: 11573.31512605042
2023-11-28 22:24:16: INFO: TF-Sigmoid-hl-1-do-True-ep-800 RMSE Train: 14043.625610216539 (Error Ratio: 1.1459927676225177)
2023-11-28 22:24:16: INFO: TF-Sigmoid-hl-1-do-True-ep-800 RMSE Test: 13321.995808043766 (Error Ratio: 1.1510959187534118)
2023-11-28 22:24:16: INFO: ------------------------------------
2023-11-28 22:24:30: INFO: TF-Sigmoid-hl-1-do-False-ep-100 Accuracy Train: 0.8884
2023-11-28 22:24:30: INFO: TF-Sigmoid-hl-1-do-False-ep-100 Accuracy Test: 0.8851
2023-11-28 22:24:30: INFO: TF-Sigmoid-hl-1-do-False-ep-100 AUC Train: 0.910
2023-11-28 22:24:30: INFO: TF-Sigmoid-hl-1-do-False-ep-100 AUC Test: 0.890
2023-11-28 22:24:39: INFO: ------------------------------------
2023-11-28 22:25:00: INFO: TF-Sigmoid-hl-1-do-False-ep-800 MEAN Train: 12254.549947423764
2023-11-28 22:25:00: INFO: TF-Sigmoid-hl-1-do-False-ep-800 MEAN Test: 11573.31512605042
2023-11-28 22:25:00: INFO: TF-Sigmoid-hl-1-do-False-ep-800 RMSE Train: 14043.541070829813 (Error Ratio: 1.1459858690104032)
2023-11-28 22:25:00: INFO: TF-Sigmoid-hl-1-do-False-ep-800 RMSE Test: 13321.911835526955 (Error Ratio: 1.1510886630521804)
2023-11-28 22:25:00: INFO: ------------------------------------
2023-11-28 22:25:14: INFO: TF-Sigmoid-hl-2-do-True-ep-100 Accuracy Train: 0.8853
2023-11-28 22:25:14: INFO: TF-Sigmoid-hl-2-do-True-ep-100 Accuracy Test: 0.8826
2023-11-28 22:25:14: INFO: TF-Sigmoid-hl-2-do-True-ep-100 AUC Train: 0.907
2023-11-28 22:25:14: INFO: TF-Sigmoid-hl-2-do-True-ep-100 AUC Test: 0.888
2023-11-28 22:25:23: INFO: ------------------------------------
2023-11-28 22:25:47: INFO: TF-Sigmoid-hl-2-do-True-ep-800 MEAN Train: 12254.549947423764
2023-11-28 22:25:47: INFO: TF-Sigmoid-hl-2-do-True-ep-800 MEAN Test: 11573.31512605042
2023-11-28 22:25:47: INFO: TF-Sigmoid-hl-2-do-True-ep-800 RMSE Train: 14058.875782601242 (Error Ratio: 1.1472372174350471)
2023-11-28 22:25:47: INFO: TF-Sigmoid-hl-2-do-True-ep-800 RMSE Test: 13337.143952295679 (Error Ratio: 1.1524048042444683)
2023-11-28 22:25:47: INFO: ------------------------------------
2023-11-28 22:26:00: INFO: TF-Sigmoid-hl-2-do-False-ep-100 Accuracy Train: 0.8907
2023-11-28 22:26:00: INFO: TF-Sigmoid-hl-2-do-False-ep-100 Accuracy Test: 0.8935
2023-11-28 22:26:00: INFO: TF-Sigmoid-hl-2-do-False-ep-100 AUC Train: 0.911
2023-11-28 22:26:00: INFO: TF-Sigmoid-hl-2-do-False-ep-100 AUC Test: 0.890
2023-11-28 22:26:09: INFO: ------------------------------------
2023-11-28 22:26:30: INFO: TF-Sigmoid-hl-2-do-False-ep-800 MEAN Train: 12254.549947423764
2023-11-28 22:26:30: INFO: TF-Sigmoid-hl-2-do-False-ep-800 MEAN Test: 11573.31512605042
2023-11-28 22:26:30: INFO: TF-Sigmoid-hl-2-do-False-ep-800 RMSE Train: 14062.318331414124 (Error Ratio: 1.1475181374874075)
2023-11-28 22:26:30: INFO: TF-Sigmoid-hl-2-do-False-ep-800 RMSE Test: 13340.563559189819 (Error Ratio: 1.1527002776552322)
2023-11-28 22:26:30: INFO: ------------------------------------
2023-11-28 22:26:43: INFO: TF-Tanh-hl-1-do-True-ep-100 Accuracy Train: 0.8924
2023-11-28 22:26:43: INFO: TF-Tanh-hl-1-do-True-ep-100 Accuracy Test: 0.8901
2023-11-28 22:26:43: INFO: TF-Tanh-hl-1-do-True-ep-100 AUC Train: 0.913
2023-11-28 22:26:43: INFO: TF-Tanh-hl-1-do-True-ep-100 AUC Test: 0.891
2023-11-28 22:26:52: INFO: ------------------------------------
2023-11-28 22:27:14: INFO: TF-Tanh-hl-1-do-True-ep-800 MEAN Train: 12254.549947423764
2023-11-28 22:27:14: INFO: TF-Tanh-hl-1-do-True-ep-800 MEAN Test: 11573.31512605042
2023-11-28 22:27:14: INFO: TF-Tanh-hl-1-do-True-ep-800 RMSE Train: 14041.867876192664 (Error Ratio: 1.1458493324060948)
2023-11-28 22:27:14: INFO: TF-Tanh-hl-1-do-True-ep-800 RMSE Test: 13320.249876666276 (Error Ratio: 1.1509450603901448)
2023-11-28 22:27:14: INFO: ------------------------------------
2023-11-28 22:27:26: INFO: TF-Tanh-hl-1-do-False-ep-100 Accuracy Train: 0.9002
2023-11-28 22:27:26: INFO: TF-Tanh-hl-1-do-False-ep-100 Accuracy Test: 0.8935
2023-11-28 22:27:27: INFO: TF-Tanh-hl-1-do-False-ep-100 AUC Train: 0.918
2023-11-28 22:27:27: INFO: TF-Tanh-hl-1-do-False-ep-100 AUC Test: 0.899
2023-11-28 22:27:35: INFO: ------------------------------------
2023-11-28 22:27:55: INFO: TF-Tanh-hl-1-do-False-ep-800 MEAN Train: 12254.549947423764
2023-11-28 22:27:55: INFO: TF-Tanh-hl-1-do-False-ep-800 MEAN Test: 11573.31512605042
2023-11-28 22:27:55: INFO: TF-Tanh-hl-1-do-False-ep-800 RMSE Train: 14039.372659310515 (Error Ratio: 1.1456457168597993)
2023-11-28 22:27:55: INFO: TF-Tanh-hl-1-do-False-ep-800 RMSE Test: 13317.771428518743 (Error Ratio: 1.1507309084275879)
2023-11-28 22:27:55: INFO: ------------------------------------
2023-11-28 22:28:08: INFO: TF-Tanh-hl-2-do-True-ep-100 Accuracy Train: 0.8941
2023-11-28 22:28:08: INFO: TF-Tanh-hl-2-do-True-ep-100 Accuracy Test: 0.8834
2023-11-28 22:28:08: INFO: TF-Tanh-hl-2-do-True-ep-100 AUC Train: 0.916
2023-11-28 22:28:09: INFO: TF-Tanh-hl-2-do-True-ep-100 AUC Test: 0.896
2023-11-28 22:28:17: INFO: ------------------------------------
2023-11-28 22:28:40: INFO: TF-Tanh-hl-2-do-True-ep-800 MEAN Train: 12254.549947423764
2023-11-28 22:28:40: INFO: TF-Tanh-hl-2-do-True-ep-800 MEAN Test: 11573.31512605042
2023-11-28 22:28:40: INFO: TF-Tanh-hl-2-do-True-ep-800 RMSE Train: 14043.421377711495 (Error Ratio: 1.1459761017713914)
2023-11-28 22:28:40: INFO: TF-Tanh-hl-2-do-True-ep-800 RMSE Test: 13321.79294793369 (Error Ratio: 1.1510783904905186)
2023-11-28 22:28:40: INFO: ------------------------------------
2023-11-28 22:28:53: INFO: TF-Tanh-hl-2-do-False-ep-100 Accuracy Train: 0.9031
2023-11-28 22:28:53: INFO: TF-Tanh-hl-2-do-False-ep-100 Accuracy Test: 0.9035
2023-11-28 22:28:53: INFO: TF-Tanh-hl-2-do-False-ep-100 AUC Train: 0.932
2023-11-28 22:28:53: INFO: TF-Tanh-hl-2-do-False-ep-100 AUC Test: 0.904
2023-11-28 22:29:02: INFO: ------------------------------------
2023-11-28 22:29:23: INFO: TF-Tanh-hl-2-do-False-ep-800 MEAN Train: 12254.549947423764
2023-11-28 22:29:23: INFO: TF-Tanh-hl-2-do-False-ep-800 MEAN Test: 11573.31512605042
2023-11-28 22:29:23: INFO: TF-Tanh-hl-2-do-False-ep-800 RMSE Train: 14042.126141012426 (Error Ratio: 1.1458704074207522)
2023-11-28 22:29:23: INFO: TF-Tanh-hl-2-do-False-ep-800 RMSE Test: 13320.506407717343 (Error Ratio: 1.1509672261264332)
2023-11-28 22:29:23: INFO: ------------------------------------
2023-11-28 22:29:50: INFO: Execution time: 0:09:31.458476
