2023-11-29 13:46:57: INFO: Total NaN values in each row.
2023-11-29 13:46:57: INFO: NOTE: I am not imputing TARGET_LOSS_AMT because this is only NaN when the person did not default.
2023-11-29 13:46:57: INFO: 
TARGET_BAD_FLAG       0
TARGET_LOSS_AMT    4771
LOAN                  0
MORTDUE             518
VALUE               112
REASON              252
JOB                 279
YOJ                 515
DEROG               708
DELINQ              580
CLAGE               308
NINQ                510
CLNO                222
DEBTINC            1267
2023-11-29 13:46:57: INFO: Median of each numerical column grouped by job and reason of loan. I will impute NaNs with these values.
2023-11-29 13:46:57: INFO: 
                 TARGET_BAD_FLAG  TARGET_LOSS_AMT     LOAN     MORTDUE     VALUE    YOJ  DEROG  DELINQ       CLAGE  NINQ  CLNO    DEBTINC
REASON  JOB                                                                                                                              
DebtCon Mgr                  0.0          14360.0  19450.0   76600.000   99025.5   8.00    0.0     0.0  175.570979   1.0  23.0  36.290354
        Office               0.0          13453.0  17900.0   63744.000   90810.5   5.00    0.0     0.0  167.657981   1.0  22.0  36.099281
        Other                0.0          12124.0  18000.0   54653.000   77519.0   8.00    0.0     0.0  152.202235   1.0  19.0  35.730559
        ProfExe              0.0          15237.0  18500.0   83149.500  113083.5   8.00    0.0     0.0  190.800000   1.0  25.0  33.591086
        Sales                0.0          16656.0  15200.0   74392.500   87446.5   4.00    0.0     0.0  141.268671   0.0  23.0  35.033102
        Self                 0.0          19324.0  23400.0  101250.000  125252.0   5.00    0.0     0.0  178.951539   1.0  24.0  34.554127
        NaN                  0.0          14756.0  11100.0   59701.500   80037.0   5.00    0.0     0.0  129.896035   1.0  16.0  31.626822
HomeImp Mgr                  0.0           6533.5  13250.0   74013.000  102377.5   8.00    0.0     0.0  162.637297   0.0  21.0  33.200548
        Office               0.0           5817.0  12000.0   62200.000   80147.0  10.00    0.0     0.0  175.082704   0.0  17.5  35.949877
        Other                0.0           4572.0  10800.0   53812.500   73319.0   7.00    0.0     0.0  168.666667   0.0  15.0  34.485533
        ProfExe              0.0           6934.0  14900.0   82889.500  107442.5   7.00    0.0     0.0  177.854846   0.0  22.0  32.870335
        Sales                0.0           3870.0   5500.0   70793.000   70735.0   4.00    1.0     0.0  156.625882   0.0  23.0  40.442569
        Self                 0.0          17239.0  24000.0   78943.500  167020.0   7.00    0.0     0.0  192.226177   1.0  21.0  35.871959
        NaN                  0.0          12251.5  21900.0   85337.000  100147.0   8.00    0.0     0.0  142.147140   0.0  13.0  31.203189
NaN     Mgr                  0.0          14283.0  20000.0  111000.000  168708.0  13.00    0.0     4.0  249.242763   1.0  27.0  32.698229
        Office               0.0              NaN  15500.0   25751.000   44461.0   2.00    0.0     0.0  211.033333   0.0  16.0  37.816428
        Other                0.0          11471.0  16100.0   67371.305   95085.0  12.00    0.0     0.0  246.918710   0.0  19.0  31.183363
        ProfExe              0.0          10107.5  18500.0   62772.000   90031.0   6.50    0.0     0.0  108.136393   1.0  17.5  27.740432
        Self                 1.0          28095.0  27700.0   61396.000  111627.0   5.00    0.0     1.0  101.466667   1.0  28.0  84.613889
        NaN                  0.0           5312.0  13300.0   47811.000   72583.0   0.95    0.0     0.0  118.976063   0.0   0.0  23.988913
2023-11-29 13:46:57: INFO: Impute missing values START.
2023-11-29 13:46:57: INFO: Impute missing categorical values to 'Unknwon'.
2023-11-29 13:46:57: INFO: Add new column for flag and imputed numbers.
2023-11-29 13:46:57: INFO: The NaNs will be imputed by the median of per Job and Reason.
2023-11-29 13:46:57: INFO: The original imputed columns will be deleted.
2023-11-29 13:46:57: INFO: Impute missing values END.
2023-11-29 13:46:57: INFO: First 5 observations of the imputed data
2023-11-29 13:46:57: INFO: 
                         0           1           2       3          4
TARGET_BAD_FLAG          1           1           1       1          0
TARGET_LOSS_AMT      641.0      1109.0       767.0  1425.0        NaN
LOAN                  1100        1300        1500    1500       1700
MORTDUE            25860.0     70053.0     13500.0     NaN    97800.0
VALUE              39025.0     68400.0     16700.0     NaN   112000.0
REASON             HomeImp     HomeImp     HomeImp     NaN    HomeImp
JOB                  Other       Other       Other     NaN     Office
YOJ                   10.5         7.0         4.0     NaN        3.0
DEROG                  0.0         0.0         0.0     NaN        0.0
DELINQ                 0.0         2.0         0.0     NaN        0.0
CLAGE            94.366667  121.833333  149.466667     NaN  93.333333
NINQ                   1.0         0.0         1.0     NaN        0.0
CLNO                   9.0        14.0        10.0     NaN       14.0
DEBTINC                NaN         NaN         NaN     NaN        NaN
2023-11-29 13:46:57: INFO: Confirming there are no NaNs (except the intentionally left TARGET_LOSS_AMT.)
2023-11-29 13:46:57: INFO: 
TARGET_BAD_FLAG       0
TARGET_LOSS_AMT    4771
LOAN                  0
REASON                0
JOB                   0
M_MORTDUE             0
IMP_MORTDUE           0
M_VALUE               0
IMP_VALUE             0
M_YOJ                 0
IMP_YOJ               0
M_DEROG               0
IMP_DEROG             0
M_DELINQ              0
IMP_DELINQ            0
M_CLAGE               0
IMP_CLAGE             0
M_NINQ                0
IMP_NINQ              0
M_CLNO                0
IMP_CLNO              0
M_DEBTINC             0
IMP_DEBTINC           0
2023-11-29 13:46:57: INFO: Creating dummy variables for categorical columns
2023-11-29 13:46:57: INFO: Completed creating dummy variables
2023-11-29 13:46:57: INFO: First 5 observations of the data with dummy variables
2023-11-29 13:46:57: INFO: 
   TARGET_BAD_FLAG  TARGET_LOSS_AMT  LOAN  M_MORTDUE  IMP_MORTDUE  M_VALUE  IMP_VALUE  M_YOJ  IMP_YOJ  M_DEROG  IMP_DEROG  M_DELINQ  IMP_DELINQ  M_CLAGE   IMP_CLAGE  M_NINQ  IMP_NINQ  M_CLNO  IMP_CLNO  M_DEBTINC  IMP_DEBTINC  z_REASON_DebtCon  z_REASON_HomeImp  z_JOB_Mgr  z_JOB_Office  z_JOB_Other  z_JOB_ProfExe  z_JOB_Sales  z_JOB_Self
0                1            641.0  1100          0      25860.0        0    39025.0      0    10.50        0        0.0         0         0.0        0   94.366667       0       1.0       0       9.0          1    34.485533                 0                 1          0             0            1              0            0           0
1                1           1109.0  1300          0      70053.0        0    68400.0      0     7.00        0        0.0         0         2.0        0  121.833333       0       0.0       0      14.0          1    34.485533                 0                 1          0             0            1              0            0           0
2                1            767.0  1500          0      13500.0        0    16700.0      0     4.00        0        0.0         0         0.0        0  149.466667       0       1.0       0      10.0          1    34.485533                 0                 1          0             0            1              0            0           0
3                1           1425.0  1500          1      47811.0        1    72583.0      1     0.95        1        0.0         1         0.0        1  118.976063       1       0.0       1       0.0          1    23.988913                 0                 0          0             0            0              0            0           0
4                0              NaN  1700          0      97800.0        0   112000.0      0     3.00        0        0.0         0         0.0        0   93.333333       0       0.0       0      14.0          1    35.949877                 0                 1          0             1            0              0            0           0
2023-11-29 13:46:57: INFO: LOSS AMOUNT statistics BEFORE capping
2023-11-29 13:46:57: INFO: 
count     1189.000000
mean     13414.576955
std      10839.455965
min        224.000000
25%       5639.000000
50%      11003.000000
75%      17634.000000
max      78987.000000
2023-11-29 13:46:57: INFO: LOSS AMOUNT statistics AFTER capping
2023-11-29 13:46:57: INFO: 
count     1189.000000
mean     12118.188394
std       7574.544843
min        224.000000
25%       5639.000000
50%      11003.000000
75%      17634.000000
max      25000.000000
2023-11-29 13:46:57: INFO: Data Split
2023-11-29 13:46:57: INFO: FLAG DATA
2023-11-29 13:46:57: INFO: TRAINING = (4768, 27)
2023-11-29 13:46:57: INFO: TEST = (1192, 27)
2023-11-29 13:46:57: INFO: LOSS AMOUNT DATA
2023-11-29 13:46:57: INFO: TRAINING = (951,)
2023-11-29 13:46:57: INFO: TEST = (238,)
2023-11-29 13:46:57: INFO: 
count      951.000000
mean     12254.549947
std       7625.029926
min        224.000000
25%       5781.000000
50%      11122.000000
75%      18082.000000
max      25000.000000
2023-11-29 13:46:57: INFO: 
count      238.000000
mean     11573.315126
std       7359.835410
min        320.000000
25%       5025.500000
50%      10390.000000
75%      16489.500000
max      25000.000000
2023-11-29 13:46:57: INFO: Variables Selection enabled for DT
2023-11-29 13:46:57: INFO: Important Variables Count from DT Categorical: 11
2023-11-29 13:46:57: INFO: Important Variables from DT Categorical: Index(['M_VALUE', 'IMP_VALUE', 'M_YOJ', 'IMP_YOJ', 'M_DEROG', 'IMP_DEROG',
       'IMP_DELINQ', 'IMP_CLAGE', 'M_DEBTINC', 'IMP_DEBTINC', 'z_JOB_Sales'],
      dtype='object')
2023-11-29 13:46:57: INFO: Important Variables from DT Regression: 7
2023-11-29 13:46:57: INFO: Important Variables from DT Regression: Index(['LOAN', 'IMP_MORTDUE', 'M_VALUE', 'IMP_CLAGE', 'IMP_CLNO', 'M_DEBTINC',
       'IMP_DEBTINC'],
      dtype='object')
2023-11-29 13:46:57: INFO: LR Categorical
2023-11-29 13:46:57: INFO: Using Features from LR.
2023-11-29 13:46:57: INFO: LR variables Accuracy Train: 0.8056
2023-11-29 13:46:57: INFO: LR variables  Accuracy Test:: 0.7987
2023-11-29 13:46:57: INFO: LR variables AUC Train: 0.686
2023-11-29 13:46:57: INFO: LR variables AUC Test: 0.672
2023-11-29 13:46:57: INFO: LR AUC Train Cross Validation Average: 0.67
2023-11-29 13:47:12: INFO: ------------------------------------
2023-11-29 13:47:12: INFO: LR Regression
2023-11-29 13:47:12: INFO: Using Features from LR.
2023-11-29 13:47:12: INFO: LR MEAN Train: 12254.549947423764
2023-11-29 13:47:12: INFO: LR MEAN Test: 11573.31512605042
2023-11-29 13:47:12: INFO: LR RMSE Train: 3755.3169837115074 (Error Ratio: 0.30644266821899696)
2023-11-29 13:47:12: INFO: LR RMSE Test: 3761.668458151463 (Error Ratio: 0.3250294679770975)
2023-11-29 13:47:12: INFO: LR RMSE Train Cross Validation Average: 3865.95 (Error Ratio: 0.3154705307793212)
2023-11-29 13:47:12: INFO: ------------------------------------
2023-11-29 13:47:12: INFO: DT Categorical
2023-11-29 13:47:12: INFO: Using Default Parameters for DT.
2023-11-29 13:47:12: INFO: DT Accuracy Train: 0.8970
2023-11-29 13:47:12: INFO: DT Accuracy Test:: 0.8842
2023-11-29 13:47:12: INFO: DT AUC Train: 0.873
2023-11-29 13:47:12: INFO: DT AUC Test: 0.823
2023-11-29 13:47:12: INFO: DT AUC Train Cross Validation Average: 0.858
2023-11-29 13:47:12: INFO: ------------------------------------
2023-11-29 13:47:12: INFO: DT Regression
2023-11-29 13:47:12: INFO: Using Default Parameters for DT.
2023-11-29 13:47:12: INFO: DT MEAN Train: 12254.549947423764
2023-11-29 13:47:12: INFO: DT MEAN Test: 11573.31512605042
2023-11-29 13:47:12: INFO: DT RMSE Train: 2802.1115259601347 (Error Ratio: 0.22865886858204973)
2023-11-29 13:47:12: INFO: DT RMSE Test: 3356.1285836473703 (Error Ratio: 0.289988525076367)
2023-11-29 13:47:12: INFO: DT RMSE Train Cross Validation Average: 3548.889
2023-11-29 13:47:12: INFO: ------------------------------------
2023-11-29 13:47:12: INFO: RF Categorical
2023-11-29 13:47:12: INFO: Using Default Parameters for RF.
2023-11-29 13:47:13: INFO: RF Accuracy Train: 0.8985
2023-11-29 13:47:13: INFO: RF Accuracy Test:: 0.8876
2023-11-29 13:47:13: INFO: RF AUC Train: 0.927
2023-11-29 13:47:13: INFO: RF AUC Test: 0.900
2023-11-29 13:47:14: INFO: RF AUC Train Cross Validation Average: 0.914
2023-11-29 13:47:21: INFO: ------------------------------------
2023-11-29 13:47:21: INFO: RF Regression
2023-11-29 13:47:21: INFO: Using Default Parameters for RF.
2023-11-29 13:47:21: INFO: RF MEAN Train: 12254.549947423764
2023-11-29 13:47:21: INFO: RF MEAN Test: 11573.31512605042
2023-11-29 13:47:22: INFO: RF RMSE Train: 2344.230714744598 (Error Ratio: 0.1912947211282466)
2023-11-29 13:47:22: INFO: RF RMSE Test: 2822.5413989275903 (Error Ratio: 0.24388356907126127)
2023-11-29 13:47:22: INFO: RF RMSE Train Cross Validation Average: 2942.986
2023-11-29 13:47:22: INFO: ------------------------------------
2023-11-29 13:47:22: INFO: GB Categorical
2023-11-29 13:47:22: INFO: Using Default Parameters for GB.
2023-11-29 13:47:23: INFO: GB Accuracy Train: 0.9549
2023-11-29 13:47:23: INFO: GB Accuracy Test:: 0.9052
2023-11-29 13:47:23: INFO: GB AUC Train: 0.985
2023-11-29 13:47:23: INFO: GB AUC Test: 0.921
2023-11-29 13:47:27: INFO: GB AUC Train Cross Validation Average: 0.932
2023-11-29 13:47:31: INFO: ------------------------------------
2023-11-29 13:47:31: INFO: GB Regression
2023-11-29 13:47:31: INFO: Using Default Parameters for GB.
2023-11-29 13:47:31: INFO: GB MEAN Train: 12254.549947423764
2023-11-29 13:47:31: INFO: GB MEAN Test: 11573.31512605042
2023-11-29 13:47:32: INFO: GB RMSE Train: 775.6665078018333 (Error Ratio: 0.06329620517519693)
2023-11-29 13:47:32: INFO: GB RMSE Test: 1930.8703888881475 (Error Ratio: 0.16683814169562738)
2023-11-29 13:47:32: INFO: GB RMSE Train Cross Validation Average: 2512.032
2023-11-29 13:47:32: INFO: ------------------------------------
2023-11-29 13:47:42: INFO: TF-Relu-hl-1-do-True-ep-100 Accuracy Train: 0.8943
2023-11-29 13:47:42: INFO: TF-Relu-hl-1-do-True-ep-100 Accuracy Test: 0.8842
2023-11-29 13:47:43: INFO: TF-Relu-hl-1-do-True-ep-100 AUC Train: 0.916
2023-11-29 13:47:43: INFO: TF-Relu-hl-1-do-True-ep-100 AUC Test: 0.892
2023-11-29 13:47:51: INFO: ------------------------------------
2023-11-29 13:48:08: INFO: TF-Relu-hl-1-do-True-ep-800 MEAN Train: 12254.549947423764
2023-11-29 13:48:08: INFO: TF-Relu-hl-1-do-True-ep-800 MEAN Test: 11573.31512605042
2023-11-29 13:48:08: INFO: TF-Relu-hl-1-do-True-ep-800 RMSE Train: 6631.067883177335 (Error Ratio: 0.5411106822875501)
2023-11-29 13:48:08: INFO: TF-Relu-hl-1-do-True-ep-800 RMSE Test: 6151.747378000821 (Error Ratio: 0.531545828571956)
2023-11-29 13:48:08: INFO: ------------------------------------
2023-11-29 13:48:21: INFO: TF-Relu-hl-1-do-False-ep-100 Accuracy Train: 0.8960
2023-11-29 13:48:21: INFO: TF-Relu-hl-1-do-False-ep-100 Accuracy Test: 0.8876
2023-11-29 13:48:21: INFO: TF-Relu-hl-1-do-False-ep-100 AUC Train: 0.918
2023-11-29 13:48:21: INFO: TF-Relu-hl-1-do-False-ep-100 AUC Test: 0.893
2023-11-29 13:48:30: INFO: ------------------------------------
2023-11-29 13:48:50: INFO: TF-Relu-hl-1-do-False-ep-800 MEAN Train: 12254.549947423764
2023-11-29 13:48:50: INFO: TF-Relu-hl-1-do-False-ep-800 MEAN Test: 11573.31512605042
2023-11-29 13:48:50: INFO: TF-Relu-hl-1-do-False-ep-800 RMSE Train: 6582.671811777546 (Error Ratio: 0.5371614494224164)
2023-11-29 13:48:50: INFO: TF-Relu-hl-1-do-False-ep-800 RMSE Test: 6128.069559426698 (Error Ratio: 0.5294999308912796)
2023-11-29 13:48:50: INFO: ------------------------------------
2023-11-29 13:49:04: INFO: TF-Relu-hl-2-do-True-ep-100 Accuracy Train: 0.9010
2023-11-29 13:49:04: INFO: TF-Relu-hl-2-do-True-ep-100 Accuracy Test: 0.8876
2023-11-29 13:49:04: INFO: TF-Relu-hl-2-do-True-ep-100 AUC Train: 0.929
2023-11-29 13:49:04: INFO: TF-Relu-hl-2-do-True-ep-100 AUC Test: 0.897
2023-11-29 13:49:12: INFO: ------------------------------------
2023-11-29 13:49:33: INFO: TF-Relu-hl-2-do-True-ep-800 MEAN Train: 12254.549947423764
2023-11-29 13:49:33: INFO: TF-Relu-hl-2-do-True-ep-800 MEAN Test: 11573.31512605042
2023-11-29 13:49:33: INFO: TF-Relu-hl-2-do-True-ep-800 RMSE Train: 3851.8512344789046 (Error Ratio: 0.3143200893549475)
2023-11-29 13:49:33: INFO: TF-Relu-hl-2-do-True-ep-800 RMSE Test: 3824.0326409455142 (Error Ratio: 0.3304180867189889)
2023-11-29 13:49:33: INFO: ------------------------------------
2023-11-29 13:49:45: INFO: TF-Relu-hl-2-do-False-ep-100 Accuracy Train: 0.9029
2023-11-29 13:49:45: INFO: TF-Relu-hl-2-do-False-ep-100 Accuracy Test: 0.8909
2023-11-29 13:49:45: INFO: TF-Relu-hl-2-do-False-ep-100 AUC Train: 0.930
2023-11-29 13:49:45: INFO: TF-Relu-hl-2-do-False-ep-100 AUC Test: 0.901
2023-11-29 13:49:53: INFO: ------------------------------------
2023-11-29 13:50:11: INFO: TF-Relu-hl-2-do-False-ep-800 MEAN Train: 12254.549947423764
2023-11-29 13:50:11: INFO: TF-Relu-hl-2-do-False-ep-800 MEAN Test: 11573.31512605042
2023-11-29 13:50:11: INFO: TF-Relu-hl-2-do-False-ep-800 RMSE Train: 3733.2784045753974 (Error Ratio: 0.30464426850373505)
2023-11-29 13:50:11: INFO: TF-Relu-hl-2-do-False-ep-800 RMSE Test: 3728.732450681385 (Error Ratio: 0.32218361031994774)
2023-11-29 13:50:11: INFO: ------------------------------------
2023-11-29 13:50:22: INFO: TF-Sigmoid-hl-1-do-True-ep-100 Accuracy Train: 0.8851
2023-11-29 13:50:22: INFO: TF-Sigmoid-hl-1-do-True-ep-100 Accuracy Test: 0.8750
2023-11-29 13:50:22: INFO: TF-Sigmoid-hl-1-do-True-ep-100 AUC Train: 0.899
2023-11-29 13:50:22: INFO: TF-Sigmoid-hl-1-do-True-ep-100 AUC Test: 0.882
2023-11-29 13:50:30: INFO: ------------------------------------
2023-11-29 13:50:48: INFO: TF-Sigmoid-hl-1-do-True-ep-800 MEAN Train: 12254.549947423764
2023-11-29 13:50:48: INFO: TF-Sigmoid-hl-1-do-True-ep-800 MEAN Test: 11573.31512605042
2023-11-29 13:50:48: INFO: TF-Sigmoid-hl-1-do-True-ep-800 RMSE Train: 14124.744404496822 (Error Ratio: 1.1526122513757613)
2023-11-29 13:50:48: INFO: TF-Sigmoid-hl-1-do-True-ep-800 RMSE Test: 13402.579304437411 (Error Ratio: 1.1580587894189016)
2023-11-29 13:50:48: INFO: ------------------------------------
2023-11-29 13:50:58: INFO: TF-Sigmoid-hl-1-do-False-ep-100 Accuracy Train: 0.8846
2023-11-29 13:50:58: INFO: TF-Sigmoid-hl-1-do-False-ep-100 Accuracy Test: 0.8750
2023-11-29 13:50:58: INFO: TF-Sigmoid-hl-1-do-False-ep-100 AUC Train: 0.901
2023-11-29 13:50:58: INFO: TF-Sigmoid-hl-1-do-False-ep-100 AUC Test: 0.883
2023-11-29 13:51:06: INFO: ------------------------------------
2023-11-29 13:51:23: INFO: TF-Sigmoid-hl-1-do-False-ep-800 MEAN Train: 12254.549947423764
2023-11-29 13:51:23: INFO: TF-Sigmoid-hl-1-do-False-ep-800 MEAN Test: 11573.31512605042
2023-11-29 13:51:23: INFO: TF-Sigmoid-hl-1-do-False-ep-800 RMSE Train: 14123.214418428564 (Error Ratio: 1.152487400926351)
2023-11-29 13:51:23: INFO: TF-Sigmoid-hl-1-do-False-ep-800 RMSE Test: 13401.059246941248 (Error Ratio: 1.1579274478387571)
2023-11-29 13:51:23: INFO: ------------------------------------
2023-11-29 13:51:35: INFO: TF-Sigmoid-hl-2-do-True-ep-100 Accuracy Train: 0.8857
2023-11-29 13:51:35: INFO: TF-Sigmoid-hl-2-do-True-ep-100 Accuracy Test: 0.8733
2023-11-29 13:51:35: INFO: TF-Sigmoid-hl-2-do-True-ep-100 AUC Train: 0.898
2023-11-29 13:51:35: INFO: TF-Sigmoid-hl-2-do-True-ep-100 AUC Test: 0.879
2023-11-29 13:51:43: INFO: ------------------------------------
2023-11-29 13:52:03: INFO: TF-Sigmoid-hl-2-do-True-ep-800 MEAN Train: 12254.549947423764
2023-11-29 13:52:03: INFO: TF-Sigmoid-hl-2-do-True-ep-800 MEAN Test: 11573.31512605042
2023-11-29 13:52:03: INFO: TF-Sigmoid-hl-2-do-True-ep-800 RMSE Train: 14129.818887902089 (Error Ratio: 1.153026341116065)
2023-11-29 13:52:03: INFO: TF-Sigmoid-hl-2-do-True-ep-800 RMSE Test: 13407.620902493658 (Error Ratio: 1.158494412056092)
2023-11-29 13:52:03: INFO: ------------------------------------
2023-11-29 13:52:14: INFO: TF-Sigmoid-hl-2-do-False-ep-100 Accuracy Train: 0.8859
2023-11-29 13:52:14: INFO: TF-Sigmoid-hl-2-do-False-ep-100 Accuracy Test: 0.8767
2023-11-29 13:52:14: INFO: TF-Sigmoid-hl-2-do-False-ep-100 AUC Train: 0.901
2023-11-29 13:52:14: INFO: TF-Sigmoid-hl-2-do-False-ep-100 AUC Test: 0.882
2023-11-29 13:52:22: INFO: ------------------------------------
2023-11-29 13:52:40: INFO: TF-Sigmoid-hl-2-do-False-ep-800 MEAN Train: 12254.549947423764
2023-11-29 13:52:40: INFO: TF-Sigmoid-hl-2-do-False-ep-800 MEAN Test: 11573.31512605042
2023-11-29 13:52:40: INFO: TF-Sigmoid-hl-2-do-False-ep-800 RMSE Train: 14131.90479302474 (Error Ratio: 1.153196555863371)
2023-11-29 13:52:40: INFO: TF-Sigmoid-hl-2-do-False-ep-800 RMSE Test: 13409.693310210416 (Error Ratio: 1.1586734798248504)
2023-11-29 13:52:40: INFO: ------------------------------------
2023-11-29 13:52:51: INFO: TF-Tanh-hl-1-do-True-ep-100 Accuracy Train: 0.8878
2023-11-29 13:52:51: INFO: TF-Tanh-hl-1-do-True-ep-100 Accuracy Test: 0.8767
2023-11-29 13:52:51: INFO: TF-Tanh-hl-1-do-True-ep-100 AUC Train: 0.901
2023-11-29 13:52:51: INFO: TF-Tanh-hl-1-do-True-ep-100 AUC Test: 0.878
2023-11-29 13:52:59: INFO: ------------------------------------
2023-11-29 13:53:18: INFO: TF-Tanh-hl-1-do-True-ep-800 MEAN Train: 12254.549947423764
2023-11-29 13:53:18: INFO: TF-Tanh-hl-1-do-True-ep-800 MEAN Test: 11573.31512605042
2023-11-29 13:53:18: INFO: TF-Tanh-hl-1-do-True-ep-800 RMSE Train: 14122.151159676452 (Error Ratio: 1.1524006365199326)
2023-11-29 13:53:18: INFO: TF-Tanh-hl-1-do-True-ep-800 RMSE Test: 13400.002891993614 (Error Ratio: 1.1578361727860926)
2023-11-29 13:53:18: INFO: ------------------------------------
2023-11-29 13:53:30: INFO: TF-Tanh-hl-1-do-False-ep-100 Accuracy Train: 0.8878
2023-11-29 13:53:30: INFO: TF-Tanh-hl-1-do-False-ep-100 Accuracy Test: 0.8742
2023-11-29 13:53:30: INFO: TF-Tanh-hl-1-do-False-ep-100 AUC Train: 0.902
2023-11-29 13:53:30: INFO: TF-Tanh-hl-1-do-False-ep-100 AUC Test: 0.878
2023-11-29 13:53:38: INFO: ------------------------------------
2023-11-29 13:53:55: INFO: TF-Tanh-hl-1-do-False-ep-800 MEAN Train: 12254.549947423764
2023-11-29 13:53:55: INFO: TF-Tanh-hl-1-do-False-ep-800 MEAN Test: 11573.31512605042
2023-11-29 13:53:55: INFO: TF-Tanh-hl-1-do-False-ep-800 RMSE Train: 14120.591355820457 (Error Ratio: 1.152273352869151)
2023-11-29 13:53:55: INFO: TF-Tanh-hl-1-do-False-ep-800 RMSE Test: 13398.45322153926 (Error Ratio: 1.1577022724785768)
2023-11-29 13:53:55: INFO: ------------------------------------
2023-11-29 13:54:07: INFO: TF-Tanh-hl-2-do-True-ep-100 Accuracy Train: 0.8857
2023-11-29 13:54:07: INFO: TF-Tanh-hl-2-do-True-ep-100 Accuracy Test: 0.8750
2023-11-29 13:54:07: INFO: TF-Tanh-hl-2-do-True-ep-100 AUC Train: 0.901
2023-11-29 13:54:07: INFO: TF-Tanh-hl-2-do-True-ep-100 AUC Test: 0.878
2023-11-29 13:54:15: INFO: ------------------------------------
2023-11-29 13:54:35: INFO: TF-Tanh-hl-2-do-True-ep-800 MEAN Train: 12254.549947423764
2023-11-29 13:54:35: INFO: TF-Tanh-hl-2-do-True-ep-800 MEAN Test: 11573.31512605042
2023-11-29 13:54:35: INFO: TF-Tanh-hl-2-do-True-ep-800 RMSE Train: 14123.842247643848 (Error Ratio: 1.1525386332619305)
2023-11-29 13:54:35: INFO: TF-Tanh-hl-2-do-True-ep-800 RMSE Test: 13401.68300119154 (Error Ratio: 1.1579813437401043)
2023-11-29 13:54:35: INFO: ------------------------------------
2023-11-29 13:54:45: INFO: TF-Tanh-hl-2-do-False-ep-100 Accuracy Train: 0.8932
2023-11-29 13:54:45: INFO: TF-Tanh-hl-2-do-False-ep-100 Accuracy Test: 0.8767
2023-11-29 13:54:46: INFO: TF-Tanh-hl-2-do-False-ep-100 AUC Train: 0.910
2023-11-29 13:54:46: INFO: TF-Tanh-hl-2-do-False-ep-100 AUC Test: 0.885
2023-11-29 13:54:53: INFO: ------------------------------------
2023-11-29 13:55:12: INFO: TF-Tanh-hl-2-do-False-ep-800 MEAN Train: 12254.549947423764
2023-11-29 13:55:12: INFO: TF-Tanh-hl-2-do-False-ep-800 MEAN Test: 11573.31512605042
2023-11-29 13:55:12: INFO: TF-Tanh-hl-2-do-False-ep-800 RMSE Train: 14122.98203371791 (Error Ratio: 1.152468437789259)
2023-11-29 13:55:12: INFO: TF-Tanh-hl-2-do-False-ep-800 RMSE Test: 13400.82837086276 (Error Ratio: 1.1579074988374578)
2023-11-29 13:55:12: INFO: ------------------------------------
2023-11-29 13:55:42: INFO: Execution time: 0:08:45.582355
