2023-09-20 23:26:08: INFO: Total NaN values in each row.
2023-09-20 23:26:08: INFO: NOTE: I am not imputing TARGET_LOSS_AMT because this is only NaN when the person did not default.
2023-09-20 23:26:08: INFO: 
TARGET_BAD_FLAG       0
TARGET_LOSS_AMT    4771
LOAN                  0
MORTDUE             518
VALUE               112
REASON              252
JOB                 279
YOJ                 515
DEROG               708
DELINQ              580
CLAGE               308
NINQ                510
CLNO                222
DEBTINC            1267
2023-09-20 23:26:08: INFO: Median of each numerical column grouped by job and reason of loan. I will impute NaNs with these values.
2023-09-20 23:26:08: INFO: 
                 TARGET_BAD_FLAG  TARGET_LOSS_AMT     LOAN     MORTDUE     VALUE    YOJ  DEROG  DELINQ       CLAGE  NINQ  CLNO    DEBTINC
REASON  JOB                                                                                                                              
DebtCon Mgr                  0.0          14360.0  19450.0   76600.000   99025.5   8.00    0.0     0.0  175.570979   1.0  23.0  36.290354
        Office               0.0          13453.0  17900.0   63744.000   90810.5   5.00    0.0     0.0  167.657981   1.0  22.0  36.099281
        Other                0.0          12124.0  18000.0   54653.000   77519.0   8.00    0.0     0.0  152.202235   1.0  19.0  35.730559
        ProfExe              0.0          15237.0  18500.0   83149.500  113083.5   8.00    0.0     0.0  190.800000   1.0  25.0  33.591086
        Sales                0.0          16656.0  15200.0   74392.500   87446.5   4.00    0.0     0.0  141.268671   0.0  23.0  35.033102
        Self                 0.0          19324.0  23400.0  101250.000  125252.0   5.00    0.0     0.0  178.951539   1.0  24.0  34.554127
        NaN                  0.0          14756.0  11100.0   59701.500   80037.0   5.00    0.0     0.0  129.896035   1.0  16.0  31.626822
HomeImp Mgr                  0.0           6533.5  13250.0   74013.000  102377.5   8.00    0.0     0.0  162.637297   0.0  21.0  33.200548
        Office               0.0           5817.0  12000.0   62200.000   80147.0  10.00    0.0     0.0  175.082704   0.0  17.5  35.949877
        Other                0.0           4572.0  10800.0   53812.500   73319.0   7.00    0.0     0.0  168.666667   0.0  15.0  34.485533
        ProfExe              0.0           6934.0  14900.0   82889.500  107442.5   7.00    0.0     0.0  177.854846   0.0  22.0  32.870335
        Sales                0.0           3870.0   5500.0   70793.000   70735.0   4.00    1.0     0.0  156.625882   0.0  23.0  40.442569
        Self                 0.0          17239.0  24000.0   78943.500  167020.0   7.00    0.0     0.0  192.226177   1.0  21.0  35.871959
        NaN                  0.0          12251.5  21900.0   85337.000  100147.0   8.00    0.0     0.0  142.147140   0.0  13.0  31.203189
NaN     Mgr                  0.0          14283.0  20000.0  111000.000  168708.0  13.00    0.0     4.0  249.242763   1.0  27.0  32.698229
        Office               0.0              NaN  15500.0   25751.000   44461.0   2.00    0.0     0.0  211.033333   0.0  16.0  37.816428
        Other                0.0          11471.0  16100.0   67371.305   95085.0  12.00    0.0     0.0  246.918710   0.0  19.0  31.183363
        ProfExe              0.0          10107.5  18500.0   62772.000   90031.0   6.50    0.0     0.0  108.136393   1.0  17.5  27.740432
        Self                 1.0          28095.0  27700.0   61396.000  111627.0   5.00    0.0     1.0  101.466667   1.0  28.0  84.613889
        NaN                  0.0           5312.0  13300.0   47811.000   72583.0   0.95    0.0     0.0  118.976063   0.0   0.0  23.988913
2023-09-20 23:26:08: INFO: Impute missing values START.
2023-09-20 23:26:08: INFO: Impute missing categorical values to 'Unknwon'.
2023-09-20 23:26:08: INFO: Add new column for flag and imputed numbers.
2023-09-20 23:26:08: INFO: The NaNs will be imputed by the median of per Job and Reason.
2023-09-20 23:26:08: INFO: The original imputed columns will be deleted.
2023-09-20 23:26:08: INFO: Impute missing values END.
2023-09-20 23:26:08: INFO: First 5 observations of the imputed data
2023-09-20 23:26:08: INFO: 
                         0           1           2       3          4
TARGET_BAD_FLAG          1           1           1       1          0
TARGET_LOSS_AMT      641.0      1109.0       767.0  1425.0        NaN
LOAN                  1100        1300        1500    1500       1700
MORTDUE            25860.0     70053.0     13500.0     NaN    97800.0
VALUE              39025.0     68400.0     16700.0     NaN   112000.0
REASON             HomeImp     HomeImp     HomeImp     NaN    HomeImp
JOB                  Other       Other       Other     NaN     Office
YOJ                   10.5         7.0         4.0     NaN        3.0
DEROG                  0.0         0.0         0.0     NaN        0.0
DELINQ                 0.0         2.0         0.0     NaN        0.0
CLAGE            94.366667  121.833333  149.466667     NaN  93.333333
NINQ                   1.0         0.0         1.0     NaN        0.0
CLNO                   9.0        14.0        10.0     NaN       14.0
DEBTINC                NaN         NaN         NaN     NaN        NaN
2023-09-20 23:26:08: INFO: Confirming there are no NaNs (except the intentionally left TARGET_LOSS_AMT.)
2023-09-20 23:26:08: INFO: 
TARGET_BAD_FLAG       0
TARGET_LOSS_AMT    4771
LOAN                  0
REASON                0
JOB                   0
M_MORTDUE             0
IMP_MORTDUE           0
M_VALUE               0
IMP_VALUE             0
M_YOJ                 0
IMP_YOJ               0
M_DEROG               0
IMP_DEROG             0
M_DELINQ              0
IMP_DELINQ            0
M_CLAGE               0
IMP_CLAGE             0
M_NINQ                0
IMP_NINQ              0
M_CLNO                0
IMP_CLNO              0
M_DEBTINC             0
IMP_DEBTINC           0
2023-09-20 23:26:08: INFO: Creating dummy variables for categorical columns
2023-09-20 23:26:08: INFO: Completed creating dummy variables
2023-09-20 23:26:08: INFO: First 5 observations of the data with dummy variables
2023-09-20 23:26:08: INFO: 
   TARGET_BAD_FLAG  TARGET_LOSS_AMT  LOAN  M_MORTDUE  IMP_MORTDUE  M_VALUE  IMP_VALUE  M_YOJ  IMP_YOJ  M_DEROG  IMP_DEROG  M_DELINQ  IMP_DELINQ  M_CLAGE   IMP_CLAGE  M_NINQ  IMP_NINQ  M_CLNO  IMP_CLNO  M_DEBTINC  IMP_DEBTINC  z_REASON_DebtCon  z_REASON_HomeImp  z_JOB_Mgr  z_JOB_Office  z_JOB_Other  z_JOB_ProfExe  z_JOB_Sales  z_JOB_Self
0                1            641.0  1100          0      25860.0        0    39025.0      0    10.50        0        0.0         0         0.0        0   94.366667       0       1.0       0       9.0          1    34.485533                 0                 1          0             0            1              0            0           0
1                1           1109.0  1300          0      70053.0        0    68400.0      0     7.00        0        0.0         0         2.0        0  121.833333       0       0.0       0      14.0          1    34.485533                 0                 1          0             0            1              0            0           0
2                1            767.0  1500          0      13500.0        0    16700.0      0     4.00        0        0.0         0         0.0        0  149.466667       0       1.0       0      10.0          1    34.485533                 0                 1          0             0            1              0            0           0
3                1           1425.0  1500          1      47811.0        1    72583.0      1     0.95        1        0.0         1         0.0        1  118.976063       1       0.0       1       0.0          1    23.988913                 0                 0          0             0            0              0            0           0
4                0              NaN  1700          0      97800.0        0   112000.0      0     3.00        0        0.0         0         0.0        0   93.333333       0       0.0       0      14.0          1    35.949877                 0                 1          0             1            0              0            0           0
2023-09-20 23:26:08: INFO: LOSS AMOUNT statistics BEFORE capping
2023-09-20 23:26:08: INFO: 
count     1189.000000
mean     13414.576955
std      10839.455965
min        224.000000
25%       5639.000000
50%      11003.000000
75%      17634.000000
max      78987.000000
2023-09-20 23:26:08: INFO: LOSS AMOUNT statistics AFTER capping
2023-09-20 23:26:08: INFO: 
count     1189.000000
mean     12118.188394
std       7574.544843
min        224.000000
25%       5639.000000
50%      11003.000000
75%      17634.000000
max      25000.000000
2023-09-20 23:26:08: INFO: Data Split
2023-09-20 23:26:08: INFO: FLAG DATA
2023-09-20 23:26:08: INFO: TRAINING = (4768, 27)
2023-09-20 23:26:08: INFO: TEST = (1192, 27)
2023-09-20 23:26:08: INFO: LOSS AMOUNT DATA
2023-09-20 23:26:08: INFO: TRAINING = (951,)
2023-09-20 23:26:08: INFO: TEST = (238,)
2023-09-20 23:26:08: INFO: 
count      951.000000
mean     12254.549947
std       7625.029926
min        224.000000
25%       5781.000000
50%      11122.000000
75%      18082.000000
max      25000.000000
2023-09-20 23:26:08: INFO: 
count      238.000000
mean     11573.315126
std       7359.835410
min        320.000000
25%       5025.500000
50%      10390.000000
75%      16489.500000
max      25000.000000
2023-09-20 23:26:08: INFO: Variables Selection enabled for DT
2023-09-20 23:26:08: INFO: Important Variables Count from DT Categorical: 5
2023-09-20 23:26:08: INFO: Important Variables from DT Categorical: Index(['M_DEROG', 'IMP_DELINQ', 'IMP_CLAGE', 'M_DEBTINC', 'IMP_DEBTINC'], dtype='object')
2023-09-20 23:26:08: INFO: Important Variables from DT Regression: 3
2023-09-20 23:26:08: INFO: Important Variables from DT Regression: Index(['LOAN', 'IMP_CLNO', 'IMP_DEBTINC'], dtype='object')
2023-09-20 23:26:08: INFO: LR Categorical
2023-09-20 23:26:08: INFO: Using Features from LR.
2023-09-20 23:26:08: INFO: LR variables Accuracy Train: 0.8737
2023-09-20 23:26:08: INFO: LR variables  Accuracy Test:: 0.8708
2023-09-20 23:26:08: INFO: LR variables AUC Train: 0.89
2023-09-20 23:26:08: INFO: LR variables AUC Test: 0.86
2023-09-20 23:26:08: INFO: LR AUC Train Cross Validation Average: 0.89
2023-09-20 23:26:17: INFO: ------------------------------------
2023-09-20 23:26:17: INFO: LR Regression
2023-09-20 23:26:17: INFO: Using Features from LR.
2023-09-20 23:26:19: INFO: LR MEAN Train: 12254.549947423764
2023-09-20 23:26:19: INFO: LR MEAN Test: 11573.31512605042
2023-09-20 23:26:23: INFO: LR RMSE Train: 14850.132714394204 (Error Ratio: 1.211805637751397)
2023-09-20 23:26:23: INFO: LR RMSE Test: 15304.099149760965 (Error Ratio: 1.3223608778536504)
2023-09-20 23:26:23: INFO: LR RMSE Train Cross Validation Average: 14840.02 (Error Ratio: 1.2109807707269424)
2023-09-20 23:26:23: INFO: ------------------------------------
2023-09-20 23:26:23: INFO: DT Categorical
2023-09-20 23:26:23: INFO: Using Default Parameters for DT.
2023-09-20 23:26:23: INFO: DT Accuracy Train: 0.8867
2023-09-20 23:26:23: INFO: DT Accuracy Test:: 0.8817
2023-09-20 23:26:23: INFO: DT AUC Train: 0.85
2023-09-20 23:26:23: INFO: DT AUC Test: 0.82
2023-09-20 23:26:23: INFO: DT AUC Train Cross Validation Average: 0.84
2023-09-20 23:26:24: INFO: ------------------------------------
2023-09-20 23:26:24: INFO: DT Regression
2023-09-20 23:26:24: INFO: Using Default Parameters for DT.
2023-09-20 23:26:24: INFO: DT MEAN Train: 12254.549947423764
2023-09-20 23:26:24: INFO: DT MEAN Test: 11573.31512605042
2023-09-20 23:26:24: INFO: DT RMSE Train: 3769.5466630483907
2023-09-20 23:26:24: INFO: DT RMSE Test: 4545.020719655776
2023-09-20 23:26:24: INFO: DT RMSE Train Cross Validation Average: 4012.28
2023-09-20 23:26:24: INFO: ------------------------------------
2023-09-20 23:26:24: INFO: RF Categorical
2023-09-20 23:26:24: INFO: Using Default Parameters for RF.
2023-09-20 23:26:24: INFO: RF Accuracy Train: 0.8773
2023-09-20 23:26:24: INFO: RF Accuracy Test:: 0.8574
2023-09-20 23:26:24: INFO: RF AUC Train: 0.90
2023-09-20 23:26:24: INFO: RF AUC Test: 0.87
2023-09-20 23:26:25: INFO: RF AUC Train Cross Validation Average: 0.90
2023-09-20 23:26:28: INFO: ------------------------------------
2023-09-20 23:26:28: INFO: RF Regression
2023-09-20 23:26:28: INFO: Using Default Parameters for RF.
2023-09-20 23:26:28: INFO: RF MEAN Train: 12254.549947423764
2023-09-20 23:26:28: INFO: RF MEAN Test: 11573.31512605042
2023-09-20 23:26:29: INFO: RF RMSE Train: 3507.019371165894
2023-09-20 23:26:29: INFO: RF RMSE Test: 4119.984555160129
2023-09-20 23:26:29: INFO: RF RMSE Train Cross Validation Average: 3711.11
2023-09-20 23:26:29: INFO: ------------------------------------
2023-09-20 23:26:29: INFO: GB Categorical
2023-09-20 23:26:29: INFO: Using Default Parameters for GB.
2023-09-20 23:26:29: INFO: GB Accuracy Train: 0.9021
2023-09-20 23:26:29: INFO: GB Accuracy Test:: 0.8876
2023-09-20 23:26:29: INFO: GB AUC Train: 0.93
2023-09-20 23:26:29: INFO: GB AUC Test: 0.89
2023-09-20 23:26:30: INFO: GB AUC Train Cross Validation Average: 0.91
2023-09-20 23:26:34: INFO: ------------------------------------
2023-09-20 23:26:34: INFO: GB Regression
2023-09-20 23:26:34: INFO: Using Default Parameters for GB.
2023-09-20 23:26:34: INFO: GB MEAN Train: 12254.549947423764
2023-09-20 23:26:34: INFO: GB MEAN Test: 11573.31512605042
2023-09-20 23:26:35: INFO: GB RMSE Train: 2180.7653597372587
2023-09-20 23:26:35: INFO: GB RMSE Test: 2912.291566377496
2023-09-20 23:26:35: INFO: GB RMSE Train Cross Validation Average: 2972.67
2023-09-20 23:26:35: INFO: ------------------------------------
2023-09-20 23:26:47: INFO: TF-Relu-hl-1-do-True-ep-100 Accuracy Train: 0.9218
2023-09-20 23:26:47: INFO: TF-Relu-hl-1-do-True-ep-100 Accuracy Test: 0.9060
2023-09-20 23:26:47: INFO: TF-Relu-hl-1-do-True-ep-100 AUC Train: 0.955
2023-09-20 23:26:48: INFO: TF-Relu-hl-1-do-True-ep-100 AUC Test: 0.927
2023-09-20 23:26:56: INFO: ------------------------------------
2023-09-20 23:27:16: INFO: TF-Relu-hl-1-do-True-ep-800 MEAN Train: 12254.549947423764
2023-09-20 23:27:16: INFO: TF-Relu-hl-1-do-True-ep-800 MEAN Test: 11573.31512605042
2023-09-20 23:27:16: INFO: TF-Relu-hl-1-do-True-ep-800 RMSE Train: 5141.954096280494 (Error Ratio: 0.4195955068396021)
2023-09-20 23:27:16: INFO: TF-Relu-hl-1-do-True-ep-800 RMSE Test: 4574.936319949417 (Error Ratio: 0.3953004191211968)
2023-09-20 23:27:16: INFO: ------------------------------------
2023-09-20 23:27:27: INFO: TF-Relu-hl-1-do-False-ep-100 Accuracy Train: 0.9308
2023-09-20 23:27:27: INFO: TF-Relu-hl-1-do-False-ep-100 Accuracy Test: 0.9136
2023-09-20 23:27:28: INFO: TF-Relu-hl-1-do-False-ep-100 AUC Train: 0.960
2023-09-20 23:27:28: INFO: TF-Relu-hl-1-do-False-ep-100 AUC Test: 0.933
2023-09-20 23:27:33: INFO: ------------------------------------
2023-09-20 23:27:53: INFO: TF-Relu-hl-1-do-False-ep-800 MEAN Train: 12254.549947423764
2023-09-20 23:27:53: INFO: TF-Relu-hl-1-do-False-ep-800 MEAN Test: 11573.31512605042
2023-09-20 23:27:53: INFO: TF-Relu-hl-1-do-False-ep-800 RMSE Train: 5051.568846320092 (Error Ratio: 0.41221985858257226)
2023-09-20 23:27:53: INFO: TF-Relu-hl-1-do-False-ep-800 RMSE Test: 4494.691191179907 (Error Ratio: 0.3883667853355854)
2023-09-20 23:27:53: INFO: ------------------------------------
2023-09-20 23:28:06: INFO: TF-Relu-hl-2-do-True-ep-100 Accuracy Train: 0.9486
2023-09-20 23:28:06: INFO: TF-Relu-hl-2-do-True-ep-100 Accuracy Test: 0.9203
2023-09-20 23:28:06: INFO: TF-Relu-hl-2-do-True-ep-100 AUC Train: 0.981
2023-09-20 23:28:06: INFO: TF-Relu-hl-2-do-True-ep-100 AUC Test: 0.943
2023-09-20 23:28:10: INFO: ------------------------------------
2023-09-20 23:28:34: INFO: TF-Relu-hl-2-do-True-ep-800 MEAN Train: 12254.549947423764
2023-09-20 23:28:34: INFO: TF-Relu-hl-2-do-True-ep-800 MEAN Test: 11573.31512605042
2023-09-20 23:28:34: INFO: TF-Relu-hl-2-do-True-ep-800 RMSE Train: 3185.5244206819348 (Error Ratio: 0.25994625949944555)
2023-09-20 23:28:34: INFO: TF-Relu-hl-2-do-True-ep-800 RMSE Test: 3255.467570673575 (Error Ratio: 0.2812908432213887)
2023-09-20 23:28:34: INFO: ------------------------------------
2023-09-20 23:28:48: INFO: TF-Relu-hl-2-do-False-ep-100 Accuracy Train: 0.9557
2023-09-20 23:28:48: INFO: TF-Relu-hl-2-do-False-ep-100 Accuracy Test: 0.9144
2023-09-20 23:28:48: INFO: TF-Relu-hl-2-do-False-ep-100 AUC Train: 0.986
2023-09-20 23:28:48: INFO: TF-Relu-hl-2-do-False-ep-100 AUC Test: 0.936
2023-09-20 23:28:53: INFO: ------------------------------------
2023-09-20 23:29:13: INFO: TF-Relu-hl-2-do-False-ep-800 MEAN Train: 12254.549947423764
2023-09-20 23:29:13: INFO: TF-Relu-hl-2-do-False-ep-800 MEAN Test: 11573.31512605042
2023-09-20 23:29:13: INFO: TF-Relu-hl-2-do-False-ep-800 RMSE Train: 2238.9864195251507 (Error Ratio: 0.18270653994893105)
2023-09-20 23:29:13: INFO: TF-Relu-hl-2-do-False-ep-800 RMSE Test: 2258.0937713042945 (Error Ratio: 0.19511209594747336)
2023-09-20 23:29:13: INFO: ------------------------------------
2023-09-20 23:29:25: INFO: TF-Sigmoid-hl-1-do-True-ep-100 Accuracy Train: 0.8916
2023-09-20 23:29:25: INFO: TF-Sigmoid-hl-1-do-True-ep-100 Accuracy Test: 0.8842
2023-09-20 23:29:25: INFO: TF-Sigmoid-hl-1-do-True-ep-100 AUC Train: 0.914
2023-09-20 23:29:25: INFO: TF-Sigmoid-hl-1-do-True-ep-100 AUC Test: 0.899
2023-09-20 23:29:33: INFO: ------------------------------------
2023-09-20 23:29:55: INFO: TF-Sigmoid-hl-1-do-True-ep-800 MEAN Train: 12254.549947423764
2023-09-20 23:29:55: INFO: TF-Sigmoid-hl-1-do-True-ep-800 MEAN Test: 11573.31512605042
2023-09-20 23:29:55: INFO: TF-Sigmoid-hl-1-do-True-ep-800 RMSE Train: 13334.29416952483 (Error Ratio: 1.0881096594108752)
2023-09-20 23:29:55: INFO: TF-Sigmoid-hl-1-do-True-ep-800 RMSE Test: 12618.20993100479 (Error Ratio: 1.0902848314051703)
2023-09-20 23:29:55: INFO: ------------------------------------
2023-09-20 23:30:06: INFO: TF-Sigmoid-hl-1-do-False-ep-100 Accuracy Train: 0.8876
2023-09-20 23:30:06: INFO: TF-Sigmoid-hl-1-do-False-ep-100 Accuracy Test: 0.8876
2023-09-20 23:30:07: INFO: TF-Sigmoid-hl-1-do-False-ep-100 AUC Train: 0.915
2023-09-20 23:30:07: INFO: TF-Sigmoid-hl-1-do-False-ep-100 AUC Test: 0.899
2023-09-20 23:30:15: INFO: ------------------------------------
2023-09-20 23:30:33: INFO: TF-Sigmoid-hl-1-do-False-ep-800 MEAN Train: 12254.549947423764
2023-09-20 23:30:33: INFO: TF-Sigmoid-hl-1-do-False-ep-800 MEAN Test: 11573.31512605042
2023-09-20 23:30:33: INFO: TF-Sigmoid-hl-1-do-False-ep-800 RMSE Train: 13327.041949271468 (Error Ratio: 1.0875178612392185)
2023-09-20 23:30:33: INFO: TF-Sigmoid-hl-1-do-False-ep-800 RMSE Test: 12611.023392440644 (Error Ratio: 1.0896638737551043)
2023-09-20 23:30:33: INFO: ------------------------------------
2023-09-20 23:30:47: INFO: TF-Sigmoid-hl-2-do-True-ep-100 Accuracy Train: 0.8914
2023-09-20 23:30:47: INFO: TF-Sigmoid-hl-2-do-True-ep-100 Accuracy Test: 0.8834
2023-09-20 23:30:48: INFO: TF-Sigmoid-hl-2-do-True-ep-100 AUC Train: 0.914
2023-09-20 23:30:48: INFO: TF-Sigmoid-hl-2-do-True-ep-100 AUC Test: 0.898
2023-09-20 23:30:56: INFO: ------------------------------------
2023-09-20 23:31:19: INFO: TF-Sigmoid-hl-2-do-True-ep-800 MEAN Train: 12254.549947423764
2023-09-20 23:31:19: INFO: TF-Sigmoid-hl-2-do-True-ep-800 MEAN Test: 11573.31512605042
2023-09-20 23:31:19: INFO: TF-Sigmoid-hl-2-do-True-ep-800 RMSE Train: 13404.339857931742 (Error Ratio: 1.09382555176983)
2023-09-20 23:31:19: INFO: TF-Sigmoid-hl-2-do-True-ep-800 RMSE Test: 12687.631477164316 (Error Ratio: 1.0962832463280703)
2023-09-20 23:31:19: INFO: ------------------------------------
2023-09-20 23:31:31: INFO: TF-Sigmoid-hl-2-do-False-ep-100 Accuracy Train: 0.8943
2023-09-20 23:31:31: INFO: TF-Sigmoid-hl-2-do-False-ep-100 Accuracy Test: 0.8876
2023-09-20 23:31:31: INFO: TF-Sigmoid-hl-2-do-False-ep-100 AUC Train: 0.916
2023-09-20 23:31:31: INFO: TF-Sigmoid-hl-2-do-False-ep-100 AUC Test: 0.899
2023-09-20 23:31:39: INFO: ------------------------------------
2023-09-20 23:31:58: INFO: TF-Sigmoid-hl-2-do-False-ep-800 MEAN Train: 12254.549947423764
2023-09-20 23:31:58: INFO: TF-Sigmoid-hl-2-do-False-ep-800 MEAN Test: 11573.31512605042
2023-09-20 23:31:58: INFO: TF-Sigmoid-hl-2-do-False-ep-800 RMSE Train: 13443.213161657552 (Error Ratio: 1.096997704471691)
2023-09-20 23:31:58: INFO: TF-Sigmoid-hl-2-do-False-ep-800 RMSE Test: 12726.166278076667 (Error Ratio: 1.0996128714607702)
2023-09-20 23:31:58: INFO: ------------------------------------
2023-09-20 23:32:10: INFO: TF-Tanh-hl-1-do-True-ep-100 Accuracy Train: 0.8930
2023-09-20 23:32:10: INFO: TF-Tanh-hl-1-do-True-ep-100 Accuracy Test: 0.8909
2023-09-20 23:32:10: INFO: TF-Tanh-hl-1-do-True-ep-100 AUC Train: 0.916
2023-09-20 23:32:10: INFO: TF-Tanh-hl-1-do-True-ep-100 AUC Test: 0.898
2023-09-20 23:32:18: INFO: ------------------------------------
2023-09-20 23:32:38: INFO: TF-Tanh-hl-1-do-True-ep-800 MEAN Train: 12254.549947423764
2023-09-20 23:32:38: INFO: TF-Tanh-hl-1-do-True-ep-800 MEAN Test: 11573.31512605042
2023-09-20 23:32:38: INFO: TF-Tanh-hl-1-do-True-ep-800 RMSE Train: 13327.481371192313 (Error Ratio: 1.0875537190979507)
2023-09-20 23:32:38: INFO: TF-Tanh-hl-1-do-True-ep-800 RMSE Test: 12611.458830208 (Error Ratio: 1.0897014980453454)
2023-09-20 23:32:38: INFO: ------------------------------------
2023-09-20 23:32:50: INFO: TF-Tanh-hl-1-do-False-ep-100 Accuracy Train: 0.9008
2023-09-20 23:32:50: INFO: TF-Tanh-hl-1-do-False-ep-100 Accuracy Test: 0.9010
2023-09-20 23:32:50: INFO: TF-Tanh-hl-1-do-False-ep-100 AUC Train: 0.927
2023-09-20 23:32:51: INFO: TF-Tanh-hl-1-do-False-ep-100 AUC Test: 0.911
2023-09-20 23:32:59: INFO: ------------------------------------
2023-09-20 23:33:18: INFO: TF-Tanh-hl-1-do-False-ep-800 MEAN Train: 12254.549947423764
2023-09-20 23:33:18: INFO: TF-Tanh-hl-1-do-False-ep-800 MEAN Test: 11573.31512605042
2023-09-20 23:33:18: INFO: TF-Tanh-hl-1-do-False-ep-800 RMSE Train: 13321.450478549054 (Error Ratio: 1.087061584122033)
2023-09-20 23:33:18: INFO: TF-Tanh-hl-1-do-False-ep-800 RMSE Test: 12605.487393755448 (Error Ratio: 1.0891855321023538)
2023-09-20 23:33:18: INFO: ------------------------------------
2023-09-20 23:33:32: INFO: TF-Tanh-hl-2-do-True-ep-100 Accuracy Train: 0.9006
2023-09-20 23:33:32: INFO: TF-Tanh-hl-2-do-True-ep-100 Accuracy Test: 0.8901
2023-09-20 23:33:32: INFO: TF-Tanh-hl-2-do-True-ep-100 AUC Train: 0.924
2023-09-20 23:33:33: INFO: TF-Tanh-hl-2-do-True-ep-100 AUC Test: 0.904
2023-09-20 23:33:41: INFO: ------------------------------------
2023-09-20 23:34:04: INFO: TF-Tanh-hl-2-do-True-ep-800 MEAN Train: 12254.549947423764
2023-09-20 23:34:04: INFO: TF-Tanh-hl-2-do-True-ep-800 MEAN Test: 11573.31512605042
2023-09-20 23:34:04: INFO: TF-Tanh-hl-2-do-True-ep-800 RMSE Train: 13335.11795866266 (Error Ratio: 1.0881768825354587)
2023-09-20 23:34:04: INFO: TF-Tanh-hl-2-do-True-ep-800 RMSE Test: 12619.026270409724 (Error Ratio: 1.0903553677550444)
2023-09-20 23:34:04: INFO: ------------------------------------
2023-09-20 23:34:16: INFO: TF-Tanh-hl-2-do-False-ep-100 Accuracy Train: 0.9161
2023-09-20 23:34:16: INFO: TF-Tanh-hl-2-do-False-ep-100 Accuracy Test: 0.9102
2023-09-20 23:34:17: INFO: TF-Tanh-hl-2-do-False-ep-100 AUC Train: 0.954
2023-09-20 23:34:17: INFO: TF-Tanh-hl-2-do-False-ep-100 AUC Test: 0.927
2023-09-20 23:34:24: INFO: ------------------------------------
2023-09-20 23:34:45: INFO: TF-Tanh-hl-2-do-False-ep-800 MEAN Train: 12254.549947423764
2023-09-20 23:34:45: INFO: TF-Tanh-hl-2-do-False-ep-800 MEAN Test: 11573.31512605042
2023-09-20 23:34:45: INFO: TF-Tanh-hl-2-do-False-ep-800 RMSE Train: 13328.836042443529 (Error Ratio: 1.0876642634473581)
2023-09-20 23:34:45: INFO: TF-Tanh-hl-2-do-False-ep-800 RMSE Test: 12612.8012176156 (Error Ratio: 1.0898174879231792)
2023-09-20 23:34:45: INFO: ------------------------------------
2023-09-20 23:35:08: INFO: Execution time: 0:09:00.365649
